WARNING: leap-second auto-update failed due to the following exception: RuntimeError('Cache is locked after 5.02 s. This may indicate an astropy bug or that kill -9 was used. If you want to unlock the cache remove the directory /global/homes/m/mjwilson/.astropy/cache/download/py3/lock. Lock claims to be held by process .') [astropy.time.core]
0.4 /global/cscratch1/sd/mjwilson/desi/BGS/lumfn/
        RA                 DEC         REF_EPOCH ... URL_IMG ZGAMA RELEASE
------------------ ------------------- --------- ... ------- ----- -------
212.07182231138097 -2.1576366940231786       0.0 ...      --    --      --
212.13195284744052 -2.1397232701515705       0.0 ...      --    --      --
212.14293772910978  -2.127708100431868       0.0 ...      --    --      --
 212.1818402755797  -2.172762494351842       0.0 ...      --    --      --
 212.1896378780757   -2.21605466479506       0.0 ...      --    --      --
212.19086400924073 -2.1378687233392726       0.0 ...      --    --      --
212.22049043462837 -2.1925957102208287       0.0 ...      --    --      --
212.24237651229095 -2.1316196803977387       0.0 ...      --    --      --
212.42975347528574 -2.1309385078258107       0.0 ...      --    --      --
212.52413506605672 -2.2007204191482628       0.0 ...      --    --      --
               ...                 ...       ... ...     ...   ...     ...
 270.1839654501387   67.66183354426387       0.0 ...      --    --      --
 270.1865505816298   67.71500601802896       0.0 ...      --    --      --
 270.2266118967085   67.69993864416939       0.0 ...      --    --      --
 270.2380455930642   67.65339741878913       0.0 ...      --    --      --
 270.2531847816681    67.6440121040494       0.0 ...      --    --      --
 270.4184989314244   67.65117146022656       0.0 ...      --    --      --
 270.4605247170981   67.63255236763067       0.0 ...      --    --      --
  270.540951360059   67.63412950793015       0.0 ...      --    --      --
270.55016031932473    67.6372029279099    2015.5 ...      --    --      --
270.63685930580345    67.6276357043606       0.0 ...      --    --      --
 270.6559469306373   67.68230181231624       0.0 ...      --    --      --
Length = 169336 rows
        RA                 DEC         REF_EPOCH ...  GMR_DRED BGS_A_SUCCESS
------------------ ------------------- --------- ... --------- -------------
212.07182231138097 -2.1576366940231786       0.0 ... 1.0422554          True
212.13195284744052 -2.1397232701515705       0.0 ... 1.0510693          True
212.14293772910978  -2.127708100431868       0.0 ... 1.1330166          True
 212.1818402755797  -2.172762494351842       0.0 ... 0.9303684          True
 212.1896378780757   -2.21605466479506       0.0 ... 1.3692303          True
212.19086400924073 -2.1378687233392726       0.0 ... 1.2072697          True
212.22049043462837 -2.1925957102208287       0.0 ... 1.3921642          True
212.24237651229095 -2.1316196803977387       0.0 ... 1.2172737          True
212.42975347528574 -2.1309385078258107       0.0 ... 0.5911808          True
212.52413506605672 -2.2007204191482628       0.0 ... 1.2563515          True
               ...                 ...       ... ...       ...           ...
 270.1839654501387   67.66183354426387       0.0 ... 1.2018642          True
 270.1865505816298   67.71500601802896       0.0 ...  1.554493          True
 270.2266118967085   67.69993864416939       0.0 ... 1.3619423          True
 270.2380455930642   67.65339741878913       0.0 ...  0.480587         False
 270.2531847816681    67.6440121040494       0.0 ... 0.8313637          True
 270.4184989314244   67.65117146022656       0.0 ... 1.3787708          True
 270.4605247170981   67.63255236763067       0.0 ...  1.358242          True
  270.540951360059   67.63412950793015       0.0 ... 1.3714123          True
270.55016031932473    67.6372029279099    2015.5 ... 1.4615154          True
270.63685930580345    67.6276357043606       0.0 ... 1.4507904          True
 270.6559469306373   67.68230181231624       0.0 ... 0.7176094          True
Length = 169336 rows
        RA                 DEC         REF_EPOCH ... BGS_Z_SUCCESS BGS_Z_WEIGHT
------------------ ------------------- --------- ... ------------- ------------
212.07182231138097 -2.1576366940231786       0.0 ...          True    1.0120848
212.13195284744052 -2.1397232701515705       0.0 ...          True    1.0099682
212.14293772910978  -2.127708100431868       0.0 ...          True     1.002193
 212.1818402755797  -2.172762494351842       0.0 ...          True    1.0001806
 212.1896378780757   -2.21605466479506       0.0 ...          True    1.0094078
212.19086400924073 -2.1378687233392726       0.0 ...          True    1.0516955
212.22049043462837 -2.1925957102208287       0.0 ...          True    1.0092251
212.24237651229095 -2.1316196803977387       0.0 ...          True    1.0278267
212.42975347528574 -2.1309385078258107       0.0 ...          True    1.0028219
212.52413506605672 -2.2007204191482628       0.0 ...         False    1.0646192
               ...                 ...       ... ...           ...          ...
   270.15930701076   67.67181955372476       0.0 ...          True    1.0061275
 270.1839654501387   67.66183354426387       0.0 ...          True    1.0055047
 270.1865505816298   67.71500601802896       0.0 ...          True    1.0058861
 270.2266118967085   67.69993864416939       0.0 ...          True    1.0128266
 270.2531847816681    67.6440121040494       0.0 ...          True     1.011436
 270.4184989314244   67.65117146022656       0.0 ...          True    1.0018601
 270.4605247170981   67.63255236763067       0.0 ...          True    1.0106807
  270.540951360059   67.63412950793015       0.0 ...          True     1.008597
270.55016031932473    67.6372029279099    2015.5 ...          True    1.0062945
270.63685930580345    67.6276357043606       0.0 ...          True    1.0016971
 270.6559469306373   67.68230181231624       0.0 ...          True    1.0055567
Length = 154574 rows
0.00 complete after 0.00 minutes.
0.06 complete after 0.26 minutes.
0.13 complete after 0.52 minutes.
0.19 complete after 0.79 minutes.
0.26 complete after 1.04 minutes.
0.32 complete after 1.29 minutes.
0.39 complete after 1.55 minutes.
0.45 complete after 1.82 minutes.
0.52 complete after 2.10 minutes.
0.58 complete after 2.40 minutes.
0.65 complete after 2.68 minutes.
0.71 complete after 2.95 minutes.
0.78 complete after 3.19 minutes.
0.84 complete after 3.42 minutes.
0.91 complete after 3.66 minutes.
0.97 complete after 3.91 minutes.
1.04 complete after 4.16 minutes.
1.10 complete after 4.40 minutes.
1.16 complete after 4.64 minutes.
1.23 complete after 4.90 minutes.
1.29 complete after 5.14 minutes.
1.36 complete after 5.37 minutes.
1.42 complete after 5.61 minutes.
1.49 complete after 5.86 minutes.
1.55 complete after 6.14 minutes.
1.62 complete after 6.42 minutes.
1.68 complete after 6.70 minutes.
1.75 complete after 6.97 minutes.
1.81 complete after 7.25 minutes.
1.88 complete after 7.51 minutes.
1.94 complete after 7.79 minutes.
2.01 complete after 8.05 minutes.
2.07 complete after 8.33 minutes.
2.13 complete after 8.63 minutes.
2.20 complete after 8.90 minutes.
2.26 complete after 9.16 minutes.
2.33 complete after 9.40 minutes.
2.39 complete after 9.69 minutes.
2.46 complete after 9.97 minutes.
2.52 complete after 10.25 minutes.
2.59 complete after 10.52 minutes.
2.65 complete after 10.80 minutes.
2.72 complete after 11.07 minutes.
2.78 complete after 11.36 minutes.
2.85 complete after 11.63 minutes.
2.91 complete after 11.91 minutes.
2.98 complete after 12.18 minutes.
3.04 complete after 12.45 minutes.
3.11 complete after 12.72 minutes.
3.17 complete after 12.98 minutes.
3.23 complete after 13.24 minutes.
3.30 complete after 13.50 minutes.
3.36 complete after 13.77 minutes.
3.43 complete after 14.06 minutes.
3.49 complete after 14.37 minutes.
3.56 complete after 14.66 minutes.
3.62 complete after 14.94 minutes.
3.69 complete after 15.22 minutes.
3.75 complete after 15.49 minutes.
3.82 complete after 15.77 minutes.
3.88 complete after 16.04 minutes.
3.95 complete after 16.32 minutes.
4.01 complete after 16.58 minutes.
4.08 complete after 16.83 minutes.
4.14 complete after 17.10 minutes.
4.21 complete after 17.33 minutes.
4.27 complete after 17.58 minutes.
4.33 complete after 17.81 minutes.
4.40 complete after 18.07 minutes.
4.46 complete after 18.33 minutes.
4.53 complete after 18.60 minutes.
4.59 complete after 18.86 minutes.
4.66 complete after 19.12 minutes.
4.72 complete after 19.40 minutes.
4.79 complete after 19.67 minutes.
4.85 complete after 19.95 minutes.
4.92 complete after 20.23 minutes.
4.98 complete after 20.49 minutes.
5.05 complete after 20.78 minutes.
5.11 complete after 21.05 minutes.
5.18 complete after 21.33 minutes.
5.24 complete after 21.62 minutes.
5.30 complete after 21.88 minutes.
5.37 complete after 22.13 minutes.
5.43 complete after 22.37 minutes.
5.50 complete after 22.64 minutes.
5.56 complete after 22.88 minutes.
5.63 complete after 23.14 minutes.
5.69 complete after 23.43 minutes.
5.76 complete after 23.70 minutes.
5.82 complete after 23.98 minutes.
5.89 complete after 24.25 minutes.
5.95 complete after 24.56 minutes.
6.02 complete after 24.84 minutes.
6.08 complete after 25.11 minutes.
6.15 complete after 25.38 minutes.
6.21 complete after 25.67 minutes.
6.28 complete after 25.93 minutes.
6.34 complete after 26.17 minutes.
6.40 complete after 26.42 minutes.
6.47 complete after 26.67 minutes.
6.53 complete after 26.92 minutes.
6.60 complete after 27.20 minutes.
6.66 complete after 27.48 minutes.
6.73 complete after 27.75 minutes.
6.79 complete after 28.03 minutes.
6.86 complete after 28.29 minutes.
6.92 complete after 28.54 minutes.
6.99 complete after 28.81 minutes.
7.05 complete after 29.07 minutes.
7.12 complete after 29.35 minutes.
7.18 complete after 29.64 minutes.
7.25 complete after 29.92 minutes.
7.31 complete after 30.21 minutes.
7.38 complete after 30.49 minutes.
7.44 complete after 30.75 minutes.
7.50 complete after 31.01 minutes.
7.57 complete after 31.28 minutes.
7.63 complete after 31.55 minutes.
7.70 complete after 31.83 minutes.
7.76 complete after 32.10 minutes.
7.83 complete after 32.37 minutes.
7.89 complete after 32.63 minutes.
7.96 complete after 32.91 minutes.
8.02 complete after 33.18 minutes.
8.09 complete after 33.44 minutes.
8.15 complete after 33.72 minutes.
8.22 complete after 34.00 minutes.
8.28 complete after 34.28 minutes.
8.35 complete after 34.54 minutes.
8.41 complete after 34.81 minutes.
8.47 complete after 35.07 minutes.
8.54 complete after 35.34 minutes.
8.60 complete after 35.62 minutes.
8.67 complete after 35.90 minutes.
8.73 complete after 36.16 minutes.
8.80 complete after 36.42 minutes.
8.86 complete after 36.69 minutes.
8.93 complete after 36.97 minutes.
8.99 complete after 37.26 minutes.
9.06 complete after 37.53 minutes.
9.12 complete after 37.79 minutes.
9.19 complete after 38.08 minutes.
9.25 complete after 38.37 minutes.
9.32 complete after 38.67 minutes.
9.38 complete after 38.97 minutes.
9.45 complete after 39.23 minutes.
9.51 complete after 39.45 minutes.
9.57 complete after 39.69 minutes.
9.64 complete after 39.93 minutes.
9.70 complete after 40.17 minutes.
9.77 complete after 40.40 minutes.
9.83 complete after 40.65 minutes.
9.90 complete after 40.89 minutes.
9.96 complete after 41.14 minutes.
10.03 complete after 41.39 minutes.
10.09 complete after 41.66 minutes.
10.16 complete after 41.92 minutes.
10.22 complete after 42.20 minutes.
10.29 complete after 42.48 minutes.
10.35 complete after 42.76 minutes.
10.42 complete after 43.05 minutes.
10.48 complete after 43.34 minutes.
10.55 complete after 43.63 minutes.
10.61 complete after 43.91 minutes.
10.67 complete after 44.16 minutes.
10.74 complete after 44.41 minutes.
10.80 complete after 44.65 minutes.
10.87 complete after 44.89 minutes.
10.93 complete after 45.15 minutes.
11.00 complete after 45.41 minutes.
11.06 complete after 45.71 minutes.
11.13 complete after 45.99 minutes.
11.19 complete after 46.27 minutes.
11.26 complete after 46.55 minutes.
11.32 complete after 46.83 minutes.
11.39 complete after 47.10 minutes.
11.45 complete after 47.36 minutes.
11.52 complete after 47.61 minutes.
11.58 complete after 47.85 minutes.
11.64 complete after 48.11 minutes.
11.71 complete after 48.38 minutes.
11.77 complete after 48.63 minutes.
11.84 complete after 48.89 minutes.
11.90 complete after 49.13 minutes.
11.97 complete after 49.43 minutes.
12.03 complete after 49.72 minutes.
12.10 complete after 50.00 minutes.
12.16 complete after 50.30 minutes.
12.23 complete after 50.56 minutes.
12.29 complete after 50.84 minutes.
12.36 complete after 51.13 minutes.
12.42 complete after 51.38 minutes.
12.49 complete after 51.62 minutes.
12.55 complete after 51.85 minutes.
12.62 complete after 52.11 minutes.
12.68 complete after 52.36 minutes.
12.74 complete after 52.63 minutes.
12.81 complete after 52.89 minutes.
12.87 complete after 53.15 minutes.
12.94 complete after 53.42 minutes.
13.00 complete after 53.70 minutes.
13.07 complete after 53.97 minutes.
13.13 complete after 54.24 minutes.
13.20 complete after 54.48 minutes.
13.26 complete after 54.72 minutes.
13.33 complete after 54.99 minutes.
13.39 complete after 55.24 minutes.
13.46 complete after 55.49 minutes.
13.52 complete after 55.75 minutes.
13.59 complete after 56.01 minutes.
13.65 complete after 56.27 minutes.
13.72 complete after 56.56 minutes.
13.78 complete after 56.81 minutes.
13.84 complete after 57.07 minutes.
13.91 complete after 57.33 minutes.
13.97 complete after 57.61 minutes.
14.04 complete after 57.88 minutes.
14.10 complete after 58.16 minutes.
14.17 complete after 58.42 minutes.
14.23 complete after 58.68 minutes.
14.30 complete after 58.95 minutes.
14.36 complete after 59.20 minutes.
14.43 complete after 59.47 minutes.
14.49 complete after 59.73 minutes.
14.56 complete after 59.95 minutes.
14.62 complete after 60.20 minutes.
14.69 complete after 60.46 minutes.
14.75 complete after 60.73 minutes.
14.81 complete after 60.99 minutes.
14.88 complete after 61.26 minutes.
14.94 complete after 61.55 minutes.
15.01 complete after 61.83 minutes.
15.07 complete after 62.10 minutes.
15.14 complete after 62.38 minutes.
15.20 complete after 62.65 minutes.
15.27 complete after 62.93 minutes.
15.33 complete after 63.21 minutes.
15.40 complete after 63.48 minutes.
15.46 complete after 63.74 minutes.
15.53 complete after 63.97 minutes.
15.59 complete after 64.22 minutes.
15.66 complete after 64.46 minutes.
15.72 complete after 64.72 minutes.
15.79 complete after 64.96 minutes.
15.85 complete after 65.22 minutes.
15.91 complete after 65.51 minutes.
15.98 complete after 65.77 minutes.
16.04 complete after 66.04 minutes.
16.11 complete after 66.32 minutes.
16.17 complete after 66.60 minutes.
16.24 complete after 66.88 minutes.
16.30 complete after 67.14 minutes.
16.37 complete after 67.40 minutes.
16.43 complete after 67.67 minutes.
16.50 complete after 67.94 minutes.
16.56 complete after 68.22 minutes.
16.63 complete after 68.48 minutes.
16.69 complete after 68.77 minutes.
16.76 complete after 69.06 minutes.
16.82 complete after 69.35 minutes.
16.89 complete after 69.62 minutes.
16.95 complete after 69.91 minutes.
17.01 complete after 70.17 minutes.
17.08 complete after 70.44 minutes.
17.14 complete after 70.71 minutes.
17.21 complete after 70.99 minutes.
17.27 complete after 71.26 minutes.
17.34 complete after 71.51 minutes.
17.40 complete after 71.76 minutes.
17.47 complete after 72.02 minutes.
17.53 complete after 72.29 minutes.
17.60 complete after 72.58 minutes.
17.66 complete after 72.85 minutes.
17.73 complete after 73.10 minutes.
17.79 complete after 73.37 minutes.
17.86 complete after 73.65 minutes.
17.92 complete after 73.93 minutes.
17.98 complete after 74.19 minutes.
18.05 complete after 74.44 minutes.
18.11 complete after 74.72 minutes.
18.18 complete after 74.99 minutes.
18.24 complete after 75.28 minutes.
18.31 complete after 75.56 minutes.
18.37 complete after 75.87 minutes.
18.44 complete after 76.14 minutes.
18.50 complete after 76.40 minutes.
18.57 complete after 76.65 minutes.
18.63 complete after 76.90 minutes.
18.70 complete after 77.14 minutes.
18.76 complete after 77.41 minutes.
18.83 complete after 77.68 minutes.
18.89 complete after 77.96 minutes.
18.96 complete after 78.25 minutes.
19.02 complete after 78.52 minutes.
19.08 complete after 78.82 minutes.
19.15 complete after 79.11 minutes.
19.21 complete after 79.40 minutes.
19.28 complete after 79.68 minutes.
19.34 complete after 79.97 minutes.
19.41 complete after 80.27 minutes.
19.47 complete after 80.54 minutes.
19.54 complete after 80.83 minutes.
19.60 complete after 81.10 minutes.
19.67 complete after 81.38 minutes.
19.73 complete after 81.65 minutes.
19.80 complete after 81.91 minutes.
19.86 complete after 82.19 minutes.
19.93 complete after 82.45 minutes.
19.99 complete after 82.76 minutes.
20.06 complete after 83.04 minutes.
20.12 complete after 83.33 minutes.
20.18 complete after 83.63 minutes.
20.25 complete after 83.90 minutes.
20.31 complete after 84.19 minutes.
20.38 complete after 84.48 minutes.
20.44 complete after 84.75 minutes.
20.51 complete after 85.04 minutes.
20.57 complete after 85.32 minutes.
20.64 complete after 85.60 minutes.
20.70 complete after 85.87 minutes.
20.77 complete after 86.14 minutes.
20.83 complete after 86.40 minutes.
20.90 complete after 86.67 minutes.
20.96 complete after 86.93 minutes.
21.03 complete after 87.21 minutes.
21.09 complete after 87.50 minutes.
21.15 complete after 87.79 minutes.
21.22 complete after 88.10 minutes.
21.28 complete after 88.37 minutes.
21.35 complete after 88.64 minutes.
21.41 complete after 88.92 minutes.
21.48 complete after 89.20 minutes.
21.54 complete after 89.48 minutes.
21.61 complete after 89.76 minutes.
21.67 complete after 90.03 minutes.
21.74 complete after 90.30 minutes.
21.80 complete after 90.57 minutes.
21.87 complete after 90.86 minutes.
21.93 complete after 91.14 minutes.
22.00 complete after 91.42 minutes.
22.06 complete after 91.70 minutes.
22.13 complete after 91.97 minutes.
22.19 complete after 92.26 minutes.
22.25 complete after 92.53 minutes.
22.32 complete after 92.81 minutes.
22.38 complete after 93.09 minutes.
22.45 complete after 93.35 minutes.
22.51 complete after 93.62 minutes.
22.58 complete after 93.89 minutes.
22.64 complete after 94.18 minutes.
22.71 complete after 94.46 minutes.
22.77 complete after 94.73 minutes.
22.84 complete after 95.01 minutes.
22.90 complete after 95.29 minutes.
22.97 complete after 95.58 minutes.
23.03 complete after 95.84 minutes.
23.10 complete after 96.13 minutes.
23.16 complete after 96.40 minutes.
23.23 complete after 96.64 minutes.
23.29 complete after 96.89 minutes.
23.35 complete after 97.13 minutes.
23.42 complete after 97.38 minutes.
23.48 complete after 97.63 minutes.
23.55 complete after 97.89 minutes.
23.61 complete after 98.15 minutes.
23.68 complete after 98.40 minutes.
23.74 complete after 98.65 minutes.
23.81 complete after 98.89 minutes.
23.87 complete after 99.14 minutes.
23.94 complete after 99.40 minutes.
24.00 complete after 99.63 minutes.
24.07 complete after 99.87 minutes.
24.13 complete after 100.11 minutes.
24.20 complete after 100.36 minutes.
24.26 complete after 100.59 minutes.
24.32 complete after 100.84 minutes.
24.39 complete after 101.08 minutes.
24.45 complete after 101.32 minutes.
24.52 complete after 101.54 minutes.
24.58 complete after 101.76 minutes.
24.65 complete after 102.01 minutes.
24.71 complete after 102.25 minutes.
24.78 complete after 102.49 minutes.
24.84 complete after 102.74 minutes.
24.91 complete after 102.99 minutes.
24.97 complete after 103.24 minutes.
25.04 complete after 103.49 minutes.
25.10 complete after 103.73 minutes.
25.17 complete after 103.99 minutes.
25.23 complete after 104.25 minutes.
25.30 complete after 104.49 minutes.
25.36 complete after 104.71 minutes.
25.42 complete after 104.95 minutes.
25.49 complete after 105.18 minutes.
25.55 complete after 105.42 minutes.
25.62 complete after 105.65 minutes.
25.68 complete after 105.90 minutes.
25.75 complete after 106.13 minutes.
25.81 complete after 106.36 minutes.
25.88 complete after 106.61 minutes.
25.94 complete after 106.86 minutes.
26.01 complete after 107.10 minutes.
26.07 complete after 107.33 minutes.
26.14 complete after 107.57 minutes.
26.20 complete after 107.82 minutes.
26.27 complete after 108.09 minutes.
26.33 complete after 108.34 minutes.
26.40 complete after 108.59 minutes.
26.46 complete after 108.85 minutes.
26.52 complete after 109.09 minutes.
26.59 complete after 109.33 minutes.
26.65 complete after 109.57 minutes.
26.72 complete after 109.81 minutes.
26.78 complete after 110.07 minutes.
26.85 complete after 110.31 minutes.
26.91 complete after 110.54 minutes.
26.98 complete after 110.78 minutes.
27.04 complete after 111.01 minutes.
27.11 complete after 111.24 minutes.
27.17 complete after 111.47 minutes.
27.24 complete after 111.70 minutes.
27.30 complete after 111.94 minutes.
27.37 complete after 112.19 minutes.
27.43 complete after 112.45 minutes.
27.49 complete after 112.69 minutes.
27.56 complete after 112.95 minutes.
27.62 complete after 113.21 minutes.
27.69 complete after 113.45 minutes.
27.75 complete after 113.71 minutes.
27.82 complete after 113.95 minutes.
27.88 complete after 114.19 minutes.
27.95 complete after 114.43 minutes.
28.01 complete after 114.65 minutes.
28.08 complete after 114.86 minutes.
28.14 complete after 115.08 minutes.
28.21 complete after 115.30 minutes.
28.27 complete after 115.52 minutes.
28.34 complete after 115.76 minutes.
28.40 complete after 116.00 minutes.
28.47 complete after 116.25 minutes.
28.53 complete after 116.48 minutes.
28.59 complete after 116.72 minutes.
28.66 complete after 116.96 minutes.
28.72 complete after 117.20 minutes.
28.79 complete after 117.44 minutes.
28.85 complete after 117.69 minutes.
28.92 complete after 117.95 minutes.
28.98 complete after 118.19 minutes.
29.05 complete after 118.46 minutes.
29.11 complete after 118.72 minutes.
29.18 complete after 118.99 minutes.
29.24 complete after 119.24 minutes.
29.31 complete after 119.50 minutes.
29.37 complete after 119.75 minutes.
29.44 complete after 120.01 minutes.
29.50 complete after 120.27 minutes.
29.57 complete after 120.56 minutes.
29.63 complete after 120.80 minutes.
29.69 complete after 121.08 minutes.
29.76 complete after 121.33 minutes.
29.82 complete after 121.58 minutes.
29.89 complete after 121.83 minutes.
29.95 complete after 122.07 minutes.
30.02 complete after 122.31 minutes.
30.08 complete after 122.55 minutes.
30.15 complete after 122.78 minutes.
30.21 complete after 123.01 minutes.
30.28 complete after 123.26 minutes.
30.34 complete after 123.50 minutes.
30.41 complete after 123.75 minutes.
30.47 complete after 123.99 minutes.
30.54 complete after 124.24 minutes.
30.60 complete after 124.47 minutes.
30.66 complete after 124.73 minutes.
30.73 complete after 124.97 minutes.
30.79 complete after 125.20 minutes.
30.86 complete after 125.44 minutes.
30.92 complete after 125.67 minutes.
30.99 complete after 125.92 minutes.
31.05 complete after 126.14 minutes.
31.12 complete after 126.38 minutes.
31.18 complete after 126.64 minutes.
31.25 complete after 126.89 minutes.
31.31 complete after 127.14 minutes.
31.38 complete after 127.37 minutes.
31.44 complete after 127.62 minutes.
31.51 complete after 127.88 minutes.
31.57 complete after 128.14 minutes.
31.64 complete after 128.39 minutes.
31.70 complete after 128.63 minutes.
31.76 complete after 128.89 minutes.
31.83 complete after 129.14 minutes.
31.89 complete after 129.39 minutes.
31.96 complete after 129.63 minutes.
32.02 complete after 129.88 minutes.
32.09 complete after 130.12 minutes.
32.15 complete after 130.36 minutes.
32.22 complete after 130.60 minutes.
32.28 complete after 130.85 minutes.
32.35 complete after 131.10 minutes.
32.41 complete after 131.34 minutes.
32.48 complete after 131.58 minutes.
32.54 complete after 131.82 minutes.
32.61 complete after 132.08 minutes.
32.67 complete after 132.33 minutes.
32.74 complete after 132.57 minutes.
32.80 complete after 132.81 minutes.
32.86 complete after 133.05 minutes.
32.93 complete after 133.28 minutes.
32.99 complete after 133.52 minutes.
33.06 complete after 133.77 minutes.
33.12 complete after 134.03 minutes.
33.19 complete after 134.28 minutes.
33.25 complete after 134.52 minutes.
33.32 complete after 134.78 minutes.
33.38 complete after 135.03 minutes.
33.45 complete after 135.29 minutes.
33.51 complete after 135.53 minutes.
33.58 complete after 135.77 minutes.
33.64 complete after 136.00 minutes.
33.71 complete after 136.23 minutes.
33.77 complete after 136.46 minutes.
33.83 complete after 136.70 minutes.
33.90 complete after 136.95 minutes.
33.96 complete after 137.20 minutes.
34.03 complete after 137.47 minutes.
34.09 complete after 137.76 minutes.
34.16 complete after 138.01 minutes.
34.22 complete after 138.28 minutes.
34.29 complete after 138.52 minutes.
34.35 complete after 138.79 minutes.
34.42 complete after 139.06 minutes.
34.48 complete after 139.33 minutes.
34.55 complete after 139.59 minutes.
34.61 complete after 139.85 minutes.
34.68 complete after 140.10 minutes.
34.74 complete after 140.36 minutes.
34.81 complete after 140.61 minutes.
34.87 complete after 140.86 minutes.
34.93 complete after 141.11 minutes.
35.00 complete after 141.37 minutes.
35.06 complete after 141.63 minutes.
35.13 complete after 141.87 minutes.
35.19 complete after 142.12 minutes.
35.26 complete after 142.39 minutes.
35.32 complete after 142.64 minutes.
35.39 complete after 142.88 minutes.
35.45 complete after 143.14 minutes.
35.52 complete after 143.39 minutes.
35.58 complete after 143.64 minutes.
35.65 complete after 143.90 minutes.
35.71 complete after 144.14 minutes.
35.78 complete after 144.35 minutes.
35.84 complete after 144.57 minutes.
35.91 complete after 144.80 minutes.
35.97 complete after 145.02 minutes.
36.03 complete after 145.23 minutes.
36.10 complete after 145.45 minutes.
36.16 complete after 145.68 minutes.
36.23 complete after 145.91 minutes.
36.29 complete after 146.14 minutes.
36.36 complete after 146.38 minutes.
36.42 complete after 146.60 minutes.
36.49 complete after 146.84 minutes.
36.55 complete after 147.10 minutes.
36.62 complete after 147.33 minutes.
36.68 complete after 147.56 minutes.
36.75 complete after 147.82 minutes.
36.81 complete after 148.03 minutes.
36.88 complete after 148.26 minutes.
36.94 complete after 148.50 minutes.
37.00 complete after 148.74 minutes.
37.07 complete after 149.00 minutes.
37.13 complete after 149.26 minutes.
37.20 complete after 149.50 minutes.
37.26 complete after 149.74 minutes.
37.33 complete after 149.99 minutes.
37.39 complete after 150.24 minutes.
37.46 complete after 150.49 minutes.
37.52 complete after 150.73 minutes.
37.59 complete after 150.98 minutes.
37.65 complete after 151.24 minutes.
37.72 complete after 151.48 minutes.
37.78 complete after 151.73 minutes.
37.85 complete after 151.98 minutes.
37.91 complete after 152.20 minutes.
37.98 complete after 152.40 minutes.
38.04 complete after 152.65 minutes.
38.10 complete after 152.91 minutes.
38.17 complete after 153.14 minutes.
38.23 complete after 153.38 minutes.
38.30 complete after 153.62 minutes.
38.36 complete after 153.87 minutes.
38.43 complete after 154.12 minutes.
38.49 complete after 154.36 minutes.
38.56 complete after 154.61 minutes.
38.62 complete after 154.85 minutes.
38.69 complete after 155.09 minutes.
38.75 complete after 155.32 minutes.
38.82 complete after 155.55 minutes.
38.88 complete after 155.80 minutes.
38.95 complete after 156.04 minutes.
39.01 complete after 156.29 minutes.
39.08 complete after 156.53 minutes.
39.14 complete after 156.77 minutes.
39.20 complete after 157.01 minutes.
39.27 complete after 157.25 minutes.
39.33 complete after 157.49 minutes.
39.40 complete after 157.72 minutes.
39.46 complete after 157.99 minutes.
39.53 complete after 158.24 minutes.
39.59 complete after 158.48 minutes.
39.66 complete after 158.72 minutes.
39.72 complete after 158.98 minutes.
39.79 complete after 159.22 minutes.
39.85 complete after 159.46 minutes.
39.92 complete after 159.69 minutes.
39.98 complete after 159.91 minutes.
40.05 complete after 160.13 minutes.
40.11 complete after 160.36 minutes.
40.17 complete after 160.60 minutes.
40.24 complete after 160.83 minutes.
40.30 complete after 161.06 minutes.
40.37 complete after 161.31 minutes.
40.43 complete after 161.55 minutes.
40.50 complete after 161.77 minutes.
40.56 complete after 162.00 minutes.
40.63 complete after 162.24 minutes.
40.69 complete after 162.47 minutes.
40.76 complete after 162.70 minutes.
40.82 complete after 162.92 minutes.
40.89 complete after 163.15 minutes.
40.95 complete after 163.39 minutes.
41.02 complete after 163.62 minutes.
41.08 complete after 163.86 minutes.
41.15 complete after 164.11 minutes.
41.21 complete after 164.34 minutes.
41.27 complete after 164.59 minutes.
41.34 complete after 164.82 minutes.
41.40 complete after 165.05 minutes.
41.47 complete after 165.28 minutes.
41.53 complete after 165.51 minutes.
41.60 complete after 165.75 minutes.
41.66 complete after 165.99 minutes.
41.73 complete after 166.23 minutes.
41.79 complete after 166.47 minutes.
41.86 complete after 166.72 minutes.
41.92 complete after 167.00 minutes.
41.99 complete after 167.30 minutes.
42.05 complete after 167.57 minutes.
42.12 complete after 167.85 minutes.
42.18 complete after 168.13 minutes.
42.25 complete after 168.41 minutes.
42.31 complete after 168.70 minutes.
42.37 complete after 168.95 minutes.
42.44 complete after 169.19 minutes.
42.50 complete after 169.42 minutes.
42.57 complete after 169.64 minutes.
42.63 complete after 169.89 minutes.
42.70 complete after 170.14 minutes.
42.76 complete after 170.37 minutes.
42.83 complete after 170.62 minutes.
42.89 complete after 170.87 minutes.
42.96 complete after 171.10 minutes.
43.02 complete after 171.35 minutes.
43.09 complete after 171.61 minutes.
43.15 complete after 171.83 minutes.
43.22 complete after 172.06 minutes.
43.28 complete after 172.29 minutes.
43.34 complete after 172.53 minutes.
43.41 complete after 172.76 minutes.
43.47 complete after 173.00 minutes.
43.54 complete after 173.25 minutes.
43.60 complete after 173.50 minutes.
43.67 complete after 173.74 minutes.
43.73 complete after 174.01 minutes.
43.80 complete after 174.27 minutes.
43.86 complete after 174.52 minutes.
43.93 complete after 174.77 minutes.
43.99 complete after 175.01 minutes.
44.06 complete after 175.27 minutes.
44.12 complete after 175.53 minutes.
44.19 complete after 175.79 minutes.
44.25 complete after 176.03 minutes.
44.32 complete after 176.29 minutes.
44.38 complete after 176.53 minutes.
44.44 complete after 176.77 minutes.
44.51 complete after 177.02 minutes.
44.57 complete after 177.28 minutes.
44.64 complete after 177.55 minutes.
44.70 complete after 177.80 minutes.
44.77 complete after 178.03 minutes.
44.83 complete after 178.27 minutes.
44.90 complete after 178.53 minutes.
44.96 complete after 178.77 minutes.
45.03 complete after 179.03 minutes.
45.09 complete after 179.29 minutes.
45.16 complete after 179.54 minutes.
45.22 complete after 179.79 minutes.
45.29 complete after 180.05 minutes.
45.35 complete after 180.29 minutes.
45.42 complete after 180.53 minutes.
45.48 complete after 180.75 minutes.
45.54 complete after 180.97 minutes.
45.61 complete after 181.21 minutes.
45.67 complete after 181.44 minutes.
45.74 complete after 181.66 minutes.
45.80 complete after 181.91 minutes.
45.87 complete after 182.13 minutes.
45.93 complete after 182.35 minutes.
46.00 complete after 182.57 minutes.
46.06 complete after 182.80 minutes.
46.13 complete after 183.02 minutes.
46.19 complete after 183.23 minutes.
46.26 complete after 183.46 minutes.
46.32 complete after 183.69 minutes.
46.39 complete after 183.93 minutes.
46.45 complete after 184.16 minutes.
46.51 complete after 184.39 minutes.
46.58 complete after 184.61 minutes.
46.64 complete after 184.82 minutes.
46.71 complete after 185.04 minutes.
46.77 complete after 185.27 minutes.
46.84 complete after 185.50 minutes.
46.90 complete after 185.73 minutes.
46.97 complete after 185.97 minutes.
47.03 complete after 186.21 minutes.
47.10 complete after 186.42 minutes.
47.16 complete after 186.63 minutes.
47.23 complete after 186.83 minutes.
47.29 complete after 187.06 minutes.
47.36 complete after 187.27 minutes.
47.42 complete after 187.50 minutes.
47.49 complete after 187.72 minutes.
47.55 complete after 187.95 minutes.
47.61 complete after 188.17 minutes.
47.68 complete after 188.37 minutes.
47.74 complete after 188.58 minutes.
47.81 complete after 188.81 minutes.
47.87 complete after 189.01 minutes.
47.94 complete after 189.24 minutes.
48.00 complete after 189.47 minutes.
48.07 complete after 189.69 minutes.
48.13 complete after 189.89 minutes.
48.20 complete after 190.09 minutes.
48.26 complete after 190.31 minutes.
48.33 complete after 190.50 minutes.
48.39 complete after 190.69 minutes.
48.46 complete after 190.88 minutes.
48.52 complete after 191.10 minutes.
48.59 complete after 191.32 minutes.
48.65 complete after 191.53 minutes.
48.71 complete after 191.76 minutes.
48.78 complete after 191.98 minutes.
48.84 complete after 192.22 minutes.
48.91 complete after 192.41 minutes.
48.97 complete after 192.61 minutes.
49.04 complete after 192.78 minutes.
49.10 complete after 192.99 minutes.
49.17 complete after 193.19 minutes.
49.23 complete after 193.41 minutes.
49.30 complete after 193.67 minutes.
49.36 complete after 193.94 minutes.
49.43 complete after 194.21 minutes.
49.49 complete after 194.44 minutes.
49.56 complete after 194.68 minutes.
49.62 complete after 194.91 minutes.
49.68 complete after 195.15 minutes.
49.75 complete after 195.40 minutes.
49.81 complete after 195.61 minutes.
49.88 complete after 195.82 minutes.
49.94 complete after 196.04 minutes.
50.01 complete after 196.26 minutes.
50.07 complete after 196.47 minutes.
50.14 complete after 196.69 minutes.
50.20 complete after 196.93 minutes.
50.27 complete after 197.15 minutes.
50.33 complete after 197.37 minutes.
50.40 complete after 197.59 minutes.
50.46 complete after 197.80 minutes.
50.53 complete after 198.01 minutes.
50.59 complete after 198.23 minutes.
50.66 complete after 198.44 minutes.
50.72 complete after 198.65 minutes.
50.78 complete after 198.88 minutes.
50.85 complete after 199.12 minutes.
50.91 complete after 199.35 minutes.
50.98 complete after 199.59 minutes.
51.04 complete after 199.83 minutes.
51.11 complete after 200.07 minutes.
51.17 complete after 200.31 minutes.
51.24 complete after 200.55 minutes.
51.30 complete after 200.78 minutes.
51.37 complete after 201.02 minutes.
51.43 complete after 201.24 minutes.
51.50 complete after 201.49 minutes.
51.56 complete after 201.71 minutes.
51.63 complete after 201.93 minutes.
51.69 complete after 202.17 minutes.
51.76 complete after 202.40 minutes.
51.82 complete after 202.64 minutes.
51.88 complete after 202.86 minutes.
51.95 complete after 203.07 minutes.
52.01 complete after 203.29 minutes.
52.08 complete after 203.52 minutes.
52.14 complete after 203.73 minutes.
52.21 complete after 203.97 minutes.
52.27 complete after 204.21 minutes.
52.34 complete after 204.44 minutes.
52.40 complete after 204.68 minutes.
52.47 complete after 204.93 minutes.
52.53 complete after 205.16 minutes.
52.60 complete after 205.40 minutes.
52.66 complete after 205.63 minutes.
52.73 complete after 205.86 minutes.
52.79 complete after 206.08 minutes.
52.85 complete after 206.31 minutes.
52.92 complete after 206.54 minutes.
52.98 complete after 206.77 minutes.
53.05 complete after 206.99 minutes.
53.11 complete after 207.22 minutes.
53.18 complete after 207.45 minutes.
53.24 complete after 207.67 minutes.
53.31 complete after 207.92 minutes.
53.37 complete after 208.15 minutes.
53.44 complete after 208.39 minutes.
53.50 complete after 208.61 minutes.
53.57 complete after 208.84 minutes.
53.63 complete after 209.07 minutes.
53.70 complete after 209.30 minutes.
53.76 complete after 209.53 minutes.
53.83 complete after 209.77 minutes.
53.89 complete after 209.99 minutes.
53.95 complete after 210.21 minutes.
54.02 complete after 210.44 minutes.
54.08 complete after 210.67 minutes.
54.15 complete after 210.89 minutes.
54.21 complete after 211.13 minutes.
54.28 complete after 211.36 minutes.
54.34 complete after 211.59 minutes.
54.41 complete after 211.82 minutes.
54.47 complete after 212.05 minutes.
54.54 complete after 212.26 minutes.
54.60 complete after 212.47 minutes.
54.67 complete after 212.72 minutes.
54.73 complete after 212.94 minutes.
54.80 complete after 213.15 minutes.
54.86 complete after 213.38 minutes.
54.93 complete after 213.61 minutes.
54.99 complete after 213.86 minutes.
55.05 complete after 214.10 minutes.
55.12 complete after 214.33 minutes.
55.18 complete after 214.56 minutes.
55.25 complete after 214.78 minutes.
55.31 complete after 215.00 minutes.
55.38 complete after 215.21 minutes.
55.44 complete after 215.43 minutes.
55.51 complete after 215.67 minutes.
55.57 complete after 215.90 minutes.
55.64 complete after 216.14 minutes.
55.70 complete after 216.38 minutes.
55.77 complete after 216.60 minutes.
55.83 complete after 216.83 minutes.
55.90 complete after 217.06 minutes.
55.96 complete after 217.28 minutes.
56.02 complete after 217.51 minutes.
56.09 complete after 217.75 minutes.
56.15 complete after 217.98 minutes.
56.22 complete after 218.24 minutes.
56.28 complete after 218.49 minutes.
56.35 complete after 218.73 minutes.
56.41 complete after 218.99 minutes.
56.48 complete after 219.24 minutes.
56.54 complete after 219.51 minutes.
56.61 complete after 219.78 minutes.
56.67 complete after 220.02 minutes.
56.74 complete after 220.28 minutes.
56.80 complete after 220.53 minutes.
56.87 complete after 220.77 minutes.
56.93 complete after 221.01 minutes.
57.00 complete after 221.24 minutes.
57.06 complete after 221.47 minutes.
57.12 complete after 221.70 minutes.
57.19 complete after 221.91 minutes.
57.25 complete after 222.13 minutes.
57.32 complete after 222.35 minutes.
57.38 complete after 222.57 minutes.
57.45 complete after 222.80 minutes.
57.51 complete after 223.03 minutes.
57.58 complete after 223.26 minutes.
57.64 complete after 223.48 minutes.
57.71 complete after 223.69 minutes.
57.77 complete after 223.93 minutes.
57.84 complete after 224.17 minutes.
57.90 complete after 224.40 minutes.
57.97 complete after 224.61 minutes.
58.03 complete after 224.81 minutes.
58.10 complete after 225.04 minutes.
58.16 complete after 225.26 minutes.
58.22 complete after 225.48 minutes.
58.29 complete after 225.72 minutes.
58.35 complete after 225.94 minutes.
58.42 complete after 226.16 minutes.
58.48 complete after 226.39 minutes.
58.55 complete after 226.60 minutes.
58.61 complete after 226.84 minutes.
58.68 complete after 227.05 minutes.
58.74 complete after 227.30 minutes.
58.81 complete after 227.52 minutes.
58.87 complete after 227.74 minutes.
58.94 complete after 227.96 minutes.
59.00 complete after 228.20 minutes.
59.07 complete after 228.44 minutes.
59.13 complete after 228.68 minutes.
59.19 complete after 228.92 minutes.
59.26 complete after 229.17 minutes.
59.32 complete after 229.41 minutes.
59.39 complete after 229.65 minutes.
59.45 complete after 229.89 minutes.
59.52 complete after 230.14 minutes.
59.58 complete after 230.38 minutes.
59.65 complete after 230.62 minutes.
59.71 complete after 230.84 minutes.
59.78 complete after 231.07 minutes.
59.84 complete after 231.30 minutes.
59.91 complete after 231.53 minutes.
59.97 complete after 231.77 minutes.
60.04 complete after 231.99 minutes.
60.10 complete after 232.22 minutes.
60.17 complete after 232.44 minutes.
60.23 complete after 232.65 minutes.
60.29 complete after 232.89 minutes.
60.36 complete after 233.12 minutes.
60.42 complete after 233.33 minutes.
60.49 complete after 233.57 minutes.
60.55 complete after 233.82 minutes.
60.62 complete after 234.06 minutes.
60.68 complete after 234.28 minutes.
60.75 complete after 234.51 minutes.
60.81 complete after 234.74 minutes.
60.88 complete after 234.97 minutes.
60.94 complete after 235.17 minutes.
61.01 complete after 235.41 minutes.
61.07 complete after 235.64 minutes.
61.14 complete after 235.88 minutes.
61.20 complete after 236.11 minutes.
61.27 complete after 236.37 minutes.
61.33 complete after 236.61 minutes.
61.39 complete after 236.85 minutes.
61.46 complete after 237.05 minutes.
61.52 complete after 237.27 minutes.
61.59 complete after 237.47 minutes.
61.65 complete after 237.69 minutes.
61.72 complete after 237.92 minutes.
61.78 complete after 238.13 minutes.
61.85 complete after 238.36 minutes.
61.91 complete after 238.59 minutes.
61.98 complete after 238.84 minutes.
62.04 complete after 239.08 minutes.
62.11 complete after 239.32 minutes.
62.17 complete after 239.56 minutes.
62.24 complete after 239.79 minutes.
62.30 complete after 240.02 minutes.
62.36 complete after 240.25 minutes.
62.43 complete after 240.47 minutes.
62.49 complete after 240.69 minutes.
62.56 complete after 240.94 minutes.
62.62 complete after 241.19 minutes.
62.69 complete after 241.42 minutes.
62.75 complete after 241.65 minutes.
62.82 complete after 241.91 minutes.
62.88 complete after 242.14 minutes.
62.95 complete after 242.37 minutes.
63.01 complete after 242.61 minutes.
63.08 complete after 242.83 minutes.
63.14 complete after 243.07 minutes.
63.21 complete after 243.31 minutes.
63.27 complete after 243.54 minutes.
63.34 complete after 243.77 minutes.
63.40 complete after 244.02 minutes.
63.46 complete after 244.27 minutes.
63.53 complete after 244.50 minutes.
63.59 complete after 244.74 minutes.
63.66 complete after 244.97 minutes.
63.72 complete after 245.21 minutes.
63.79 complete after 245.44 minutes.
63.85 complete after 245.68 minutes.
63.92 complete after 245.91 minutes.
63.98 complete after 246.14 minutes.
64.05 complete after 246.36 minutes.
64.11 complete after 246.59 minutes.
64.18 complete after 246.83 minutes.
64.24 complete after 247.04 minutes.
64.31 complete after 247.27 minutes.
64.37 complete after 247.47 minutes.
64.44 complete after 247.70 minutes.
64.50 complete after 247.93 minutes.
64.56 complete after 248.17 minutes.
64.63 complete after 248.43 minutes.
64.69 complete after 248.71 minutes.
64.76 complete after 248.98 minutes.
64.82 complete after 249.22 minutes.
64.89 complete after 249.48 minutes.
64.95 complete after 249.72 minutes.
65.02 complete after 249.98 minutes.
65.08 complete after 250.22 minutes.
65.15 complete after 250.46 minutes.
65.21 complete after 250.71 minutes.
65.28 complete after 250.97 minutes.
65.34 complete after 251.23 minutes.
65.41 complete after 251.46 minutes.
65.47 complete after 251.69 minutes.
65.53 complete after 251.92 minutes.
65.60 complete after 252.15 minutes.
65.66 complete after 252.39 minutes.
65.73 complete after 252.62 minutes.
65.79 complete after 252.84 minutes.
65.86 complete after 253.06 minutes.
65.92 complete after 253.28 minutes.
65.99 complete after 253.50 minutes.
66.05 complete after 253.71 minutes.
66.12 complete after 253.95 minutes.
66.18 complete after 254.19 minutes.
66.25 complete after 254.43 minutes.
66.31 complete after 254.68 minutes.
66.38 complete after 254.94 minutes.
66.44 complete after 255.18 minutes.
66.51 complete after 255.43 minutes.
66.57 complete after 255.68 minutes.
66.63 complete after 255.92 minutes.
66.70 complete after 256.14 minutes.
66.76 complete after 256.37 minutes.
66.83 complete after 256.61 minutes.
66.89 complete after 256.84 minutes.
66.96 complete after 257.08 minutes.
67.02 complete after 257.32 minutes.
67.09 complete after 257.54 minutes.
67.15 complete after 257.77 minutes.
67.22 complete after 258.00 minutes.
67.28 complete after 258.23 minutes.
67.35 complete after 258.45 minutes.
67.41 complete after 258.69 minutes.
67.48 complete after 258.92 minutes.
67.54 complete after 259.16 minutes.
67.61 complete after 259.39 minutes.
67.67 complete after 259.61 minutes.
67.73 complete after 259.84 minutes.
67.80 complete after 260.08 minutes.
67.86 complete after 260.30 minutes.
67.93 complete after 260.53 minutes.
67.99 complete after 260.78 minutes.
68.06 complete after 261.01 minutes.
68.12 complete after 261.24 minutes.
68.19 complete after 261.46 minutes.
68.25 complete after 261.68 minutes.
68.32 complete after 261.91 minutes.
68.38 complete after 262.14 minutes.
68.45 complete after 262.36 minutes.
68.51 complete after 262.59 minutes.
68.58 complete after 262.82 minutes.
68.64 complete after 263.05 minutes.
68.70 complete after 263.28 minutes.
68.77 complete after 263.51 minutes.
68.83 complete after 263.74 minutes.
68.90 complete after 263.99 minutes.
68.96 complete after 264.23 minutes.
69.03 complete after 264.46 minutes.
69.09 complete after 264.71 minutes.
69.16 complete after 264.94 minutes.
69.22 complete after 265.17 minutes.
69.29 complete after 265.41 minutes.
69.35 complete after 265.63 minutes.
69.42 complete after 265.86 minutes.
69.48 complete after 266.10 minutes.
69.55 complete after 266.33 minutes.
69.61 complete after 266.56 minutes.
69.68 complete after 266.79 minutes.
69.74 complete after 267.02 minutes.
69.80 complete after 267.25 minutes.
69.87 complete after 267.47 minutes.
69.93 complete after 267.71 minutes.
70.00 complete after 267.93 minutes.
70.06 complete after 268.16 minutes.
70.13 complete after 268.39 minutes.
70.19 complete after 268.64 minutes.
70.26 complete after 268.88 minutes.
70.32 complete after 269.12 minutes.
70.39 complete after 269.35 minutes.
70.45 complete after 269.58 minutes.
70.52 complete after 269.80 minutes.
70.58 complete after 270.04 minutes.
70.65 complete after 270.29 minutes.
70.71 complete after 270.50 minutes.
70.78 complete after 270.74 minutes.
70.84 complete after 270.97 minutes.
70.90 complete after 271.21 minutes.
70.97 complete after 271.43 minutes.
71.03 complete after 271.67 minutes.
71.10 complete after 271.90 minutes.
71.16 complete after 272.14 minutes.
71.23 complete after 272.37 minutes.
71.29 complete after 272.61 minutes.
71.36 complete after 272.85 minutes.
71.42 complete after 273.08 minutes.
71.49 complete after 273.30 minutes.
71.55 complete after 273.52 minutes.
71.62 complete after 273.75 minutes.
71.68 complete after 273.99 minutes.
71.75 complete after 274.23 minutes.
71.81 complete after 274.44 minutes.
71.87 complete after 274.67 minutes.
71.94 complete after 274.90 minutes.
72.00 complete after 275.15 minutes.
72.07 complete after 275.38 minutes.
72.13 complete after 275.61 minutes.
72.20 complete after 275.89 minutes.
72.26 complete after 276.16 minutes.
72.33 complete after 276.42 minutes.
72.39 complete after 276.67 minutes.
72.46 complete after 276.93 minutes.
72.52 complete after 277.17 minutes.
72.59 complete after 277.45 minutes.
72.65 complete after 277.69 minutes.
72.72 complete after 277.93 minutes.
72.78 complete after 278.18 minutes.
72.85 complete after 278.40 minutes.
72.91 complete after 278.61 minutes.
72.97 complete after 278.84 minutes.
73.04 complete after 279.08 minutes.
73.10 complete after 279.31 minutes.
73.17 complete after 279.54 minutes.
73.23 complete after 279.76 minutes.
73.30 complete after 279.99 minutes.
73.36 complete after 280.20 minutes.
73.43 complete after 280.43 minutes.
73.49 complete after 280.64 minutes.
73.56 complete after 280.86 minutes.
73.62 complete after 281.07 minutes.
73.69 complete after 281.30 minutes.
73.75 complete after 281.51 minutes.
73.82 complete after 281.74 minutes.
73.88 complete after 281.95 minutes.
73.95 complete after 282.17 minutes.
74.01 complete after 282.38 minutes.
74.07 complete after 282.60 minutes.
74.14 complete after 282.81 minutes.
74.20 complete after 283.02 minutes.
74.27 complete after 283.24 minutes.
74.33 complete after 283.46 minutes.
74.40 complete after 283.67 minutes.
74.46 complete after 283.89 minutes.
74.53 complete after 284.14 minutes.
74.59 complete after 284.36 minutes.
74.66 complete after 284.57 minutes.
74.72 complete after 284.80 minutes.
74.79 complete after 285.01 minutes.
74.85 complete after 285.23 minutes.
74.92 complete after 285.45 minutes.
74.98 complete after 285.67 minutes.
75.04 complete after 285.90 minutes.
75.11 complete after 286.12 minutes.
75.17 complete after 286.35 minutes.
75.24 complete after 286.58 minutes.
75.30 complete after 286.83 minutes.
75.37 complete after 287.07 minutes.
75.43 complete after 287.31 minutes.
75.50 complete after 287.56 minutes.
75.56 complete after 287.81 minutes.
75.63 complete after 288.06 minutes.
75.69 complete after 288.30 minutes.
75.76 complete after 288.54 minutes.
75.82 complete after 288.81 minutes.
75.89 complete after 289.05 minutes.
75.95 complete after 289.30 minutes.
76.02 complete after 289.54 minutes.
76.08 complete after 289.79 minutes.
76.14 complete after 290.03 minutes.
76.21 complete after 290.26 minutes.
76.27 complete after 290.51 minutes.
76.34 complete after 290.78 minutes.
76.40 complete after 291.05 minutes.
76.47 complete after 291.32 minutes.
76.53 complete after 291.57 minutes.
76.60 complete after 291.84 minutes.
76.66 complete after 292.09 minutes.
76.73 complete after 292.33 minutes.
76.79 complete after 292.58 minutes.
76.86 complete after 292.84 minutes.
76.92 complete after 293.09 minutes.
76.99 complete after 293.35 minutes.
77.05 complete after 293.59 minutes.
77.12 complete after 293.84 minutes.
77.18 complete after 294.10 minutes.
77.24 complete after 294.35 minutes.
77.31 complete after 294.59 minutes.
77.37 complete after 294.83 minutes.
77.44 complete after 295.10 minutes.
77.50 complete after 295.35 minutes.
77.57 complete after 295.60 minutes.
77.63 complete after 295.85 minutes.
77.70 complete after 296.11 minutes.
77.76 complete after 296.37 minutes.
77.83 complete after 296.61 minutes.
77.89 complete after 296.87 minutes.
77.96 complete after 297.12 minutes.
78.02 complete after 297.39 minutes.
78.09 complete after 297.64 minutes.
78.15 complete after 297.89 minutes.
78.21 complete after 298.14 minutes.
78.28 complete after 298.38 minutes.
78.34 complete after 298.61 minutes.
78.41 complete after 298.88 minutes.
78.47 complete after 299.14 minutes.
78.54 complete after 299.40 minutes.
78.60 complete after 299.63 minutes.
78.67 complete after 299.86 minutes.
78.73 complete after 300.09 minutes.
78.80 complete after 300.30 minutes.
78.86 complete after 300.52 minutes.
78.93 complete after 300.74 minutes.
78.99 complete after 300.95 minutes.
79.06 complete after 301.20 minutes.
79.12 complete after 301.43 minutes.
79.19 complete after 301.65 minutes.
79.25 complete after 301.87 minutes.
79.31 complete after 302.11 minutes.
79.38 complete after 302.33 minutes.
79.44 complete after 302.55 minutes.
79.51 complete after 302.79 minutes.
79.57 complete after 303.03 minutes.
79.64 complete after 303.27 minutes.
79.70 complete after 303.51 minutes.
79.77 complete after 303.75 minutes.
79.83 complete after 303.98 minutes.
79.90 complete after 304.22 minutes.
79.96 complete after 304.45 minutes.
80.03 complete after 304.67 minutes.
80.09 complete after 304.91 minutes.
80.16 complete after 305.15 minutes.
80.22 complete after 305.37 minutes.
80.29 complete after 305.59 minutes.
80.35 complete after 305.82 minutes.
80.41 complete after 306.05 minutes.
80.48 complete after 306.26 minutes.
80.54 complete after 306.48 minutes.
80.61 complete after 306.69 minutes.
80.67 complete after 306.91 minutes.
80.74 complete after 307.13 minutes.
80.80 complete after 307.35 minutes.
80.87 complete after 307.55 minutes.
80.93 complete after 307.77 minutes.
81.00 complete after 307.97 minutes.
81.06 complete after 308.19 minutes.
81.13 complete after 308.42 minutes.
81.19 complete after 308.64 minutes.
81.26 complete after 308.87 minutes.
81.32 complete after 309.11 minutes.
81.38 complete after 309.34 minutes.
81.45 complete after 309.56 minutes.
81.51 complete after 309.78 minutes.
81.58 complete after 309.99 minutes.
81.64 complete after 310.21 minutes.
81.71 complete after 310.45 minutes.
81.77 complete after 310.66 minutes.
81.84 complete after 310.89 minutes.
81.90 complete after 311.12 minutes.
81.97 complete after 311.35 minutes.
82.03 complete after 311.57 minutes.
82.10 complete after 311.78 minutes.
82.16 complete after 312.01 minutes.
82.23 complete after 312.23 minutes.
82.29 complete after 312.43 minutes.
82.36 complete after 312.65 minutes.
82.42 complete after 312.86 minutes.
82.48 complete after 313.08 minutes.
82.55 complete after 313.29 minutes.
82.61 complete after 313.53 minutes.
82.68 complete after 313.75 minutes.
82.74 complete after 314.01 minutes.
82.81 complete after 314.24 minutes.
82.87 complete after 314.48 minutes.
82.94 complete after 314.71 minutes.
83.00 complete after 314.96 minutes.
83.07 complete after 315.19 minutes.
83.13 complete after 315.41 minutes.
83.20 complete after 315.64 minutes.
83.26 complete after 315.87 minutes.
83.33 complete after 316.08 minutes.
83.39 complete after 316.30 minutes.
83.46 complete after 316.51 minutes.
83.52 complete after 316.73 minutes.
83.58 complete after 316.96 minutes.
83.65 complete after 317.19 minutes.
83.71 complete after 317.41 minutes.
83.78 complete after 317.62 minutes.
83.84 complete after 317.84 minutes.
83.91 complete after 318.05 minutes.
83.97 complete after 318.29 minutes.
84.04 complete after 318.53 minutes.
84.10 complete after 318.78 minutes.
84.17 complete after 319.04 minutes.
84.23 complete after 319.28 minutes.
84.30 complete after 319.52 minutes.
84.36 complete after 319.77 minutes.
84.43 complete after 320.03 minutes.
84.49 complete after 320.28 minutes.
84.55 complete after 320.52 minutes.
84.62 complete after 320.75 minutes.
84.68 complete after 321.01 minutes.
84.75 complete after 321.26 minutes.
84.81 complete after 321.52 minutes.
84.88 complete after 321.77 minutes.
84.94 complete after 322.00 minutes.
85.01 complete after 322.25 minutes.
85.07 complete after 322.47 minutes.
85.14 complete after 322.71 minutes.
85.20 complete after 322.96 minutes.
85.27 complete after 323.21 minutes.
85.33 complete after 323.45 minutes.
85.40 complete after 323.69 minutes.
85.46 complete after 323.95 minutes.
85.53 complete after 324.19 minutes.
85.59 complete after 324.41 minutes.
85.65 complete after 324.63 minutes.
85.72 complete after 324.85 minutes.
85.78 complete after 325.08 minutes.
85.85 complete after 325.33 minutes.
85.91 complete after 325.58 minutes.
85.98 complete after 325.81 minutes.
86.04 complete after 326.05 minutes.
86.11 complete after 326.28 minutes.
86.17 complete after 326.51 minutes.
86.24 complete after 326.75 minutes.
86.30 complete after 326.99 minutes.
86.37 complete after 327.24 minutes.
86.43 complete after 327.48 minutes.
86.50 complete after 327.72 minutes.
86.56 complete after 327.97 minutes.
86.63 complete after 328.21 minutes.
86.69 complete after 328.45 minutes.
86.75 complete after 328.70 minutes.
86.82 complete after 328.97 minutes.
86.88 complete after 329.23 minutes.
86.95 complete after 329.47 minutes.
87.01 complete after 329.72 minutes.
87.08 complete after 329.95 minutes.
87.14 complete after 330.19 minutes.
87.21 complete after 330.43 minutes.
87.27 complete after 330.66 minutes.
87.34 complete after 330.90 minutes.
87.40 complete after 331.14 minutes.
87.47 complete after 331.38 minutes.
87.53 complete after 331.61 minutes.
87.60 complete after 331.84 minutes.
87.66 complete after 332.06 minutes.
87.72 complete after 332.29 minutes.
87.79 complete after 332.52 minutes.
87.85 complete after 332.74 minutes.
87.92 complete after 332.97 minutes.
87.98 complete after 333.20 minutes.
88.05 complete after 333.44 minutes.
88.11 complete after 333.67 minutes.
88.18 complete after 333.92 minutes.
88.24 complete after 334.16 minutes.
88.31 complete after 334.38 minutes.
88.37 complete after 334.58 minutes.
88.44 complete after 334.82 minutes.
88.50 complete after 335.06 minutes.
88.57 complete after 335.27 minutes.
88.63 complete after 335.49 minutes.
88.70 complete after 335.70 minutes.
88.76 complete after 335.93 minutes.
88.82 complete after 336.15 minutes.
88.89 complete after 336.35 minutes.
88.95 complete after 336.57 minutes.
89.02 complete after 336.79 minutes.
89.08 complete after 337.01 minutes.
89.15 complete after 337.23 minutes.
89.21 complete after 337.44 minutes.
89.28 complete after 337.67 minutes.
89.34 complete after 337.89 minutes.
89.41 complete after 338.12 minutes.
89.47 complete after 338.35 minutes.
89.54 complete after 338.57 minutes.
89.60 complete after 338.79 minutes.
89.67 complete after 339.02 minutes.
89.73 complete after 339.26 minutes.
89.80 complete after 339.48 minutes.
89.86 complete after 339.71 minutes.
89.92 complete after 339.93 minutes.
89.99 complete after 340.13 minutes.
90.05 complete after 340.35 minutes.
90.12 complete after 340.55 minutes.
90.18 complete after 340.77 minutes.
90.25 complete after 341.00 minutes.
90.31 complete after 341.24 minutes.
90.38 complete after 341.46 minutes.
90.44 complete after 341.65 minutes.
90.51 complete after 341.87 minutes.
90.57 complete after 342.07 minutes.
90.64 complete after 342.29 minutes.
90.70 complete after 342.50 minutes.
90.77 complete after 342.73 minutes.
90.83 complete after 342.94 minutes.
90.89 complete after 343.15 minutes.
90.96 complete after 343.36 minutes.
91.02 complete after 343.59 minutes.
91.09 complete after 343.82 minutes.
91.15 complete after 344.06 minutes.
91.22 complete after 344.30 minutes.
91.28 complete after 344.52 minutes.
91.35 complete after 344.74 minutes.
91.41 complete after 344.95 minutes.
91.48 complete after 345.16 minutes.
91.54 complete after 345.38 minutes.
91.61 complete after 345.59 minutes.
91.67 complete after 345.80 minutes.
91.74 complete after 346.01 minutes.
91.80 complete after 346.23 minutes.
91.87 complete after 346.44 minutes.
91.93 complete after 346.67 minutes.
91.99 complete after 346.90 minutes.
92.06 complete after 347.11 minutes.
92.12 complete after 347.34 minutes.
92.19 complete after 347.56 minutes.
92.25 complete after 347.78 minutes.
92.32 complete after 348.02 minutes.
92.38 complete after 348.26 minutes.
92.45 complete after 348.48 minutes.
92.51 complete after 348.69 minutes.
92.58 complete after 348.92 minutes.
92.64 complete after 349.15 minutes.
92.71 complete after 349.36 minutes.
92.77 complete after 349.59 minutes.
92.84 complete after 349.82 minutes.
92.90 complete after 350.04 minutes.
92.97 complete after 350.27 minutes.
93.03 complete after 350.50 minutes.
93.09 complete after 350.72 minutes.
93.16 complete after 350.92 minutes.
93.22 complete after 351.13 minutes.
93.29 complete after 351.35 minutes.
93.35 complete after 351.56 minutes.
93.42 complete after 351.77 minutes.
93.48 complete after 351.98 minutes.
93.55 complete after 352.19 minutes.
93.61 complete after 352.39 minutes.
93.68 complete after 352.61 minutes.
93.74 complete after 352.85 minutes.
93.81 complete after 353.09 minutes.
93.87 complete after 353.33 minutes.
93.94 complete after 353.57 minutes.
94.00 complete after 353.82 minutes.
94.06 complete after 354.08 minutes.
94.13 complete after 354.33 minutes.
94.19 complete after 354.58 minutes.
94.26 complete after 354.82 minutes.
94.32 complete after 355.07 minutes.
94.39 complete after 355.32 minutes.
94.45 complete after 355.56 minutes.
94.52 complete after 355.81 minutes.
94.58 complete after 356.05 minutes.
94.65 complete after 356.30 minutes.
94.71 complete after 356.56 minutes.
94.78 complete after 356.79 minutes.
94.84 complete after 357.06 minutes.
94.91 complete after 357.30 minutes.
94.97 complete after 357.54 minutes.
95.04 complete after 357.79 minutes.
95.10 complete after 358.05 minutes.
95.16 complete after 358.30 minutes.
95.23 complete after 358.57 minutes.
95.29 complete after 358.83 minutes.
95.36 complete after 359.09 minutes.
95.42 complete after 359.35 minutes.
95.49 complete after 359.58 minutes.
95.55 complete after 359.84 minutes.
95.62 complete after 360.09 minutes.
95.68 complete after 360.33 minutes.
95.75 complete after 360.58 minutes.
95.81 complete after 360.84 minutes.
95.88 complete after 361.10 minutes.
95.94 complete after 361.34 minutes.
96.01 complete after 361.59 minutes.
96.07 complete after 361.82 minutes.
96.14 complete after 362.05 minutes.
96.20 complete after 362.29 minutes.
96.26 complete after 362.54 minutes.
96.33 complete after 362.79 minutes.
96.39 complete after 363.02 minutes.
96.46 complete after 363.26 minutes.
96.52 complete after 363.49 minutes.
96.59 complete after 363.75 minutes.
96.65 complete after 364.01 minutes.
96.72 complete after 364.26 minutes.
96.78 complete after 364.49 minutes.
96.85 complete after 364.73 minutes.
96.91 complete after 364.97 minutes.
96.98 complete after 365.22 minutes.
97.04 complete after 365.45 minutes.
97.11 complete after 365.69 minutes.
97.17 complete after 365.92 minutes.
97.23 complete after 366.15 minutes.
97.30 complete after 366.39 minutes.
97.36 complete after 366.63 minutes.
97.43 complete after 366.89 minutes.
97.49 complete after 367.14 minutes.
97.56 complete after 367.39 minutes.
97.62 complete after 367.64 minutes.
97.69 complete after 367.89 minutes.
97.75 complete after 368.13 minutes.
97.82 complete after 368.36 minutes.
97.88 complete after 368.60 minutes.
97.95 complete after 368.84 minutes.
98.01 complete after 369.10 minutes.
98.08 complete after 369.34 minutes.
98.14 complete after 369.58 minutes.
98.21 complete after 369.82 minutes.
98.27 complete after 370.06 minutes.
98.33 complete after 370.30 minutes.
98.40 complete after 370.53 minutes.
98.46 complete after 370.76 minutes.
98.53 complete after 370.98 minutes.
98.59 complete after 371.21 minutes.
98.66 complete after 371.46 minutes.
98.72 complete after 371.70 minutes.
98.79 complete after 371.93 minutes.
98.85 complete after 372.18 minutes.
98.92 complete after 372.42 minutes.
98.98 complete after 372.65 minutes.
99.05 complete after 372.89 minutes.
99.11 complete after 373.13 minutes.
99.18 complete after 373.38 minutes.
99.24 complete after 373.62 minutes.
99.31 complete after 373.91 minutes.
99.37 complete after 374.16 minutes.
99.43 complete after 374.40 minutes.
99.50 complete after 374.65 minutes.
99.56 complete after 374.91 minutes.
99.63 complete after 375.13 minutes.
99.69 complete after 375.36 minutes.
99.76 complete after 375.59 minutes.
99.82 complete after 375.82 minutes.
99.89 complete after 376.03 minutes.
99.95 complete after 376.26 minutes.
0.9628009885232963
     TARGETID     ROSETTE BGS_Z_SUCCESS INSAMPLE    BGS_Z_WEIGHT       BGS_A_WEIGHT          VOLUME               MRH             REF_GMR0P1         REF_GMR0P0             ZMAX                IVMAX                VONVMAX       
----------------- ------- ------------- -------- ------------------ ------------------ ------------------ ------------------- ------------------ ------------------ ------------------- ---------------------- --------------------
39627733927462346    -1.0           1.0      1.0 1.0120848417282104 1.0504201650619507  6557842.901928521 -19.916587874245813 0.7856902434795595 0.7195012659190705  0.2143594626878119 1.3841174716729834e-07   0.9076824937045924
39627733927463584    -1.0           1.0      1.0 1.0099681615829468 1.0504201650619507 4388413.1469421005 -20.738766389614653 0.8390089675629283 0.7640864042155214  0.2941644387905505  4.662134019296747e-08  0.20459370223087864
39627733927463809    -1.0           1.0      1.0 1.0021929740905762 1.0504201650619507  4455176.687953372 -21.078121125651027 0.8988151303317244 0.8130684548647261   0.330231769511073 3.1087072420182375e-08   0.1384984003431147
39627733927464616    -1.0           1.0      1.0 1.0001806020736694 1.0504201650619507  84719.66841474558    -19.689694313761 1.0325692740796637 0.8785213630569358 0.19263752841677584 1.9854703816758006e-07 0.016820839238287217
39627733927464793    -1.0           1.0      1.0 1.0094077587127686 1.0504201650619507 15168192.405866759  -20.78261008302364  0.899293817950499 0.8218316345956519 0.29588250478293676 4.5684154110034526e-08   0.6929460394402723
39627733927464814    -1.0           1.0      0.0  1.051695466041565 1.0504201650619507              -99.0               -99.0              -99.0              -99.0               -99.0                  -99.0                -99.0
39627733927465411    -1.0           1.0      1.0 1.0092251300811768 1.0504201650619507 13263605.968152622  -20.75817917589253 0.9334649528314611 0.8484168999264025  0.2919526463434159  4.786385749236657e-08   0.6348473458945598
39627733927465840    -1.0           1.0      1.0 1.0278266668319702 1.0504201650619507 26279255.262881078  -20.98049291878994 0.7231080168748883 0.6748943137875617  0.3295045747933823  3.132935876129051e-08   0.8233122161103331
39627733931658393    -1.0           1.0      1.0  1.002821922302246 1.0504201650619507 1326557.0487486974 -20.228460950007847 0.5482849485932211 0.5161276491652784  0.2998197426243902  4.362442635531498e-08  0.05787029027926153
39627733935850029    -1.0           0.0      0.0 1.0646191835403442 1.0504201650619507              -99.0               -99.0              -99.0              -99.0               -99.0                  -99.0                -99.0
              ...     ...           ...      ...                ...                ...                ...                 ...                ...                ...                 ...                    ...                  ...
39633470518987306    -1.0           1.0      1.0 1.0061274766921997 1.0504201650619507  90891.02710707819 -17.265716093247434 0.9433182004791295 0.8073123467816454 0.07135646038379238 5.0017957112361565e-06   0.4546183495740329
39633470518987424    -1.0           1.0      1.0 1.0055047273635864 1.0504201650619507  5553440.474996848 -20.048653752142425  0.921668698248547  0.832839397620109 0.22637296270779872 1.1499112395773877e-07   0.6385963620522862
39633470518987433    -1.0           1.0      1.0 1.0058860778808594 1.0504201650619507   24444385.5006098 -21.431099193440982 0.9617233401318525  0.866880166251206  0.3738056483478268 2.0042983400158403e-08    0.489938412815795
39633470518987665    -1.0           1.0      1.0 1.0128265619277954 1.0504201650619507 24339425.811731897 -21.502819855155384 0.8301681406276089  0.765929278746618 0.39251152285725893 1.6838247967327168e-08  0.40983328720030504
39633470518987832    -1.0           1.0      1.0 1.0114359855651855 1.0504201650619507  274120.0585398963  -17.54396770759588 0.8756024328223292 0.7681124532714739 0.08043100134724872  3.423792376867662e-06   0.9385301667754141
39633470523179620    -1.0           1.0      1.0 1.0018601417541504 1.0504201650619507   9729393.90777837 -21.088532328668496 0.9794916348406245 0.8745992488134289 0.33220647968098327  3.044093560978651e-08  0.29617185346893055
39633470523179901    -1.0           1.0      1.0 1.0106806755065918 1.0504201650619507 11321248.414670639  -20.25482287954176 0.9331874365396329 0.8473323147732793 0.24493397527983665  8.783193848825393e-08   0.9943671943675939
39633470523180407    -1.0           1.0      1.0 1.0085970163345337 1.0504201650619507 12107673.247623906 -21.973312926247967 0.9325098054902019 0.8471947421358335 0.44351259514306873 1.0854791005841265e-08  0.13142626266997287
39633470523180473    -1.0           1.0      1.0 1.0062944889068604 1.0504201650619507 22541176.320149712   -20.8031987999907 0.9046666362851189 0.8273871191877944  0.3023309160351978  4.237168402688952e-08   0.9551076006317878
39633470523181032    -1.0           1.0      1.0  1.001697063446045 1.0504201650619507  9757509.902228095 -21.059880921914495 1.0430259697832276 0.9133660329133292 0.32650239369902573 3.2355155952514596e-08  0.31570575459479544
39633470523181151    -1.0           1.0      1.0 1.0055567026138306 1.0504201650619507  3691576.194982562  -19.63643731642953 0.5829628058952852 0.5468888093076747  0.2264513187033968 1.1485560037869582e-07  0.42399820021842366
Length = 154574 rows
Finished writing to /global/cscratch1/sd/mjwilson/desi/BGS/lumfn/bright_sv3_derived_v0.4.fits
