WARNING: leap-second auto-update failed due to the following exception: RuntimeError('Cache is locked after 5.04 s. This may indicate an astropy bug or that kill -9 was used. If you want to unlock the cache remove the directory /global/homes/m/mjwilson/.astropy/cache/download/py3/lock. Lock claims to be held by process .') [astropy.time.core]
/global/homes/m/mjwilson/desi/BGS/lumfn/py/lumfn/distances.py:13: RuntimeWarning: invalid value encountered in log10
  return 5. * np.log10(chi) + 25.
0.00 complete after 0.00 minutes.
0.07 complete after 0.21 minutes.
0.13 complete after 0.44 minutes.
0.20 complete after 0.66 minutes.
0.26 complete after 0.89 minutes.
0.33 complete after 1.10 minutes.
0.39 complete after 1.31 minutes.
0.46 complete after 1.53 minutes.
0.52 complete after 1.76 minutes.
0.59 complete after 1.98 minutes.
0.65 complete after 2.21 minutes.
0.72 complete after 2.42 minutes.
0.79 complete after 2.64 minutes.
0.85 complete after 2.86 minutes.
0.92 complete after 3.11 minutes.
0.98 complete after 3.34 minutes.
1.05 complete after 3.55 minutes.
1.11 complete after 3.76 minutes.
1.18 complete after 3.99 minutes.
1.24 complete after 4.21 minutes.
1.31 complete after 4.42 minutes.
1.37 complete after 4.64 minutes.
1.44 complete after 4.85 minutes.
1.51 complete after 5.06 minutes.
1.57 complete after 5.27 minutes.
1.64 complete after 5.50 minutes.
1.70 complete after 5.72 minutes.
1.77 complete after 5.95 minutes.
1.83 complete after 6.17 minutes.
1.90 complete after 6.37 minutes.
1.96 complete after 6.58 minutes.
2.03 complete after 6.79 minutes.
2.09 complete after 7.01 minutes.
2.16 complete after 7.23 minutes.
2.23 complete after 7.49 minutes.
2.29 complete after 7.71 minutes.
2.36 complete after 7.91 minutes.
2.42 complete after 8.11 minutes.
2.49 complete after 8.33 minutes.
2.55 complete after 8.54 minutes.
2.62 complete after 8.74 minutes.
2.68 complete after 8.97 minutes.
2.75 complete after 9.16 minutes.
2.81 complete after 9.37 minutes.
2.88 complete after 9.58 minutes.
2.94 complete after 9.78 minutes.
3.01 complete after 9.98 minutes.
3.08 complete after 10.17 minutes.
3.14 complete after 10.40 minutes.
3.21 complete after 10.60 minutes.
3.27 complete after 10.80 minutes.
3.34 complete after 11.00 minutes.
3.40 complete after 11.20 minutes.
3.47 complete after 11.42 minutes.
3.53 complete after 11.65 minutes.
3.60 complete after 11.85 minutes.
3.66 complete after 12.05 minutes.
3.73 complete after 12.25 minutes.
3.80 complete after 12.46 minutes.
3.86 complete after 12.67 minutes.
3.93 complete after 12.91 minutes.
3.99 complete after 13.15 minutes.
4.06 complete after 13.35 minutes.
4.12 complete after 13.56 minutes.
4.19 complete after 13.76 minutes.
4.25 complete after 13.96 minutes.
4.32 complete after 14.16 minutes.
4.38 complete after 14.36 minutes.
4.45 complete after 14.58 minutes.
4.52 complete after 14.81 minutes.
4.58 complete after 15.01 minutes.
4.65 complete after 15.21 minutes.
4.71 complete after 15.43 minutes.
4.78 complete after 15.64 minutes.
4.84 complete after 15.87 minutes.
4.91 complete after 16.08 minutes.
4.97 complete after 16.29 minutes.
5.04 complete after 16.52 minutes.
5.10 complete after 16.75 minutes.
5.17 complete after 16.96 minutes.
5.24 complete after 17.17 minutes.
5.30 complete after 17.43 minutes.
5.37 complete after 17.66 minutes.
5.43 complete after 17.87 minutes.
5.50 complete after 18.10 minutes.
5.56 complete after 18.31 minutes.
5.63 complete after 18.53 minutes.
5.69 complete after 18.75 minutes.
5.76 complete after 18.98 minutes.
5.82 complete after 19.20 minutes.
5.89 complete after 19.40 minutes.
5.96 complete after 19.63 minutes.
6.02 complete after 19.84 minutes.
6.09 complete after 20.04 minutes.
6.15 complete after 20.25 minutes.
6.22 complete after 20.48 minutes.
6.28 complete after 20.71 minutes.
6.35 complete after 20.91 minutes.
6.41 complete after 21.12 minutes.
6.48 complete after 21.34 minutes.
6.54 complete after 21.55 minutes.
6.61 complete after 21.80 minutes.
6.68 complete after 22.01 minutes.
6.74 complete after 22.21 minutes.
6.81 complete after 22.42 minutes.
6.87 complete after 22.64 minutes.
6.94 complete after 22.86 minutes.
7.00 complete after 23.05 minutes.
7.07 complete after 23.30 minutes.
7.13 complete after 23.52 minutes.
7.20 complete after 23.72 minutes.
7.26 complete after 23.93 minutes.
7.33 complete after 24.15 minutes.
7.40 complete after 24.36 minutes.
7.46 complete after 24.58 minutes.
7.53 complete after 24.83 minutes.
7.59 complete after 25.04 minutes.
7.66 complete after 25.25 minutes.
7.72 complete after 25.48 minutes.
7.79 complete after 25.69 minutes.
7.85 complete after 25.90 minutes.
7.92 complete after 26.12 minutes.
7.98 complete after 26.31 minutes.
8.05 complete after 26.54 minutes.
8.11 complete after 26.74 minutes.
8.18 complete after 26.95 minutes.
8.25 complete after 27.15 minutes.
8.31 complete after 27.36 minutes.
8.38 complete after 27.62 minutes.
8.44 complete after 27.84 minutes.
8.51 complete after 28.06 minutes.
8.57 complete after 28.28 minutes.
8.64 complete after 28.50 minutes.
8.70 complete after 28.71 minutes.
8.77 complete after 28.91 minutes.
8.83 complete after 29.16 minutes.
8.90 complete after 29.37 minutes.
8.97 complete after 29.58 minutes.
9.03 complete after 29.79 minutes.
9.10 complete after 29.99 minutes.
9.16 complete after 30.20 minutes.
9.23 complete after 30.43 minutes.
9.29 complete after 30.64 minutes.
9.36 complete after 30.85 minutes.
9.42 complete after 31.04 minutes.
9.49 complete after 31.25 minutes.
9.55 complete after 31.46 minutes.
9.62 complete after 31.68 minutes.
9.69 complete after 31.91 minutes.
9.75 complete after 32.13 minutes.
9.82 complete after 32.33 minutes.
9.88 complete after 32.55 minutes.
9.95 complete after 32.77 minutes.
10.01 complete after 33.00 minutes.
10.08 complete after 33.22 minutes.
10.14 complete after 33.45 minutes.
10.21 complete after 33.65 minutes.
10.27 complete after 33.86 minutes.
10.34 complete after 34.07 minutes.
10.41 complete after 34.27 minutes.
10.47 complete after 34.47 minutes.
10.54 complete after 34.68 minutes.
10.60 complete after 34.91 minutes.
10.67 complete after 35.10 minutes.
10.73 complete after 35.31 minutes.
10.80 complete after 35.52 minutes.
10.86 complete after 35.73 minutes.
10.93 complete after 35.93 minutes.
10.99 complete after 36.15 minutes.
11.06 complete after 36.36 minutes.
11.13 complete after 36.56 minutes.
11.19 complete after 36.76 minutes.
11.26 complete after 36.96 minutes.
11.32 complete after 37.17 minutes.
11.39 complete after 37.39 minutes.
11.45 complete after 37.64 minutes.
11.52 complete after 37.85 minutes.
11.58 complete after 38.06 minutes.
11.65 complete after 38.28 minutes.
11.71 complete after 38.49 minutes.
11.78 complete after 38.69 minutes.
11.85 complete after 38.89 minutes.
11.91 complete after 39.12 minutes.
11.98 complete after 39.33 minutes.
12.04 complete after 39.54 minutes.
12.11 complete after 39.76 minutes.
12.17 complete after 40.00 minutes.
12.24 complete after 40.21 minutes.
12.30 complete after 40.42 minutes.
12.37 complete after 40.64 minutes.
12.43 complete after 40.84 minutes.
12.50 complete after 41.05 minutes.
12.57 complete after 41.26 minutes.
12.63 complete after 41.47 minutes.
12.70 complete after 41.67 minutes.
12.76 complete after 41.89 minutes.
12.83 complete after 42.09 minutes.
12.89 complete after 42.30 minutes.
12.96 complete after 42.52 minutes.
13.02 complete after 42.74 minutes.
13.09 complete after 42.95 minutes.
13.15 complete after 43.15 minutes.
13.22 complete after 43.40 minutes.
13.28 complete after 43.61 minutes.
13.35 complete after 43.82 minutes.
13.42 complete after 44.03 minutes.
13.48 complete after 44.23 minutes.
13.55 complete after 44.43 minutes.
13.61 complete after 44.67 minutes.
13.68 complete after 44.89 minutes.
13.74 complete after 45.09 minutes.
13.81 complete after 45.30 minutes.
13.87 complete after 45.51 minutes.
13.94 complete after 45.72 minutes.
14.00 complete after 45.93 minutes.
14.07 complete after 46.15 minutes.
14.14 complete after 46.35 minutes.
14.20 complete after 46.56 minutes.
14.27 complete after 46.75 minutes.
14.33 complete after 46.95 minutes.
14.40 complete after 47.16 minutes.
14.46 complete after 47.35 minutes.
14.53 complete after 47.60 minutes.
14.59 complete after 47.80 minutes.
14.66 complete after 48.01 minutes.
14.72 complete after 48.22 minutes.
14.79 complete after 48.45 minutes.
14.86 complete after 48.66 minutes.
14.92 complete after 48.87 minutes.
14.99 complete after 49.11 minutes.
15.05 complete after 49.31 minutes.
15.12 complete after 49.52 minutes.
15.18 complete after 49.72 minutes.
15.25 complete after 49.93 minutes.
15.31 complete after 50.14 minutes.
15.38 complete after 50.34 minutes.
15.44 complete after 50.60 minutes.
15.51 complete after 50.81 minutes.
15.58 complete after 51.01 minutes.
15.64 complete after 51.21 minutes.
15.71 complete after 51.41 minutes.
15.77 complete after 51.62 minutes.
15.84 complete after 51.83 minutes.
15.90 complete after 52.03 minutes.
15.97 complete after 52.24 minutes.
16.03 complete after 52.46 minutes.
16.10 complete after 52.68 minutes.
16.16 complete after 52.88 minutes.
16.23 complete after 53.08 minutes.
16.30 complete after 53.29 minutes.
16.36 complete after 53.49 minutes.
16.43 complete after 53.69 minutes.
16.49 complete after 53.89 minutes.
16.56 complete after 54.10 minutes.
16.62 complete after 54.32 minutes.
16.69 complete after 54.53 minutes.
16.75 complete after 54.78 minutes.
16.82 complete after 54.99 minutes.
16.88 complete after 55.21 minutes.
16.95 complete after 55.42 minutes.
17.02 complete after 55.63 minutes.
17.08 complete after 55.84 minutes.
17.15 complete after 56.04 minutes.
17.21 complete after 56.27 minutes.
17.28 complete after 56.47 minutes.
17.34 complete after 56.67 minutes.
17.41 complete after 56.87 minutes.
17.47 complete after 57.07 minutes.
17.54 complete after 57.28 minutes.
17.60 complete after 57.52 minutes.
17.67 complete after 57.73 minutes.
17.74 complete after 57.94 minutes.
17.80 complete after 58.15 minutes.
17.87 complete after 58.36 minutes.
17.93 complete after 58.58 minutes.
18.00 complete after 58.80 minutes.
18.06 complete after 59.03 minutes.
18.13 complete after 59.23 minutes.
18.19 complete after 59.45 minutes.
18.26 complete after 59.66 minutes.
18.32 complete after 59.86 minutes.
18.39 complete after 60.07 minutes.
18.45 complete after 60.28 minutes.
18.52 complete after 60.53 minutes.
18.59 complete after 60.73 minutes.
18.65 complete after 60.93 minutes.
18.72 complete after 61.13 minutes.
18.78 complete after 61.33 minutes.
18.85 complete after 61.54 minutes.
18.91 complete after 61.75 minutes.
18.98 complete after 61.97 minutes.
19.04 complete after 62.17 minutes.
19.11 complete after 62.37 minutes.
19.17 complete after 62.60 minutes.
19.24 complete after 62.82 minutes.
19.31 complete after 63.02 minutes.
19.37 complete after 63.24 minutes.
19.44 complete after 63.44 minutes.
19.50 complete after 63.65 minutes.
19.57 complete after 63.85 minutes.
19.63 complete after 64.04 minutes.
19.70 complete after 64.24 minutes.
19.76 complete after 64.43 minutes.
19.83 complete after 64.66 minutes.
19.89 complete after 64.87 minutes.
19.96 complete after 65.06 minutes.
20.03 complete after 65.27 minutes.
20.09 complete after 65.49 minutes.
20.16 complete after 65.69 minutes.
20.22 complete after 65.91 minutes.
20.29 complete after 66.15 minutes.
20.35 complete after 66.36 minutes.
20.42 complete after 66.57 minutes.
20.48 complete after 66.77 minutes.
20.55 complete after 66.97 minutes.
20.61 complete after 67.17 minutes.
20.68 complete after 67.38 minutes.
20.75 complete after 67.60 minutes.
20.81 complete after 67.80 minutes.
20.88 complete after 67.99 minutes.
20.94 complete after 68.20 minutes.
21.01 complete after 68.41 minutes.
21.07 complete after 68.62 minutes.
21.14 complete after 68.85 minutes.
21.20 complete after 69.05 minutes.
21.27 complete after 69.26 minutes.
21.33 complete after 69.46 minutes.
21.40 complete after 69.66 minutes.
21.47 complete after 69.87 minutes.
21.53 complete after 70.08 minutes.
21.60 complete after 70.32 minutes.
21.66 complete after 70.52 minutes.
21.73 complete after 70.72 minutes.
21.79 complete after 70.93 minutes.
21.86 complete after 71.13 minutes.
21.92 complete after 71.34 minutes.
21.99 complete after 71.56 minutes.
22.05 complete after 71.77 minutes.
22.12 complete after 71.97 minutes.
22.19 complete after 72.18 minutes.
22.25 complete after 72.39 minutes.
22.32 complete after 72.62 minutes.
22.38 complete after 72.84 minutes.
22.45 complete after 73.07 minutes.
22.51 complete after 73.28 minutes.
22.58 complete after 73.49 minutes.
22.64 complete after 73.69 minutes.
22.71 complete after 73.90 minutes.
22.77 complete after 74.11 minutes.
22.84 complete after 74.32 minutes.
22.91 complete after 74.55 minutes.
22.97 complete after 74.76 minutes.
23.04 complete after 74.95 minutes.
23.10 complete after 75.16 minutes.
23.17 complete after 75.36 minutes.
23.23 complete after 75.56 minutes.
23.30 complete after 75.78 minutes.
23.36 complete after 76.01 minutes.
23.43 complete after 76.21 minutes.
23.49 complete after 76.43 minutes.
23.56 complete after 76.64 minutes.
23.62 complete after 76.85 minutes.
23.69 complete after 77.07 minutes.
23.76 complete after 77.30 minutes.
23.82 complete after 77.51 minutes.
23.89 complete after 77.72 minutes.
23.95 complete after 77.92 minutes.
24.02 complete after 78.11 minutes.
24.08 complete after 78.31 minutes.
24.15 complete after 78.51 minutes.
24.21 complete after 78.75 minutes.
24.28 complete after 78.95 minutes.
24.34 complete after 79.15 minutes.
24.41 complete after 79.35 minutes.
24.48 complete after 79.55 minutes.
24.54 complete after 79.74 minutes.
24.61 complete after 79.95 minutes.
24.67 complete after 80.18 minutes.
24.74 complete after 80.38 minutes.
24.80 complete after 80.59 minutes.
24.87 complete after 80.80 minutes.
24.93 complete after 81.00 minutes.
25.00 complete after 81.19 minutes.
25.06 complete after 81.41 minutes.
25.13 complete after 81.60 minutes.
25.20 complete after 81.79 minutes.
25.26 complete after 81.99 minutes.
25.33 complete after 82.19 minutes.
25.39 complete after 82.39 minutes.
25.46 complete after 82.61 minutes.
25.52 complete after 82.82 minutes.
25.59 complete after 83.02 minutes.
25.65 complete after 83.22 minutes.
25.72 complete after 83.43 minutes.
25.78 complete after 83.64 minutes.
25.85 complete after 83.84 minutes.
25.92 complete after 84.03 minutes.
25.98 complete after 84.25 minutes.
26.05 complete after 84.45 minutes.
26.11 complete after 84.65 minutes.
26.18 complete after 84.85 minutes.
26.24 complete after 85.05 minutes.
26.31 complete after 85.25 minutes.
26.37 complete after 85.49 minutes.
26.44 complete after 85.70 minutes.
26.50 complete after 85.91 minutes.
26.57 complete after 86.11 minutes.
26.64 complete after 86.31 minutes.
26.70 complete after 86.51 minutes.
26.77 complete after 86.72 minutes.
26.83 complete after 86.92 minutes.
26.90 complete after 87.13 minutes.
26.96 complete after 87.33 minutes.
27.03 complete after 87.54 minutes.
27.09 complete after 87.74 minutes.
27.16 complete after 87.94 minutes.
27.22 complete after 88.15 minutes.
27.29 complete after 88.38 minutes.
27.36 complete after 88.57 minutes.
27.42 complete after 88.77 minutes.
27.49 complete after 88.97 minutes.
27.55 complete after 89.17 minutes.
27.62 complete after 89.38 minutes.
27.68 complete after 89.58 minutes.
27.75 complete after 89.82 minutes.
27.81 complete after 90.04 minutes.
27.88 complete after 90.24 minutes.
27.94 complete after 90.47 minutes.
28.01 complete after 90.68 minutes.
28.07 complete after 90.90 minutes.
28.14 complete after 91.14 minutes.
28.21 complete after 91.35 minutes.
28.27 complete after 91.56 minutes.
28.34 complete after 91.77 minutes.
28.40 complete after 91.98 minutes.
28.47 complete after 92.20 minutes.
28.53 complete after 92.42 minutes.
28.60 complete after 92.65 minutes.
28.66 complete after 92.88 minutes.
28.73 complete after 93.10 minutes.
28.79 complete after 93.31 minutes.
28.86 complete after 93.53 minutes.
28.93 complete after 93.74 minutes.
28.99 complete after 93.95 minutes.
29.06 complete after 94.16 minutes.
29.12 complete after 94.40 minutes.
29.19 complete after 94.61 minutes.
29.25 complete after 94.81 minutes.
29.32 complete after 95.02 minutes.
29.38 complete after 95.23 minutes.
29.45 complete after 95.43 minutes.
29.51 complete after 95.65 minutes.
29.58 complete after 95.90 minutes.
29.65 complete after 96.13 minutes.
29.71 complete after 96.34 minutes.
29.78 complete after 96.55 minutes.
29.84 complete after 96.76 minutes.
29.91 complete after 96.97 minutes.
29.97 complete after 97.19 minutes.
30.04 complete after 97.43 minutes.
30.10 complete after 97.65 minutes.
30.17 complete after 97.87 minutes.
30.23 complete after 98.07 minutes.
30.30 complete after 98.28 minutes.
30.37 complete after 98.49 minutes.
30.43 complete after 98.71 minutes.
30.50 complete after 98.94 minutes.
30.56 complete after 99.14 minutes.
30.63 complete after 99.36 minutes.
30.69 complete after 99.57 minutes.
30.76 complete after 99.78 minutes.
30.82 complete after 99.99 minutes.
30.89 complete after 100.21 minutes.
30.95 complete after 100.43 minutes.
31.02 complete after 100.64 minutes.
31.09 complete after 100.85 minutes.
31.15 complete after 101.05 minutes.
31.22 complete after 101.27 minutes.
31.28 complete after 101.48 minutes.
31.35 complete after 101.74 minutes.
31.41 complete after 101.97 minutes.
31.48 complete after 102.18 minutes.
31.54 complete after 102.41 minutes.
31.61 complete after 102.63 minutes.
31.67 complete after 102.85 minutes.
31.74 complete after 103.06 minutes.
31.81 complete after 103.30 minutes.
31.87 complete after 103.52 minutes.
31.94 complete after 103.75 minutes.
32.00 complete after 103.97 minutes.
32.07 complete after 104.19 minutes.
32.13 complete after 104.41 minutes.
32.20 complete after 104.62 minutes.
32.26 complete after 104.86 minutes.
32.33 complete after 105.08 minutes.
32.39 complete after 105.30 minutes.
32.46 complete after 105.52 minutes.
32.53 complete after 105.74 minutes.
32.59 complete after 105.96 minutes.
32.66 complete after 106.19 minutes.
32.72 complete after 106.41 minutes.
32.79 complete after 106.63 minutes.
32.85 complete after 106.83 minutes.
32.92 complete after 107.04 minutes.
32.98 complete after 107.25 minutes.
33.05 complete after 107.47 minutes.
33.11 complete after 107.73 minutes.
33.18 complete after 107.94 minutes.
33.24 complete after 108.16 minutes.
33.31 complete after 108.36 minutes.
33.38 complete after 108.57 minutes.
33.44 complete after 108.79 minutes.
33.51 complete after 108.99 minutes.
33.57 complete after 109.22 minutes.
33.64 complete after 109.43 minutes.
33.70 complete after 109.63 minutes.
33.77 complete after 109.83 minutes.
33.83 complete after 110.03 minutes.
33.90 complete after 110.26 minutes.
33.96 complete after 110.48 minutes.
34.03 complete after 110.73 minutes.
34.10 complete after 110.95 minutes.
34.16 complete after 111.18 minutes.
34.23 complete after 111.39 minutes.
34.29 complete after 111.61 minutes.
34.36 complete after 111.83 minutes.
34.42 complete after 112.09 minutes.
34.49 complete after 112.30 minutes.
34.55 complete after 112.54 minutes.
34.62 complete after 112.76 minutes.
34.68 complete after 112.98 minutes.
34.75 complete after 113.19 minutes.
34.82 complete after 113.41 minutes.
34.88 complete after 113.66 minutes.
34.95 complete after 113.86 minutes.
35.01 complete after 114.06 minutes.
35.08 complete after 114.27 minutes.
35.14 complete after 114.49 minutes.
35.21 complete after 114.69 minutes.
35.27 complete after 114.91 minutes.
35.34 complete after 115.14 minutes.
35.40 complete after 115.35 minutes.
35.47 complete after 115.56 minutes.
35.54 complete after 115.77 minutes.
35.60 complete after 115.97 minutes.
35.67 complete after 116.17 minutes.
35.73 complete after 116.39 minutes.
35.80 complete after 116.61 minutes.
35.86 complete after 116.81 minutes.
35.93 complete after 117.00 minutes.
35.99 complete after 117.21 minutes.
36.06 complete after 117.41 minutes.
36.12 complete after 117.64 minutes.
36.19 complete after 117.88 minutes.
36.26 complete after 118.08 minutes.
36.32 complete after 118.29 minutes.
36.39 complete after 118.49 minutes.
36.45 complete after 118.70 minutes.
36.52 complete after 118.89 minutes.
36.58 complete after 119.10 minutes.
36.65 complete after 119.33 minutes.
36.71 complete after 119.55 minutes.
36.78 complete after 119.75 minutes.
36.84 complete after 119.97 minutes.
36.91 complete after 120.17 minutes.
36.98 complete after 120.38 minutes.
37.04 complete after 120.59 minutes.
37.11 complete after 120.79 minutes.
37.17 complete after 120.99 minutes.
37.24 complete after 121.19 minutes.
37.30 complete after 121.40 minutes.
37.37 complete after 121.61 minutes.
37.43 complete after 121.81 minutes.
37.50 complete after 122.03 minutes.
37.56 complete after 122.24 minutes.
37.63 complete after 122.45 minutes.
37.70 complete after 122.67 minutes.
37.76 complete after 122.88 minutes.
37.83 complete after 123.08 minutes.
37.89 complete after 123.29 minutes.
37.96 complete after 123.54 minutes.
38.02 complete after 123.75 minutes.
38.09 complete after 123.95 minutes.
38.15 complete after 124.15 minutes.
38.22 complete after 124.36 minutes.
38.28 complete after 124.55 minutes.
38.35 complete after 124.78 minutes.
38.41 complete after 124.98 minutes.
38.48 complete after 125.19 minutes.
38.55 complete after 125.39 minutes.
38.61 complete after 125.61 minutes.
38.68 complete after 125.83 minutes.
38.74 complete after 126.04 minutes.
38.81 complete after 126.26 minutes.
38.87 complete after 126.46 minutes.
38.94 complete after 126.67 minutes.
39.00 complete after 126.88 minutes.
39.07 complete after 127.09 minutes.
39.13 complete after 127.34 minutes.
39.20 complete after 127.56 minutes.
39.27 complete after 127.80 minutes.
39.33 complete after 127.99 minutes.
39.40 complete after 128.20 minutes.
39.46 complete after 128.41 minutes.
39.53 complete after 128.61 minutes.
39.59 complete after 128.81 minutes.
39.66 complete after 129.01 minutes.
39.72 complete after 129.23 minutes.
39.79 complete after 129.43 minutes.
39.85 complete after 129.65 minutes.
39.92 complete after 129.85 minutes.
39.99 complete after 130.05 minutes.
40.05 complete after 130.24 minutes.
40.12 complete after 130.46 minutes.
40.18 complete after 130.66 minutes.
40.25 complete after 130.87 minutes.
40.31 complete after 131.08 minutes.
40.38 complete after 131.27 minutes.
40.44 complete after 131.48 minutes.
40.51 complete after 131.67 minutes.
40.57 complete after 131.89 minutes.
40.64 complete after 132.10 minutes.
40.71 complete after 132.29 minutes.
40.77 complete after 132.50 minutes.
40.84 complete after 132.72 minutes.
40.90 complete after 132.93 minutes.
40.97 complete after 133.14 minutes.
41.03 complete after 133.38 minutes.
41.10 complete after 133.58 minutes.
41.16 complete after 133.79 minutes.
41.23 complete after 134.00 minutes.
41.29 complete after 134.22 minutes.
41.36 complete after 134.44 minutes.
41.43 complete after 134.66 minutes.
41.49 complete after 134.87 minutes.
41.56 complete after 135.08 minutes.
41.62 complete after 135.29 minutes.
41.69 complete after 135.49 minutes.
41.75 complete after 135.70 minutes.
41.82 complete after 135.91 minutes.
41.88 complete after 136.13 minutes.
41.95 complete after 136.34 minutes.
42.01 complete after 136.56 minutes.
42.08 complete after 136.77 minutes.
42.15 complete after 136.98 minutes.
42.21 complete after 137.21 minutes.
42.28 complete after 137.43 minutes.
42.34 complete after 137.69 minutes.
42.41 complete after 137.90 minutes.
42.47 complete after 138.12 minutes.
42.54 complete after 138.34 minutes.
42.60 complete after 138.55 minutes.
42.67 complete after 138.77 minutes.
42.73 complete after 138.98 minutes.
42.80 complete after 139.21 minutes.
42.87 complete after 139.41 minutes.
42.93 complete after 139.62 minutes.
43.00 complete after 139.82 minutes.
43.06 complete after 140.02 minutes.
43.13 complete after 140.23 minutes.
43.19 complete after 140.47 minutes.
43.26 complete after 140.68 minutes.
43.32 complete after 140.89 minutes.
43.39 complete after 141.09 minutes.
43.45 complete after 141.29 minutes.
43.52 complete after 141.51 minutes.
43.58 complete after 141.72 minutes.
43.65 complete after 141.94 minutes.
43.72 complete after 142.16 minutes.
43.78 complete after 142.39 minutes.
43.85 complete after 142.63 minutes.
43.91 complete after 142.85 minutes.
43.98 complete after 143.07 minutes.
44.04 complete after 143.28 minutes.
44.11 complete after 143.52 minutes.
44.17 complete after 143.73 minutes.
44.24 complete after 143.93 minutes.
44.30 complete after 144.14 minutes.
44.37 complete after 144.34 minutes.
44.44 complete after 144.56 minutes.
44.50 complete after 144.79 minutes.
44.57 complete after 145.01 minutes.
44.63 complete after 145.24 minutes.
44.70 complete after 145.47 minutes.
44.76 complete after 145.69 minutes.
44.83 complete after 145.90 minutes.
44.89 complete after 146.10 minutes.
44.96 complete after 146.31 minutes.
45.02 complete after 146.55 minutes.
45.09 complete after 146.77 minutes.
45.16 complete after 146.98 minutes.
45.22 complete after 147.19 minutes.
45.29 complete after 147.41 minutes.
45.35 complete after 147.64 minutes.
45.42 complete after 147.88 minutes.
45.48 complete after 148.11 minutes.
45.55 complete after 148.34 minutes.
45.61 complete after 148.55 minutes.
45.68 complete after 148.77 minutes.
45.74 complete after 148.99 minutes.
45.81 complete after 149.21 minutes.
45.88 complete after 149.46 minutes.
45.94 complete after 149.69 minutes.
46.01 complete after 149.90 minutes.
46.07 complete after 150.11 minutes.
46.14 complete after 150.31 minutes.
46.20 complete after 150.53 minutes.
46.27 complete after 150.74 minutes.
46.33 complete after 151.00 minutes.
46.40 complete after 151.22 minutes.
46.46 complete after 151.44 minutes.
46.53 complete after 151.65 minutes.
46.60 complete after 151.85 minutes.
46.66 complete after 152.06 minutes.
46.73 complete after 152.29 minutes.
46.79 complete after 152.50 minutes.
46.86 complete after 152.73 minutes.
46.92 complete after 152.96 minutes.
46.99 complete after 153.16 minutes.
47.05 complete after 153.37 minutes.
47.12 complete after 153.59 minutes.
47.18 complete after 153.81 minutes.
47.25 complete after 154.03 minutes.
47.32 complete after 154.23 minutes.
47.38 complete after 154.45 minutes.
47.45 complete after 154.65 minutes.
47.51 complete after 154.85 minutes.
47.58 complete after 155.06 minutes.
47.64 complete after 155.30 minutes.
47.71 complete after 155.52 minutes.
47.77 complete after 155.74 minutes.
47.84 complete after 155.95 minutes.
47.90 complete after 156.15 minutes.
47.97 complete after 156.36 minutes.
48.04 complete after 156.60 minutes.
48.10 complete after 156.81 minutes.
48.17 complete after 157.02 minutes.
48.23 complete after 157.23 minutes.
48.30 complete after 157.44 minutes.
48.36 complete after 157.66 minutes.
48.43 complete after 157.86 minutes.
48.49 complete after 158.08 minutes.
48.56 complete after 158.29 minutes.
48.62 complete after 158.50 minutes.
48.69 complete after 158.71 minutes.
48.75 complete after 158.92 minutes.
48.82 complete after 159.12 minutes.
48.89 complete after 159.33 minutes.
48.95 complete after 159.58 minutes.
49.02 complete after 159.78 minutes.
49.08 complete after 159.98 minutes.
49.15 complete after 160.19 minutes.
49.21 complete after 160.39 minutes.
49.28 complete after 160.60 minutes.
49.34 complete after 160.82 minutes.
49.41 complete after 161.04 minutes.
49.47 complete after 161.26 minutes.
49.54 complete after 161.48 minutes.
49.61 complete after 161.69 minutes.
49.67 complete after 161.91 minutes.
49.74 complete after 162.13 minutes.
49.80 complete after 162.36 minutes.
49.87 complete after 162.58 minutes.
49.93 complete after 162.80 minutes.
50.00 complete after 163.01 minutes.
50.06 complete after 163.23 minutes.
50.13 complete after 163.44 minutes.
50.19 complete after 163.67 minutes.
50.26 complete after 163.91 minutes.
50.33 complete after 164.13 minutes.
50.39 complete after 164.35 minutes.
50.46 complete after 164.57 minutes.
50.52 complete after 164.79 minutes.
50.59 complete after 164.99 minutes.
50.65 complete after 165.21 minutes.
50.72 complete after 165.45 minutes.
50.78 complete after 165.65 minutes.
50.85 complete after 165.85 minutes.
50.91 complete after 166.06 minutes.
50.98 complete after 166.27 minutes.
51.05 complete after 166.47 minutes.
51.11 complete after 166.69 minutes.
51.18 complete after 166.91 minutes.
51.24 complete after 167.11 minutes.
51.31 complete after 167.32 minutes.
51.37 complete after 167.54 minutes.
51.44 complete after 167.76 minutes.
51.50 complete after 167.96 minutes.
51.57 complete after 168.20 minutes.
51.63 complete after 168.41 minutes.
51.70 complete after 168.62 minutes.
51.77 complete after 168.83 minutes.
51.83 complete after 169.04 minutes.
51.90 complete after 169.26 minutes.
51.96 complete after 169.47 minutes.
52.03 complete after 169.72 minutes.
52.09 complete after 169.94 minutes.
52.16 complete after 170.16 minutes.
52.22 complete after 170.37 minutes.
52.29 complete after 170.60 minutes.
52.35 complete after 170.82 minutes.
52.42 complete after 171.05 minutes.
52.49 complete after 171.27 minutes.
52.55 complete after 171.48 minutes.
52.62 complete after 171.69 minutes.
52.68 complete after 171.90 minutes.
52.75 complete after 172.12 minutes.
52.81 complete after 172.34 minutes.
52.88 complete after 172.60 minutes.
52.94 complete after 172.83 minutes.
53.01 complete after 173.03 minutes.
53.07 complete after 173.25 minutes.
53.14 complete after 173.47 minutes.
53.21 complete after 173.70 minutes.
53.27 complete after 173.91 minutes.
53.34 complete after 174.14 minutes.
53.40 complete after 174.35 minutes.
53.47 complete after 174.55 minutes.
53.53 complete after 174.77 minutes.
53.60 complete after 174.99 minutes.
53.66 complete after 175.22 minutes.
53.73 complete after 175.44 minutes.
53.79 complete after 175.68 minutes.
53.86 complete after 175.89 minutes.
53.92 complete after 176.10 minutes.
53.99 complete after 176.31 minutes.
54.06 complete after 176.53 minutes.
54.12 complete after 176.76 minutes.
54.19 complete after 176.99 minutes.
54.25 complete after 177.20 minutes.
54.32 complete after 177.42 minutes.
54.38 complete after 177.64 minutes.
54.45 complete after 177.86 minutes.
54.51 complete after 178.08 minutes.
54.58 complete after 178.30 minutes.
54.64 complete after 178.52 minutes.
54.71 complete after 178.73 minutes.
54.78 complete after 178.95 minutes.
54.84 complete after 179.16 minutes.
54.91 complete after 179.38 minutes.
54.97 complete after 179.59 minutes.
55.04 complete after 179.79 minutes.
55.10 complete after 180.02 minutes.
55.17 complete after 180.23 minutes.
55.23 complete after 180.44 minutes.
55.30 complete after 180.66 minutes.
55.36 complete after 180.89 minutes.
55.43 complete after 181.09 minutes.
55.50 complete after 181.33 minutes.
55.56 complete after 181.53 minutes.
55.63 complete after 181.74 minutes.
55.69 complete after 181.96 minutes.
55.76 complete after 182.17 minutes.
55.82 complete after 182.37 minutes.
55.89 complete after 182.60 minutes.
55.95 complete after 182.83 minutes.
56.02 complete after 183.03 minutes.
56.08 complete after 183.25 minutes.
56.15 complete after 183.47 minutes.
56.22 complete after 183.69 minutes.
56.28 complete after 183.91 minutes.
56.35 complete after 184.12 minutes.
56.41 complete after 184.35 minutes.
56.48 complete after 184.56 minutes.
56.54 complete after 184.77 minutes.
56.61 complete after 184.97 minutes.
56.67 complete after 185.18 minutes.
56.74 complete after 185.38 minutes.
56.80 complete after 185.61 minutes.
56.87 complete after 185.85 minutes.
56.94 complete after 186.07 minutes.
57.00 complete after 186.29 minutes.
57.07 complete after 186.50 minutes.
57.13 complete after 186.72 minutes.
57.20 complete after 186.93 minutes.
57.26 complete after 187.18 minutes.
57.33 complete after 187.39 minutes.
57.39 complete after 187.63 minutes.
57.46 complete after 187.85 minutes.
57.52 complete after 188.09 minutes.
57.59 complete after 188.31 minutes.
57.66 complete after 188.54 minutes.
57.72 complete after 188.78 minutes.
57.79 complete after 188.99 minutes.
57.85 complete after 189.20 minutes.
57.92 complete after 189.40 minutes.
57.98 complete after 189.60 minutes.
58.05 complete after 189.81 minutes.
58.11 complete after 190.03 minutes.
58.18 complete after 190.25 minutes.
58.24 complete after 190.45 minutes.
58.31 complete after 190.67 minutes.
58.38 complete after 190.88 minutes.
58.44 complete after 191.09 minutes.
58.51 complete after 191.30 minutes.
58.57 complete after 191.55 minutes.
58.64 complete after 191.76 minutes.
58.70 complete after 191.98 minutes.
58.77 complete after 192.20 minutes.
58.83 complete after 192.42 minutes.
58.90 complete after 192.64 minutes.
58.96 complete after 192.86 minutes.
59.03 complete after 193.10 minutes.
59.09 complete after 193.31 minutes.
59.16 complete after 193.53 minutes.
59.23 complete after 193.73 minutes.
59.29 complete after 193.94 minutes.
59.36 complete after 194.14 minutes.
59.42 complete after 194.36 minutes.
59.49 complete after 194.60 minutes.
59.55 complete after 194.81 minutes.
59.62 complete after 195.02 minutes.
59.68 complete after 195.23 minutes.
59.75 complete after 195.44 minutes.
59.81 complete after 195.66 minutes.
59.88 complete after 195.86 minutes.
59.95 complete after 196.07 minutes.
60.01 complete after 196.28 minutes.
60.08 complete after 196.48 minutes.
60.14 complete after 196.69 minutes.
60.21 complete after 196.91 minutes.
60.27 complete after 197.11 minutes.
60.34 complete after 197.31 minutes.
60.40 complete after 197.56 minutes.
60.47 complete after 197.78 minutes.
60.53 complete after 197.99 minutes.
60.60 complete after 198.19 minutes.
60.67 complete after 198.40 minutes.
60.73 complete after 198.60 minutes.
60.80 complete after 198.83 minutes.
60.86 complete after 199.02 minutes.
60.93 complete after 199.23 minutes.
60.99 complete after 199.43 minutes.
61.06 complete after 199.66 minutes.
61.12 complete after 199.86 minutes.
61.19 complete after 200.06 minutes.
61.25 complete after 200.28 minutes.
61.32 complete after 200.48 minutes.
61.39 complete after 200.69 minutes.
61.45 complete after 200.91 minutes.
61.52 complete after 201.10 minutes.
61.58 complete after 201.31 minutes.
61.65 complete after 201.52 minutes.
61.71 complete after 201.75 minutes.
61.78 complete after 201.95 minutes.
61.84 complete after 202.16 minutes.
61.91 complete after 202.37 minutes.
61.97 complete after 202.59 minutes.
62.04 complete after 202.82 minutes.
62.11 complete after 203.03 minutes.
62.17 complete after 203.25 minutes.
62.24 complete after 203.45 minutes.
62.30 complete after 203.65 minutes.
62.37 complete after 203.86 minutes.
62.43 complete after 204.06 minutes.
62.50 complete after 204.27 minutes.
62.56 complete after 204.48 minutes.
62.63 complete after 204.69 minutes.
62.69 complete after 204.89 minutes.
62.76 complete after 205.09 minutes.
62.83 complete after 205.29 minutes.
62.89 complete after 205.50 minutes.
62.96 complete after 205.71 minutes.
63.02 complete after 205.93 minutes.
63.09 complete after 206.14 minutes.
63.15 complete after 206.34 minutes.
63.22 complete after 206.55 minutes.
63.28 complete after 206.77 minutes.
63.35 complete after 206.97 minutes.
63.41 complete after 207.17 minutes.
63.48 complete after 207.43 minutes.
63.55 complete after 207.65 minutes.
63.61 complete after 207.88 minutes.
63.68 complete after 208.09 minutes.
63.74 complete after 208.31 minutes.
63.81 complete after 208.51 minutes.
63.87 complete after 208.75 minutes.
63.94 complete after 208.96 minutes.
64.00 complete after 209.17 minutes.
64.07 complete after 209.39 minutes.
64.13 complete after 209.59 minutes.
64.20 complete after 209.79 minutes.
64.26 complete after 210.01 minutes.
64.33 complete after 210.24 minutes.
64.40 complete after 210.44 minutes.
64.46 complete after 210.65 minutes.
64.53 complete after 210.85 minutes.
64.59 complete after 211.05 minutes.
64.66 complete after 211.25 minutes.
64.72 complete after 211.46 minutes.
64.79 complete after 211.68 minutes.
64.85 complete after 211.88 minutes.
64.92 complete after 212.10 minutes.
64.98 complete after 212.30 minutes.
65.05 complete after 212.52 minutes.
65.12 complete after 212.74 minutes.
65.18 complete after 212.98 minutes.
65.25 complete after 213.20 minutes.
65.31 complete after 213.41 minutes.
65.38 complete after 213.63 minutes.
65.44 complete after 213.84 minutes.
65.51 complete after 214.05 minutes.
65.57 complete after 214.26 minutes.
65.64 complete after 214.49 minutes.
65.70 complete after 214.69 minutes.
65.77 complete after 214.89 minutes.
65.84 complete after 215.10 minutes.
65.90 complete after 215.31 minutes.
65.97 complete after 215.51 minutes.
66.03 complete after 215.71 minutes.
66.10 complete after 215.93 minutes.
66.16 complete after 216.13 minutes.
66.23 complete after 216.33 minutes.
66.29 complete after 216.53 minutes.
66.36 complete after 216.75 minutes.
66.42 complete after 216.96 minutes.
66.49 complete after 217.17 minutes.
66.56 complete after 217.42 minutes.
66.62 complete after 217.64 minutes.
66.69 complete after 217.85 minutes.
66.75 complete after 218.08 minutes.
66.82 complete after 218.29 minutes.
66.88 complete after 218.50 minutes.
66.95 complete after 218.73 minutes.
67.01 complete after 218.95 minutes.
67.08 complete after 219.15 minutes.
67.14 complete after 219.36 minutes.
67.21 complete after 219.58 minutes.
67.28 complete after 219.79 minutes.
67.34 complete after 220.00 minutes.
67.41 complete after 220.24 minutes.
67.47 complete after 220.44 minutes.
67.54 complete after 220.65 minutes.
67.60 complete after 220.87 minutes.
67.67 complete after 221.07 minutes.
67.73 complete after 221.28 minutes.
67.80 complete after 221.50 minutes.
67.86 complete after 221.74 minutes.
67.93 complete after 221.95 minutes.
68.00 complete after 222.16 minutes.
68.06 complete after 222.37 minutes.
68.13 complete after 222.59 minutes.
68.19 complete after 222.81 minutes.
68.26 complete after 223.05 minutes.
68.32 complete after 223.25 minutes.
68.39 complete after 223.47 minutes.
68.45 complete after 223.68 minutes.
68.52 complete after 223.89 minutes.
68.58 complete after 224.10 minutes.
68.65 complete after 224.30 minutes.
68.72 complete after 224.55 minutes.
68.78 complete after 224.76 minutes.
68.85 complete after 224.94 minutes.
68.91 complete after 225.14 minutes.
68.98 complete after 225.34 minutes.
69.04 complete after 225.55 minutes.
69.11 complete after 225.75 minutes.
69.17 complete after 225.99 minutes.
69.24 complete after 226.21 minutes.
69.30 complete after 226.41 minutes.
69.37 complete after 226.62 minutes.
69.43 complete after 226.82 minutes.
69.50 complete after 227.02 minutes.
69.57 complete after 227.23 minutes.
69.63 complete after 227.45 minutes.
69.70 complete after 227.66 minutes.
69.76 complete after 227.86 minutes.
69.83 complete after 228.07 minutes.
69.89 complete after 228.27 minutes.
69.96 complete after 228.48 minutes.
70.02 complete after 228.73 minutes.
70.09 complete after 228.93 minutes.
70.15 complete after 229.13 minutes.
70.22 complete after 229.33 minutes.
70.29 complete after 229.54 minutes.
70.35 complete after 229.74 minutes.
70.42 complete after 229.94 minutes.
70.48 complete after 230.16 minutes.
70.55 complete after 230.35 minutes.
70.61 complete after 230.57 minutes.
70.68 complete after 230.77 minutes.
70.74 complete after 230.98 minutes.
70.81 complete after 231.19 minutes.
70.87 complete after 231.39 minutes.
70.94 complete after 231.61 minutes.
71.01 complete after 231.81 minutes.
71.07 complete after 232.02 minutes.
71.14 complete after 232.22 minutes.
71.20 complete after 232.44 minutes.
71.27 complete after 232.66 minutes.
71.33 complete after 232.89 minutes.
71.40 complete after 233.08 minutes.
71.46 complete after 233.29 minutes.
71.53 complete after 233.48 minutes.
71.59 complete after 233.68 minutes.
71.66 complete after 233.88 minutes.
71.73 complete after 234.07 minutes.
71.79 complete after 234.28 minutes.
71.86 complete after 234.49 minutes.
71.92 complete after 234.71 minutes.
71.99 complete after 234.93 minutes.
72.05 complete after 235.14 minutes.
72.12 complete after 235.34 minutes.
72.18 complete after 235.56 minutes.
72.25 complete after 235.79 minutes.
72.31 complete after 236.00 minutes.
72.38 complete after 236.20 minutes.
72.45 complete after 236.41 minutes.
72.51 complete after 236.62 minutes.
72.58 complete after 236.81 minutes.
72.64 complete after 237.03 minutes.
72.71 complete after 237.24 minutes.
72.77 complete after 237.44 minutes.
72.84 complete after 237.66 minutes.
72.90 complete after 237.87 minutes.
72.97 complete after 238.07 minutes.
73.03 complete after 238.27 minutes.
73.10 complete after 238.50 minutes.
73.17 complete after 238.70 minutes.
73.23 complete after 238.90 minutes.
73.30 complete after 239.11 minutes.
73.36 complete after 239.31 minutes.
73.43 complete after 239.52 minutes.
73.49 complete after 239.72 minutes.
73.56 complete after 239.95 minutes.
73.62 complete after 240.16 minutes.
73.69 complete after 240.36 minutes.
73.75 complete after 240.56 minutes.
73.82 complete after 240.77 minutes.
73.89 complete after 240.98 minutes.
73.95 complete after 241.19 minutes.
74.02 complete after 241.42 minutes.
74.08 complete after 241.62 minutes.
74.15 complete after 241.83 minutes.
74.21 complete after 242.04 minutes.
74.28 complete after 242.27 minutes.
74.34 complete after 242.50 minutes.
74.41 complete after 242.71 minutes.
74.47 complete after 242.93 minutes.
74.54 complete after 243.13 minutes.
74.60 complete after 243.34 minutes.
74.67 complete after 243.54 minutes.
74.74 complete after 243.74 minutes.
74.80 complete after 243.94 minutes.
74.87 complete after 244.17 minutes.
74.93 complete after 244.39 minutes.
75.00 complete after 244.59 minutes.
75.06 complete after 244.79 minutes.
75.13 complete after 245.00 minutes.
75.19 complete after 245.21 minutes.
75.26 complete after 245.42 minutes.
75.32 complete after 245.65 minutes.
75.39 complete after 245.85 minutes.
75.46 complete after 246.07 minutes.
75.52 complete after 246.27 minutes.
75.59 complete after 246.48 minutes.
75.65 complete after 246.68 minutes.
75.72 complete after 246.89 minutes.
75.78 complete after 247.12 minutes.
75.85 complete after 247.32 minutes.
75.91 complete after 247.53 minutes.
75.98 complete after 247.75 minutes.
76.04 complete after 247.96 minutes.
76.11 complete after 248.17 minutes.
76.18 complete after 248.38 minutes.
76.24 complete after 248.62 minutes.
76.31 complete after 248.82 minutes.
76.37 complete after 249.02 minutes.
76.44 complete after 249.22 minutes.
76.50 complete after 249.44 minutes.
76.57 complete after 249.65 minutes.
76.63 complete after 249.90 minutes.
76.70 complete after 250.10 minutes.
76.76 complete after 250.31 minutes.
76.83 complete after 250.51 minutes.
76.90 complete after 250.72 minutes.
76.96 complete after 250.93 minutes.
77.03 complete after 251.14 minutes.
77.09 complete after 251.36 minutes.
77.16 complete after 251.57 minutes.
77.22 complete after 251.78 minutes.
77.29 complete after 251.99 minutes.
77.35 complete after 252.20 minutes.
77.42 complete after 252.41 minutes.
77.48 complete after 252.63 minutes.
77.55 complete after 252.85 minutes.
77.62 complete after 253.06 minutes.
77.68 complete after 253.26 minutes.
77.75 complete after 253.47 minutes.
77.81 complete after 253.68 minutes.
77.88 complete after 253.88 minutes.
77.94 complete after 254.12 minutes.
78.01 complete after 254.33 minutes.
78.07 complete after 254.54 minutes.
78.14 complete after 254.76 minutes.
78.20 complete after 254.98 minutes.
78.27 complete after 255.19 minutes.
78.34 complete after 255.40 minutes.
78.40 complete after 255.65 minutes.
78.47 complete after 255.87 minutes.
78.53 complete after 256.07 minutes.
78.60 complete after 256.27 minutes.
78.66 complete after 256.49 minutes.
78.73 complete after 256.70 minutes.
78.79 complete after 256.93 minutes.
78.86 complete after 257.16 minutes.
78.92 complete after 257.37 minutes.
78.99 complete after 257.60 minutes.
79.06 complete after 257.82 minutes.
79.12 complete after 258.04 minutes.
79.19 complete after 258.25 minutes.
79.25 complete after 258.49 minutes.
79.32 complete after 258.70 minutes.
79.38 complete after 258.91 minutes.
79.45 complete after 259.11 minutes.
79.51 complete after 259.31 minutes.
79.58 complete after 259.51 minutes.
79.64 complete after 259.71 minutes.
79.71 complete after 259.96 minutes.
79.77 complete after 260.17 minutes.
79.84 complete after 260.38 minutes.
79.91 complete after 260.59 minutes.
79.97 complete after 260.81 minutes.
80.04 complete after 261.00 minutes.
80.10 complete after 261.20 minutes.
80.17 complete after 261.42 minutes.
80.23 complete after 261.63 minutes.
80.30 complete after 261.83 minutes.
80.36 complete after 262.04 minutes.
80.43 complete after 262.24 minutes.
80.49 complete after 262.45 minutes.
80.56 complete after 262.66 minutes.
80.63 complete after 262.88 minutes.
80.69 complete after 263.09 minutes.
80.76 complete after 263.29 minutes.
80.82 complete after 263.49 minutes.
80.89 complete after 263.70 minutes.
80.95 complete after 263.90 minutes.
81.02 complete after 264.15 minutes.
81.08 complete after 264.35 minutes.
81.15 complete after 264.56 minutes.
81.21 complete after 264.77 minutes.
81.28 complete after 264.99 minutes.
81.35 complete after 265.19 minutes.
81.41 complete after 265.39 minutes.
81.48 complete after 265.64 minutes.
81.54 complete after 265.84 minutes.
81.61 complete after 266.05 minutes.
81.67 complete after 266.26 minutes.
81.74 complete after 266.46 minutes.
81.80 complete after 266.67 minutes.
81.87 complete after 266.88 minutes.
81.93 complete after 267.11 minutes.
82.00 complete after 267.31 minutes.
82.07 complete after 267.52 minutes.
82.13 complete after 267.75 minutes.
82.20 complete after 267.96 minutes.
82.26 complete after 268.17 minutes.
82.33 complete after 268.40 minutes.
82.39 complete after 268.61 minutes.
82.46 complete after 268.82 minutes.
82.52 complete after 269.04 minutes.
82.59 complete after 269.24 minutes.
82.65 complete after 269.45 minutes.
82.72 complete after 269.67 minutes.
82.79 complete after 269.91 minutes.
82.85 complete after 270.12 minutes.
82.92 complete after 270.33 minutes.
82.98 complete after 270.54 minutes.
83.05 complete after 270.75 minutes.
83.11 complete after 270.95 minutes.
83.18 complete after 271.16 minutes.
83.24 complete after 271.41 minutes.
83.31 complete after 271.62 minutes.
83.37 complete after 271.83 minutes.
83.44 complete after 272.04 minutes.
83.51 complete after 272.25 minutes.
83.57 complete after 272.46 minutes.
83.64 complete after 272.69 minutes.
83.70 complete after 272.92 minutes.
83.77 complete after 273.13 minutes.
83.83 complete after 273.36 minutes.
83.90 complete after 273.57 minutes.
83.96 complete after 273.78 minutes.
84.03 complete after 273.99 minutes.
84.09 complete after 274.22 minutes.
84.16 complete after 274.43 minutes.
84.22 complete after 274.64 minutes.
84.29 complete after 274.84 minutes.
84.36 complete after 275.05 minutes.
84.42 complete after 275.27 minutes.
84.49 complete after 275.48 minutes.
84.55 complete after 275.73 minutes.
84.62 complete after 275.94 minutes.
84.68 complete after 276.15 minutes.
84.75 complete after 276.35 minutes.
84.81 complete after 276.56 minutes.
84.88 complete after 276.78 minutes.
84.94 complete after 276.99 minutes.
85.01 complete after 277.23 minutes.
85.08 complete after 277.44 minutes.
85.14 complete after 277.66 minutes.
85.21 complete after 277.86 minutes.
85.27 complete after 278.06 minutes.
85.34 complete after 278.28 minutes.
85.40 complete after 278.51 minutes.
85.47 complete after 278.72 minutes.
85.53 complete after 278.92 minutes.
85.60 complete after 279.13 minutes.
85.66 complete after 279.33 minutes.
85.73 complete after 279.54 minutes.
85.80 complete after 279.75 minutes.
85.86 complete after 280.01 minutes.
85.93 complete after 280.22 minutes.
85.99 complete after 280.44 minutes.
86.06 complete after 280.65 minutes.
86.12 complete after 280.86 minutes.
86.19 complete after 281.07 minutes.
86.25 complete after 281.29 minutes.
86.32 complete after 281.52 minutes.
86.38 complete after 281.73 minutes.
86.45 complete after 281.94 minutes.
86.52 complete after 282.14 minutes.
86.58 complete after 282.36 minutes.
86.65 complete after 282.58 minutes.
86.71 complete after 282.82 minutes.
86.78 complete after 283.03 minutes.
86.84 complete after 283.25 minutes.
86.91 complete after 283.46 minutes.
86.97 complete after 283.68 minutes.
87.04 complete after 283.90 minutes.
87.10 complete after 284.11 minutes.
87.17 complete after 284.32 minutes.
87.24 complete after 284.56 minutes.
87.30 complete after 284.80 minutes.
87.37 complete after 285.02 minutes.
87.43 complete after 285.26 minutes.
87.50 complete after 285.48 minutes.
87.56 complete after 285.71 minutes.
87.63 complete after 285.99 minutes.
87.69 complete after 286.22 minutes.
87.76 complete after 286.44 minutes.
87.82 complete after 286.68 minutes.
87.89 complete after 286.91 minutes.
87.96 complete after 287.14 minutes.
88.02 complete after 287.37 minutes.
88.09 complete after 287.65 minutes.
88.15 complete after 287.87 minutes.
88.22 complete after 288.09 minutes.
88.28 complete after 288.32 minutes.
88.35 complete after 288.55 minutes.
88.41 complete after 288.77 minutes.
88.48 complete after 289.00 minutes.
88.54 complete after 289.24 minutes.
88.61 complete after 289.46 minutes.
88.68 complete after 289.68 minutes.
88.74 complete after 289.91 minutes.
88.81 complete after 290.14 minutes.
88.87 complete after 290.37 minutes.
88.94 complete after 290.62 minutes.
89.00 complete after 290.85 minutes.
89.07 complete after 291.08 minutes.
89.13 complete after 291.30 minutes.
89.20 complete after 291.53 minutes.
89.26 complete after 291.76 minutes.
89.33 complete after 291.96 minutes.
89.39 complete after 292.23 minutes.
89.46 complete after 292.48 minutes.
89.53 complete after 292.72 minutes.
89.59 complete after 292.95 minutes.
89.66 complete after 293.18 minutes.
89.72 complete after 293.40 minutes.
89.79 complete after 293.62 minutes.
89.85 complete after 293.87 minutes.
89.92 complete after 294.08 minutes.
89.98 complete after 294.31 minutes.
90.05 complete after 294.54 minutes.
90.11 complete after 294.76 minutes.
90.18 complete after 294.98 minutes.
90.25 complete after 295.21 minutes.
90.31 complete after 295.47 minutes.
90.38 complete after 295.70 minutes.
90.44 complete after 295.93 minutes.
90.51 complete after 296.16 minutes.
90.57 complete after 296.38 minutes.
90.64 complete after 296.61 minutes.
90.70 complete after 296.85 minutes.
90.77 complete after 297.07 minutes.
90.83 complete after 297.30 minutes.
90.90 complete after 297.53 minutes.
90.97 complete after 297.76 minutes.
91.03 complete after 297.98 minutes.
91.10 complete after 298.22 minutes.
91.16 complete after 298.50 minutes.
91.23 complete after 298.72 minutes.
91.29 complete after 298.94 minutes.
91.36 complete after 299.18 minutes.
91.42 complete after 299.40 minutes.
91.49 complete after 299.64 minutes.
91.55 complete after 299.86 minutes.
91.62 complete after 300.11 minutes.
91.69 complete after 300.35 minutes.
91.75 complete after 300.57 minutes.
91.82 complete after 300.80 minutes.
91.88 complete after 301.04 minutes.
91.95 complete after 301.26 minutes.
92.01 complete after 301.49 minutes.
92.08 complete after 301.72 minutes.
92.14 complete after 301.94 minutes.
92.21 complete after 302.15 minutes.
92.27 complete after 302.38 minutes.
92.34 complete after 302.63 minutes.
92.41 complete after 302.88 minutes.
92.47 complete after 303.20 minutes.
92.54 complete after 303.49 minutes.
92.60 complete after 303.76 minutes.
92.67 complete after 304.05 minutes.
92.73 complete after 304.34 minutes.
92.80 complete after 304.61 minutes.
92.86 complete after 304.88 minutes.
92.93 complete after 305.20 minutes.
92.99 complete after 305.48 minutes.
93.06 complete after 305.78 minutes.
93.13 complete after 306.07 minutes.
93.19 complete after 306.35 minutes.
93.26 complete after 306.62 minutes.
93.32 complete after 306.90 minutes.
93.39 complete after 307.18 minutes.
93.45 complete after 307.45 minutes.
93.52 complete after 307.72 minutes.
93.58 complete after 307.97 minutes.
93.65 complete after 308.23 minutes.
93.71 complete after 308.50 minutes.
93.78 complete after 308.78 minutes.
93.85 complete after 309.06 minutes.
93.91 complete after 309.31 minutes.
93.98 complete after 309.54 minutes.
94.04 complete after 309.79 minutes.
94.11 complete after 310.04 minutes.
94.17 complete after 310.30 minutes.
94.24 complete after 310.60 minutes.
94.30 complete after 310.88 minutes.
94.37 complete after 311.14 minutes.
94.43 complete after 311.42 minutes.
94.50 complete after 311.69 minutes.
94.56 complete after 311.96 minutes.
94.63 complete after 312.22 minutes.
94.70 complete after 312.52 minutes.
94.76 complete after 312.81 minutes.
94.83 complete after 313.08 minutes.
94.89 complete after 313.34 minutes.
94.96 complete after 313.62 minutes.
95.02 complete after 313.89 minutes.
95.09 complete after 314.18 minutes.
95.15 complete after 314.43 minutes.
95.22 complete after 314.69 minutes.
95.28 complete after 314.97 minutes.
95.35 complete after 315.24 minutes.
95.42 complete after 315.51 minutes.
95.48 complete after 315.78 minutes.
95.55 complete after 316.09 minutes.
95.61 complete after 316.37 minutes.
95.68 complete after 316.66 minutes.
95.74 complete after 316.93 minutes.
95.81 complete after 317.19 minutes.
95.87 complete after 317.46 minutes.
95.94 complete after 317.75 minutes.
96.00 complete after 318.06 minutes.
96.07 complete after 318.33 minutes.
96.14 complete after 318.59 minutes.
96.20 complete after 318.86 minutes.
96.27 complete after 319.11 minutes.
96.33 complete after 319.37 minutes.
96.40 complete after 319.64 minutes.
96.46 complete after 319.90 minutes.
96.53 complete after 320.16 minutes.
96.59 complete after 320.43 minutes.
96.66 complete after 320.69 minutes.
96.72 complete after 320.96 minutes.
96.79 complete after 321.21 minutes.
96.86 complete after 321.49 minutes.
96.92 complete after 321.75 minutes.
96.99 complete after 322.01 minutes.
97.05 complete after 322.26 minutes.
97.12 complete after 322.52 minutes.
97.18 complete after 322.79 minutes.
97.25 complete after 323.05 minutes.
97.31 complete after 323.34 minutes.
97.38 complete after 323.61 minutes.
97.44 complete after 323.87 minutes.
97.51 complete after 324.14 minutes.
97.58 complete after 324.39 minutes.
97.64 complete after 324.65 minutes.
97.71 complete after 324.91 minutes.
97.77 complete after 325.19 minutes.
97.84 complete after 325.44 minutes.
97.90 complete after 325.69 minutes.
97.97 complete after 325.95 minutes.
98.03 complete after 326.21 minutes.
98.10 complete after 326.46 minutes.
98.16 complete after 326.74 minutes.
98.23 complete after 326.99 minutes.
98.30 complete after 327.26 minutes.
98.36 complete after 327.53 minutes.
98.43 complete after 327.82 minutes.
98.49 complete after 328.08 minutes.
98.56 complete after 328.35 minutes.
98.62 complete after 328.63 minutes.
98.69 complete after 328.89 minutes.
98.75 complete after 329.14 minutes.
98.82 complete after 329.40 minutes.
98.88 complete after 329.67 minutes.
98.95 complete after 329.93 minutes.
99.02 complete after 330.19 minutes.
99.08 complete after 330.49 minutes.
99.15 complete after 330.74 minutes.
99.21 complete after 331.00 minutes.
99.28 complete after 331.27 minutes.
99.34 complete after 331.54 minutes.
99.41 complete after 331.79 minutes.
99.47 complete after 332.07 minutes.
99.54 complete after 332.33 minutes.
99.60 complete after 332.62 minutes.
99.67 complete after 332.90 minutes.
99.73 complete after 333.17 minutes.
99.80 complete after 333.44 minutes.
99.87 complete after 333.69 minutes.
99.93 complete after 333.97 minutes.
100.00 complete after 334.23 minutes.
       TARGETID        ROSETTE     BGSZWEIGHT           VOLUME               MRH                 ZMAX               VMAX              VONVMAX       
---------------------- ------- ------------------ ------------------ ------------------- ------------------- ------------------ --------------------
3.9627733927462344e+16    -1.0 1.0120848417282104  1587205938.226813 -19.881173918302483 0.21445029728502413 1751150191.2628093   0.9063791022300772
 3.962773392746358e+16    -1.0 1.0099681615829468 1062135142.7444754  -20.70733488751636 0.29628868288639787  5323347915.829818  0.19952390103717407
 3.962773392746381e+16    -1.0 1.0021929740905762  1078294036.807503 -21.046547705446496  0.3332149454558418  8036253965.413615  0.13417869089855283
3.9627733927464616e+16    -1.0 1.0001806020736694 20504846.539446913 -19.680466316967664 0.19446983251551314 1258452404.9120433 0.016293700468457566
 3.962773392746479e+16    -1.0 1.0094077587127686  3671183560.927993 -20.737353369447934 0.29644961910733025  5333441628.708148    0.688332940810157
 3.962773392746541e+16    -1.0 1.0092251300811768 3210213246.6705976 -20.714648935395925 0.29262655902175044  5097454651.457259    0.629767887342139
 3.962773392746584e+16    -1.0 1.0278266668319702  6360413115.181655  -20.92749320908252 0.32988940538656114  7757216253.891779   0.8199350007795192
 3.962773393165839e+16    -1.0  1.002821922302246 321068872.47894186 -20.376518938389612  0.2757939624700396 4148911106.5300975  0.07738629829248493
 3.962773393585003e+16    -1.0 1.0646191835403442  5051541687.274428 -21.800309591388178 0.44274519177708177  22158184559.31494   0.2279763341510233
 3.962773393585026e+16    -1.0 1.0269536972045898  5005379526.833531 -20.991229823210528  0.3329808850924181  8016374836.716715   0.6243943963183732
                   ...     ...                ...                ...                 ...                 ...                ...                  ...
3.9633470518987304e+16    -1.0 1.0061274766921997 21998511.042914648  -17.25627804083911 0.07020893580126096  45975067.14166157   0.4784878502761357
 3.963347051898742e+16    -1.0 1.0055047273635864 1344108700.3092365  -20.01494102974851  0.2232116072688997 2006358373.4314263   0.6699245349725034
 3.963347051898743e+16    -1.0 1.0058860778808594  5916316447.166563  -21.37918396420544  0.3702582246073692  11672702747.37179   0.5068506048009038
 3.963347051898766e+16    -1.0 1.0128265619277954  5890912874.081965 -21.450968458460547 0.38916015100681045   13940066952.9221   0.4225885638839862
 3.963347051898783e+16    -1.0 1.0114359855651855  66345747.02451493 -17.530565030926002 0.07906007549237955  66937032.04014024   0.9911665486561947
 3.963347052317962e+16    -1.0 1.0018601417541504   2354821854.67985  -21.04876188867933  0.3294473452024118  7720672466.154501  0.30500216982429973
  3.96334705231799e+16    -1.0 1.0106806755065918  2740101124.637729  -20.21325261416125 0.24111721864109162  2611177984.971432   1.0493735549274354
 3.963347052318041e+16    -1.0 1.0085970163345337 2930440872.5261884  -21.93092143252822 0.44261799630117965 22135201619.116722  0.13238826205203202
 3.963347052318047e+16    -1.0 1.0062944889068604  5455679472.838845 -20.752474035412316  0.2978752802555328  5423475825.712224   1.0059378244066188
 3.963347052318103e+16    -1.0  1.001697063446045  2361626816.922837 -21.020076883312147 0.32369219972057095  7256461235.023324   0.3254515858948492
 3.963347052318115e+16    -1.0 1.0055567026138306  893478502.9773248 -19.838347589933466 0.21703500883401422 1823815229.2532809   0.4898952967637731
Length = 152805 rows
Finished writing to /global/cscratch1/sd/mjwilson/desi/BGS/lumfn/bright_sv3_derived.fits
