WARNING: leap-second auto-update failed due to the following exception: RuntimeError('Cache is locked after 5.02 s. This may indicate an astropy bug or that kill -9 was used. If you want to unlock the cache remove the directory /global/homes/m/mjwilson/.astropy/cache/download/py3/lock. Lock claims to be held by process .') [astropy.time.core]
gen_cats.py:65: RuntimeWarning: invalid value encountered in log10
  bright_merge['GMAG']                = 22.5 - 2.5 * np.log10(bright_merge['FLUX_G'])
gen_cats.py:66: RuntimeWarning: invalid value encountered in log10
  bright_merge['GMAG_DRED']           = 22.5 - 2.5 * np.log10(bright_merge['FLUX_G'] / bright_merge['MW_TRANSMISSION_G'])
0.1 /global/cscratch1/sd/mjwilson/desi/BGS/lumfn/
 CATAID        GAMA_NAME        IC_FLAG ... FITBITS   SERSIC   SERSIC_IVAR
------- ----------------------- ------- ... ------- ---------- -----------
   6802 GAMAJ113601.43+004315.3    4104 ...       0 0.90348786   5671.4395
   6806 GAMAJ113605.47+004221.3    4104 ...       0        1.0         0.0
   6808 GAMAJ113624.17+003932.1    4104 ...       0  4.9086385   430.04654
   6810 GAMAJ113626.18+004814.0    4104 ...       0  1.7437057   2193.0415
   6813 GAMAJ113615.31+003840.3    4104 ...       0        1.0         0.0
   6816 GAMAJ113604.55+003956.8    4104 ...       0        1.0         0.0
   6820 GAMAJ113608.43+004721.4    4104 ...       0  1.5361295  1023.42487
   6821 GAMAJ113636.75+004855.5    4104 ...     131        0.0         0.0
   6826 GAMAJ113644.38+004232.5    4104 ...       0        1.0         0.0
   6830 GAMAJ113707.32+004221.9    4104 ...       0  0.8053958   10215.947
    ...                     ...     ... ...     ...        ...         ...
8009006 GAMAJ021940.94-063545.4     128 ...     128        0.0         0.0
8009007 GAMAJ022024.66-041757.8     128 ...    4224        0.0         0.0
8009008 GAMAJ022117.15-062354.9     128 ...     128        0.0         0.0
8009009 GAMAJ022237.64-071255.6     128 ...     128        0.0         0.0
8009010 GAMAJ022332.40-065742.3     128 ...    4224        0.0         0.0
8009011 GAMAJ022454.84-061653.7     128 ...     128        0.0         0.0
8009012 GAMAJ022644.82-071838.9     128 ...     128        0.0         0.0
8009013 GAMAJ022734.56-051916.1     128 ...     130        0.0         0.0
8009014 GAMAJ022803.78-040948.0     128 ...     128        0.0         0.0
8009015 GAMAJ022854.75-045901.4     128 ...    4224        0.0         0.0
8009016 GAMAJ023136.26-041831.4     128 ...     128        0.0         0.0
Length = 159409 rows
 CATAID        GAMA_NAME        IC_FLAG ... BGS_Z_SUCCESS BGS_Z_WEIGHT
------- ----------------------- ------- ... ------------- ------------
   6802 GAMAJ113601.43+004315.3    4104 ...          True          1.0
   6806 GAMAJ113605.47+004221.3    4104 ...          True          1.0
   6808 GAMAJ113624.17+003932.1    4104 ...          True          1.0
   6810 GAMAJ113626.18+004814.0    4104 ...          True          1.0
   6813 GAMAJ113615.31+003840.3    4104 ...          True          1.0
   6816 GAMAJ113604.55+003956.8    4104 ...          True          1.0
   6820 GAMAJ113608.43+004721.4    4104 ...          True          1.0
   6821 GAMAJ113636.75+004855.5    4104 ...          True          1.0
   6826 GAMAJ113644.38+004232.5    4104 ...          True          1.0
   6830 GAMAJ113707.32+004221.9    4104 ...          True          1.0
    ...                     ...     ... ...           ...          ...
8009006 GAMAJ021940.94-063545.4     128 ...          True          1.0
8009007 GAMAJ022024.66-041757.8     128 ...          True          1.0
8009008 GAMAJ022117.15-062354.9     128 ...          True          1.0
8009009 GAMAJ022237.64-071255.6     128 ...          True          1.0
8009010 GAMAJ022332.40-065742.3     128 ...          True          1.0
8009011 GAMAJ022454.84-061653.7     128 ...          True          1.0
8009012 GAMAJ022644.82-071838.9     128 ...          True          1.0
8009013 GAMAJ022734.56-051916.1     128 ...          True          1.0
8009014 GAMAJ022803.78-040948.0     128 ...          True          1.0
8009015 GAMAJ022854.75-045901.4     128 ...          True          1.0
8009016 GAMAJ023136.26-041831.4     128 ...          True          1.0
Length = 159042 rows
0.00 complete after 0.00 minutes.
0.06 complete after 0.24 minutes.
0.13 complete after 0.48 minutes.
0.19 complete after 0.69 minutes.
0.25 complete after 0.91 minutes.
0.31 complete after 1.15 minutes.
0.38 complete after 1.38 minutes.
0.44 complete after 1.60 minutes.
0.50 complete after 1.83 minutes.
0.57 complete after 2.06 minutes.
0.63 complete after 2.31 minutes.
0.69 complete after 2.53 minutes.
0.75 complete after 2.72 minutes.
0.82 complete after 2.94 minutes.
0.88 complete after 3.13 minutes.
0.94 complete after 3.32 minutes.
1.01 complete after 3.52 minutes.
1.07 complete after 3.73 minutes.
1.13 complete after 3.93 minutes.
1.19 complete after 4.13 minutes.
1.26 complete after 4.33 minutes.
1.32 complete after 4.54 minutes.
1.38 complete after 4.74 minutes.
1.45 complete after 4.92 minutes.
1.51 complete after 5.12 minutes.
1.57 complete after 5.33 minutes.
1.63 complete after 5.52 minutes.
1.70 complete after 5.72 minutes.
1.76 complete after 5.93 minutes.
1.82 complete after 6.13 minutes.
1.89 complete after 6.34 minutes.
1.95 complete after 6.55 minutes.
2.01 complete after 6.74 minutes.
2.07 complete after 6.94 minutes.
2.14 complete after 7.13 minutes.
2.20 complete after 7.33 minutes.
2.26 complete after 7.54 minutes.
2.33 complete after 7.73 minutes.
2.39 complete after 7.93 minutes.
2.45 complete after 8.15 minutes.
2.52 complete after 8.39 minutes.
2.58 complete after 8.64 minutes.
2.64 complete after 8.86 minutes.
2.70 complete after 9.08 minutes.
2.77 complete after 9.31 minutes.
2.83 complete after 9.54 minutes.
2.89 complete after 9.77 minutes.
2.96 complete after 9.98 minutes.
3.02 complete after 10.20 minutes.
3.08 complete after 10.44 minutes.
3.14 complete after 10.62 minutes.
3.21 complete after 10.82 minutes.
3.27 complete after 11.04 minutes.
3.33 complete after 11.26 minutes.
3.40 complete after 11.49 minutes.
3.46 complete after 11.72 minutes.
3.52 complete after 11.93 minutes.
3.58 complete after 12.16 minutes.
3.65 complete after 12.39 minutes.
3.71 complete after 12.62 minutes.
3.77 complete after 12.83 minutes.
3.84 complete after 13.05 minutes.
3.90 complete after 13.27 minutes.
3.96 complete after 13.49 minutes.
4.02 complete after 13.70 minutes.
4.09 complete after 13.91 minutes.
4.15 complete after 14.12 minutes.
4.21 complete after 14.34 minutes.
4.28 complete after 14.57 minutes.
4.34 complete after 14.80 minutes.
4.40 complete after 15.02 minutes.
4.46 complete after 15.25 minutes.
4.53 complete after 15.49 minutes.
4.59 complete after 15.71 minutes.
4.65 complete after 15.97 minutes.
4.72 complete after 16.20 minutes.
4.78 complete after 16.43 minutes.
4.84 complete after 16.63 minutes.
4.90 complete after 16.84 minutes.
4.97 complete after 17.04 minutes.
5.03 complete after 17.25 minutes.
5.09 complete after 17.49 minutes.
5.16 complete after 17.70 minutes.
5.22 complete after 17.89 minutes.
5.28 complete after 18.07 minutes.
5.34 complete after 18.28 minutes.
5.41 complete after 18.51 minutes.
5.47 complete after 18.69 minutes.
5.53 complete after 18.87 minutes.
5.60 complete after 19.06 minutes.
5.66 complete after 19.28 minutes.
5.72 complete after 19.48 minutes.
5.78 complete after 19.68 minutes.
5.85 complete after 19.90 minutes.
5.91 complete after 20.10 minutes.
5.97 complete after 20.30 minutes.
6.04 complete after 20.51 minutes.
6.10 complete after 20.71 minutes.
6.16 complete after 20.91 minutes.
6.22 complete after 21.09 minutes.
6.29 complete after 21.32 minutes.
6.35 complete after 21.54 minutes.
6.41 complete after 21.76 minutes.
6.48 complete after 21.98 minutes.
6.54 complete after 22.25 minutes.
6.60 complete after 22.51 minutes.
6.66 complete after 22.77 minutes.
6.73 complete after 23.00 minutes.
6.79 complete after 23.27 minutes.
6.85 complete after 23.53 minutes.
6.92 complete after 23.79 minutes.
6.98 complete after 24.05 minutes.
7.04 complete after 24.31 minutes.
7.11 complete after 24.54 minutes.
7.17 complete after 24.80 minutes.
7.23 complete after 25.07 minutes.
7.29 complete after 25.29 minutes.
7.36 complete after 25.54 minutes.
7.42 complete after 25.75 minutes.
7.48 complete after 25.93 minutes.
7.55 complete after 26.14 minutes.
7.61 complete after 26.33 minutes.
7.67 complete after 26.53 minutes.
7.73 complete after 26.75 minutes.
7.80 complete after 26.93 minutes.
7.86 complete after 27.14 minutes.
7.92 complete after 27.33 minutes.
7.99 complete after 27.55 minutes.
8.05 complete after 27.76 minutes.
8.11 complete after 27.94 minutes.
8.17 complete after 28.12 minutes.
8.24 complete after 28.31 minutes.
8.30 complete after 28.53 minutes.
8.36 complete after 28.77 minutes.
8.43 complete after 28.99 minutes.
8.49 complete after 29.18 minutes.
8.55 complete after 29.39 minutes.
8.61 complete after 29.59 minutes.
8.68 complete after 29.79 minutes.
8.74 complete after 29.99 minutes.
8.80 complete after 30.19 minutes.
8.87 complete after 30.39 minutes.
8.93 complete after 30.58 minutes.
8.99 complete after 30.76 minutes.
9.05 complete after 30.95 minutes.
9.12 complete after 31.12 minutes.
9.18 complete after 31.29 minutes.
9.24 complete after 31.48 minutes.
9.31 complete after 31.70 minutes.
9.37 complete after 31.92 minutes.
9.43 complete after 32.15 minutes.
9.49 complete after 32.38 minutes.
9.56 complete after 32.60 minutes.
9.62 complete after 32.82 minutes.
9.68 complete after 33.04 minutes.
9.75 complete after 33.27 minutes.
9.81 complete after 33.52 minutes.
9.87 complete after 33.75 minutes.
9.93 complete after 33.98 minutes.
10.00 complete after 34.20 minutes.
10.06 complete after 34.38 minutes.
10.12 complete after 34.56 minutes.
10.19 complete after 34.76 minutes.
10.25 complete after 34.95 minutes.
10.31 complete after 35.15 minutes.
10.37 complete after 35.34 minutes.
10.44 complete after 35.53 minutes.
10.50 complete after 35.73 minutes.
10.56 complete after 35.88 minutes.
10.63 complete after 36.03 minutes.
10.69 complete after 36.24 minutes.
10.75 complete after 36.43 minutes.
10.81 complete after 36.62 minutes.
10.88 complete after 36.79 minutes.
10.94 complete after 36.99 minutes.
11.00 complete after 37.18 minutes.
11.07 complete after 37.37 minutes.
11.13 complete after 37.56 minutes.
11.19 complete after 37.74 minutes.
11.25 complete after 37.95 minutes.
11.32 complete after 38.15 minutes.
11.38 complete after 38.37 minutes.
11.44 complete after 38.59 minutes.
11.51 complete after 38.79 minutes.
11.57 complete after 38.98 minutes.
11.63 complete after 39.19 minutes.
11.70 complete after 39.44 minutes.
11.76 complete after 39.68 minutes.
11.82 complete after 39.91 minutes.
11.88 complete after 40.14 minutes.
11.95 complete after 40.38 minutes.
12.01 complete after 40.62 minutes.
12.07 complete after 40.83 minutes.
12.14 complete after 41.06 minutes.
12.20 complete after 41.29 minutes.
12.26 complete after 41.56 minutes.
12.32 complete after 41.78 minutes.
12.39 complete after 41.95 minutes.
12.45 complete after 42.12 minutes.
12.51 complete after 42.32 minutes.
12.58 complete after 42.51 minutes.
12.64 complete after 42.72 minutes.
12.70 complete after 42.92 minutes.
12.76 complete after 43.12 minutes.
12.83 complete after 43.25 minutes.
12.89 complete after 43.45 minutes.
12.95 complete after 43.67 minutes.
13.02 complete after 43.86 minutes.
13.08 complete after 44.06 minutes.
13.14 complete after 44.25 minutes.
13.20 complete after 44.46 minutes.
13.27 complete after 44.66 minutes.
13.33 complete after 44.84 minutes.
13.39 complete after 45.04 minutes.
13.46 complete after 45.23 minutes.
13.52 complete after 45.43 minutes.
13.58 complete after 45.62 minutes.
13.64 complete after 45.81 minutes.
13.71 complete after 46.00 minutes.
13.77 complete after 46.19 minutes.
13.83 complete after 46.41 minutes.
13.90 complete after 46.62 minutes.
13.96 complete after 46.84 minutes.
14.02 complete after 47.06 minutes.
14.08 complete after 47.29 minutes.
14.15 complete after 47.51 minutes.
14.21 complete after 47.73 minutes.
14.27 complete after 47.95 minutes.
14.34 complete after 48.17 minutes.
14.40 complete after 48.43 minutes.
14.46 complete after 48.67 minutes.
14.52 complete after 48.86 minutes.
14.59 complete after 49.05 minutes.
14.65 complete after 49.28 minutes.
14.71 complete after 49.51 minutes.
14.78 complete after 49.74 minutes.
14.84 complete after 49.97 minutes.
14.90 complete after 50.19 minutes.
14.96 complete after 50.42 minutes.
15.03 complete after 50.65 minutes.
15.09 complete after 50.87 minutes.
15.15 complete after 51.13 minutes.
15.22 complete after 51.36 minutes.
15.28 complete after 51.58 minutes.
15.34 complete after 51.80 minutes.
15.40 complete after 52.01 minutes.
15.47 complete after 52.23 minutes.
15.53 complete after 52.46 minutes.
15.59 complete after 52.68 minutes.
15.66 complete after 52.91 minutes.
15.72 complete after 53.17 minutes.
15.78 complete after 53.40 minutes.
15.84 complete after 53.60 minutes.
15.91 complete after 53.81 minutes.
15.97 complete after 54.02 minutes.
16.03 complete after 54.27 minutes.
16.10 complete after 54.54 minutes.
16.16 complete after 54.80 minutes.
16.22 complete after 55.06 minutes.
16.29 complete after 55.33 minutes.
16.35 complete after 55.61 minutes.
16.41 complete after 55.87 minutes.
16.47 complete after 56.13 minutes.
16.54 complete after 56.39 minutes.
16.60 complete after 56.66 minutes.
16.66 complete after 56.92 minutes.
16.73 complete after 57.17 minutes.
16.79 complete after 57.43 minutes.
16.85 complete after 57.68 minutes.
16.91 complete after 57.94 minutes.
16.98 complete after 58.20 minutes.
17.04 complete after 58.45 minutes.
17.10 complete after 58.72 minutes.
17.17 complete after 59.00 minutes.
17.23 complete after 59.25 minutes.
17.29 complete after 59.51 minutes.
17.35 complete after 59.77 minutes.
17.42 complete after 60.05 minutes.
17.48 complete after 60.31 minutes.
17.54 complete after 60.58 minutes.
17.61 complete after 60.85 minutes.
17.67 complete after 61.09 minutes.
17.73 complete after 61.37 minutes.
17.79 complete after 61.62 minutes.
17.86 complete after 61.87 minutes.
17.92 complete after 62.13 minutes.
17.98 complete after 62.37 minutes.
18.05 complete after 62.62 minutes.
18.11 complete after 62.88 minutes.
18.17 complete after 63.12 minutes.
18.23 complete after 63.37 minutes.
18.30 complete after 63.62 minutes.
18.36 complete after 63.88 minutes.
18.42 complete after 64.14 minutes.
18.49 complete after 64.40 minutes.
18.55 complete after 64.63 minutes.
18.61 complete after 64.89 minutes.
18.67 complete after 65.14 minutes.
18.74 complete after 65.40 minutes.
18.80 complete after 65.68 minutes.
18.86 complete after 65.93 minutes.
18.93 complete after 66.18 minutes.
18.99 complete after 66.43 minutes.
19.05 complete after 66.69 minutes.
19.11 complete after 66.94 minutes.
19.18 complete after 67.20 minutes.
19.24 complete after 67.46 minutes.
19.30 complete after 67.71 minutes.
19.37 complete after 67.96 minutes.
19.43 complete after 68.21 minutes.
19.49 complete after 68.47 minutes.
19.55 complete after 68.73 minutes.
19.62 complete after 68.98 minutes.
19.68 complete after 69.24 minutes.
19.74 complete after 69.49 minutes.
19.81 complete after 69.75 minutes.
19.87 complete after 70.00 minutes.
19.93 complete after 70.25 minutes.
19.99 complete after 70.51 minutes.
20.06 complete after 70.76 minutes.
20.12 complete after 71.02 minutes.
20.18 complete after 71.27 minutes.
20.25 complete after 71.52 minutes.
20.31 complete after 71.76 minutes.
20.37 complete after 72.01 minutes.
20.43 complete after 72.26 minutes.
20.50 complete after 72.52 minutes.
20.56 complete after 72.77 minutes.
20.62 complete after 73.02 minutes.
20.69 complete after 73.29 minutes.
20.75 complete after 73.54 minutes.
20.81 complete after 73.79 minutes.
20.87 complete after 74.03 minutes.
20.94 complete after 74.28 minutes.
21.00 complete after 74.53 minutes.
21.06 complete after 74.78 minutes.
21.13 complete after 75.02 minutes.
21.19 complete after 75.27 minutes.
21.25 complete after 75.52 minutes.
21.32 complete after 75.79 minutes.
21.38 complete after 76.04 minutes.
21.44 complete after 76.29 minutes.
21.50 complete after 76.55 minutes.
21.57 complete after 76.79 minutes.
21.63 complete after 77.04 minutes.
21.69 complete after 77.30 minutes.
21.76 complete after 77.56 minutes.
21.82 complete after 77.82 minutes.
21.88 complete after 78.08 minutes.
21.94 complete after 78.34 minutes.
22.01 complete after 78.60 minutes.
22.07 complete after 78.86 minutes.
22.13 complete after 79.13 minutes.
22.20 complete after 79.40 minutes.
22.26 complete after 79.66 minutes.
22.32 complete after 79.92 minutes.
22.38 complete after 80.17 minutes.
22.45 complete after 80.43 minutes.
22.51 complete after 80.68 minutes.
22.57 complete after 80.92 minutes.
22.64 complete after 81.19 minutes.
22.70 complete after 81.44 minutes.
22.76 complete after 81.70 minutes.
22.82 complete after 81.94 minutes.
22.89 complete after 82.19 minutes.
22.95 complete after 82.44 minutes.
23.01 complete after 82.69 minutes.
23.08 complete after 82.93 minutes.
23.14 complete after 83.18 minutes.
23.20 complete after 83.41 minutes.
23.26 complete after 83.67 minutes.
23.33 complete after 83.91 minutes.
23.39 complete after 84.17 minutes.
23.45 complete after 84.42 minutes.
23.52 complete after 84.67 minutes.
23.58 complete after 84.93 minutes.
23.64 complete after 85.18 minutes.
23.70 complete after 85.45 minutes.
23.77 complete after 85.72 minutes.
23.83 complete after 85.97 minutes.
23.89 complete after 86.22 minutes.
23.96 complete after 86.47 minutes.
24.02 complete after 86.73 minutes.
24.08 complete after 86.99 minutes.
24.14 complete after 87.24 minutes.
24.21 complete after 87.50 minutes.
24.27 complete after 87.76 minutes.
24.33 complete after 88.01 minutes.
24.40 complete after 88.25 minutes.
24.46 complete after 88.50 minutes.
24.52 complete after 88.75 minutes.
24.58 complete after 89.00 minutes.
24.65 complete after 89.25 minutes.
24.71 complete after 89.49 minutes.
24.77 complete after 89.75 minutes.
24.84 complete after 90.01 minutes.
24.90 complete after 90.24 minutes.
24.96 complete after 90.49 minutes.
25.02 complete after 90.74 minutes.
25.09 complete after 91.00 minutes.
25.15 complete after 91.26 minutes.
25.21 complete after 91.52 minutes.
25.28 complete after 91.79 minutes.
25.34 complete after 92.04 minutes.
25.40 complete after 92.30 minutes.
25.46 complete after 92.57 minutes.
25.53 complete after 92.84 minutes.
25.59 complete after 93.06 minutes.
25.65 complete after 93.28 minutes.
25.72 complete after 93.52 minutes.
25.78 complete after 93.74 minutes.
25.84 complete after 93.94 minutes.
25.91 complete after 94.15 minutes.
25.97 complete after 94.35 minutes.
26.03 complete after 94.57 minutes.
26.09 complete after 94.80 minutes.
26.16 complete after 95.00 minutes.
26.22 complete after 95.24 minutes.
26.28 complete after 95.46 minutes.
26.35 complete after 95.63 minutes.
26.41 complete after 95.84 minutes.
26.47 complete after 96.06 minutes.
26.53 complete after 96.29 minutes.
26.60 complete after 96.52 minutes.
26.66 complete after 96.74 minutes.
26.72 complete after 96.98 minutes.
26.79 complete after 97.18 minutes.
26.85 complete after 97.38 minutes.
26.91 complete after 97.60 minutes.
26.97 complete after 97.81 minutes.
27.04 complete after 98.04 minutes.
27.10 complete after 98.31 minutes.
27.16 complete after 98.57 minutes.
27.23 complete after 98.83 minutes.
27.29 complete after 99.08 minutes.
27.35 complete after 99.32 minutes.
27.41 complete after 99.54 minutes.
27.48 complete after 99.74 minutes.
27.54 complete after 99.95 minutes.
27.60 complete after 100.16 minutes.
27.67 complete after 100.36 minutes.
27.73 complete after 100.60 minutes.
27.79 complete after 100.84 minutes.
27.85 complete after 101.06 minutes.
27.92 complete after 101.29 minutes.
27.98 complete after 101.51 minutes.
28.04 complete after 101.73 minutes.
28.11 complete after 101.95 minutes.
28.17 complete after 102.15 minutes.
28.23 complete after 102.39 minutes.
28.29 complete after 102.62 minutes.
28.36 complete after 102.85 minutes.
28.42 complete after 103.07 minutes.
28.48 complete after 103.30 minutes.
28.55 complete after 103.51 minutes.
28.61 complete after 103.70 minutes.
28.67 complete after 103.92 minutes.
28.73 complete after 104.15 minutes.
28.80 complete after 104.37 minutes.
28.86 complete after 104.58 minutes.
28.92 complete after 104.78 minutes.
28.99 complete after 104.97 minutes.
29.05 complete after 105.18 minutes.
29.11 complete after 105.39 minutes.
29.17 complete after 105.62 minutes.
29.24 complete after 105.83 minutes.
29.30 complete after 106.06 minutes.
29.36 complete after 106.25 minutes.
29.43 complete after 106.47 minutes.
29.49 complete after 106.72 minutes.
29.55 complete after 106.97 minutes.
29.61 complete after 107.21 minutes.
29.68 complete after 107.42 minutes.
29.74 complete after 107.64 minutes.
29.80 complete after 107.83 minutes.
29.87 complete after 108.06 minutes.
29.93 complete after 108.26 minutes.
29.99 complete after 108.44 minutes.
30.05 complete after 108.66 minutes.
30.12 complete after 108.91 minutes.
30.18 complete after 109.13 minutes.
30.24 complete after 109.35 minutes.
30.31 complete after 109.57 minutes.
30.37 complete after 109.78 minutes.
30.43 complete after 110.01 minutes.
30.50 complete after 110.24 minutes.
30.56 complete after 110.46 minutes.
30.62 complete after 110.66 minutes.
30.68 complete after 110.85 minutes.
30.75 complete after 111.09 minutes.
30.81 complete after 111.32 minutes.
30.87 complete after 111.53 minutes.
30.94 complete after 111.76 minutes.
31.00 complete after 112.01 minutes.
31.06 complete after 112.23 minutes.
31.12 complete after 112.46 minutes.
31.19 complete after 112.68 minutes.
31.25 complete after 112.90 minutes.
31.31 complete after 113.14 minutes.
31.38 complete after 113.33 minutes.
31.44 complete after 113.57 minutes.
31.50 complete after 113.80 minutes.
31.56 complete after 114.06 minutes.
31.63 complete after 114.28 minutes.
31.69 complete after 114.50 minutes.
31.75 complete after 114.70 minutes.
31.82 complete after 114.93 minutes.
31.88 complete after 115.15 minutes.
31.94 complete after 115.37 minutes.
32.00 complete after 115.60 minutes.
32.07 complete after 115.85 minutes.
32.13 complete after 116.07 minutes.
32.19 complete after 116.29 minutes.
32.26 complete after 116.51 minutes.
32.32 complete after 116.72 minutes.
32.38 complete after 116.94 minutes.
32.44 complete after 117.14 minutes.
32.51 complete after 117.35 minutes.
32.57 complete after 117.57 minutes.
32.63 complete after 117.79 minutes.
32.70 complete after 118.01 minutes.
32.76 complete after 118.20 minutes.
32.82 complete after 118.43 minutes.
32.88 complete after 118.63 minutes.
32.95 complete after 118.85 minutes.
33.01 complete after 119.07 minutes.
33.07 complete after 119.30 minutes.
33.14 complete after 119.53 minutes.
33.20 complete after 119.74 minutes.
33.26 complete after 119.96 minutes.
33.32 complete after 120.16 minutes.
33.39 complete after 120.40 minutes.
33.45 complete after 120.62 minutes.
33.51 complete after 120.82 minutes.
33.58 complete after 121.02 minutes.
33.64 complete after 121.23 minutes.
33.70 complete after 121.49 minutes.
33.76 complete after 121.76 minutes.
33.83 complete after 122.01 minutes.
33.89 complete after 122.27 minutes.
33.95 complete after 122.52 minutes.
34.02 complete after 122.77 minutes.
34.08 complete after 123.02 minutes.
34.14 complete after 123.26 minutes.
34.20 complete after 123.50 minutes.
34.27 complete after 123.74 minutes.
34.33 complete after 123.95 minutes.
34.39 complete after 124.13 minutes.
34.46 complete after 124.33 minutes.
34.52 complete after 124.57 minutes.
34.58 complete after 124.79 minutes.
34.64 complete after 125.00 minutes.
34.71 complete after 125.22 minutes.
34.77 complete after 125.44 minutes.
34.83 complete after 125.67 minutes.
34.90 complete after 125.89 minutes.
34.96 complete after 126.13 minutes.
35.02 complete after 126.38 minutes.
35.09 complete after 126.61 minutes.
35.15 complete after 126.83 minutes.
35.21 complete after 127.05 minutes.
35.27 complete after 127.29 minutes.
35.34 complete after 127.52 minutes.
35.40 complete after 127.74 minutes.
35.46 complete after 127.97 minutes.
35.53 complete after 128.18 minutes.
35.59 complete after 128.42 minutes.
35.65 complete after 128.63 minutes.
35.71 complete after 128.83 minutes.
35.78 complete after 129.01 minutes.
35.84 complete after 129.19 minutes.
35.90 complete after 129.39 minutes.
35.97 complete after 129.57 minutes.
36.03 complete after 129.78 minutes.
36.09 complete after 129.98 minutes.
36.15 complete after 130.20 minutes.
36.22 complete after 130.40 minutes.
36.28 complete after 130.58 minutes.
36.34 complete after 130.76 minutes.
36.41 complete after 130.93 minutes.
36.47 complete after 131.10 minutes.
36.53 complete after 131.28 minutes.
36.59 complete after 131.48 minutes.
36.66 complete after 131.66 minutes.
36.72 complete after 131.85 minutes.
36.78 complete after 132.02 minutes.
36.85 complete after 132.21 minutes.
36.91 complete after 132.39 minutes.
36.97 complete after 132.60 minutes.
37.03 complete after 132.80 minutes.
37.10 complete after 132.98 minutes.
37.16 complete after 133.17 minutes.
37.22 complete after 133.36 minutes.
37.29 complete after 133.60 minutes.
37.35 complete after 133.82 minutes.
37.41 complete after 134.04 minutes.
37.47 complete after 134.25 minutes.
37.54 complete after 134.48 minutes.
37.60 complete after 134.71 minutes.
37.66 complete after 134.93 minutes.
37.73 complete after 135.15 minutes.
37.79 complete after 135.38 minutes.
37.85 complete after 135.62 minutes.
37.91 complete after 135.85 minutes.
37.98 complete after 136.05 minutes.
38.04 complete after 136.26 minutes.
38.10 complete after 136.47 minutes.
38.17 complete after 136.66 minutes.
38.23 complete after 136.84 minutes.
38.29 complete after 137.02 minutes.
38.35 complete after 137.19 minutes.
38.42 complete after 137.42 minutes.
38.48 complete after 137.62 minutes.
38.54 complete after 137.80 minutes.
38.61 complete after 137.98 minutes.
38.67 complete after 138.17 minutes.
38.73 complete after 138.39 minutes.
38.79 complete after 138.57 minutes.
38.86 complete after 138.77 minutes.
38.92 complete after 138.97 minutes.
38.98 complete after 139.17 minutes.
39.05 complete after 139.36 minutes.
39.11 complete after 139.57 minutes.
39.17 complete after 139.78 minutes.
39.23 complete after 139.96 minutes.
39.30 complete after 140.15 minutes.
39.36 complete after 140.35 minutes.
39.42 complete after 140.55 minutes.
39.49 complete after 140.74 minutes.
39.55 complete after 140.93 minutes.
39.61 complete after 141.14 minutes.
39.68 complete after 141.35 minutes.
39.74 complete after 141.57 minutes.
39.80 complete after 141.79 minutes.
39.86 complete after 142.00 minutes.
39.93 complete after 142.24 minutes.
39.99 complete after 142.47 minutes.
40.05 complete after 142.72 minutes.
40.12 complete after 142.98 minutes.
40.18 complete after 143.25 minutes.
40.24 complete after 143.51 minutes.
40.30 complete after 143.77 minutes.
40.37 complete after 144.00 minutes.
40.43 complete after 144.21 minutes.
40.49 complete after 144.44 minutes.
40.56 complete after 144.65 minutes.
40.62 complete after 144.86 minutes.
40.68 complete after 145.10 minutes.
40.74 complete after 145.32 minutes.
40.81 complete after 145.58 minutes.
40.87 complete after 145.82 minutes.
40.93 complete after 146.02 minutes.
41.00 complete after 146.23 minutes.
41.06 complete after 146.43 minutes.
41.12 complete after 146.66 minutes.
41.18 complete after 146.89 minutes.
41.25 complete after 147.11 minutes.
41.31 complete after 147.35 minutes.
41.37 complete after 147.57 minutes.
41.44 complete after 147.79 minutes.
41.50 complete after 148.03 minutes.
41.56 complete after 148.25 minutes.
41.62 complete after 148.46 minutes.
41.69 complete after 148.68 minutes.
41.75 complete after 148.90 minutes.
41.81 complete after 149.11 minutes.
41.88 complete after 149.35 minutes.
41.94 complete after 149.60 minutes.
42.00 complete after 149.85 minutes.
42.06 complete after 150.11 minutes.
42.13 complete after 150.35 minutes.
42.19 complete after 150.61 minutes.
42.25 complete after 150.87 minutes.
42.32 complete after 151.13 minutes.
42.38 complete after 151.39 minutes.
42.44 complete after 151.65 minutes.
42.50 complete after 151.91 minutes.
42.57 complete after 152.14 minutes.
42.63 complete after 152.35 minutes.
42.69 complete after 152.56 minutes.
42.76 complete after 152.79 minutes.
42.82 complete after 153.00 minutes.
42.88 complete after 153.21 minutes.
42.94 complete after 153.44 minutes.
43.01 complete after 153.70 minutes.
43.07 complete after 153.90 minutes.
43.13 complete after 154.14 minutes.
43.20 complete after 154.35 minutes.
43.26 complete after 154.57 minutes.
43.32 complete after 154.79 minutes.
43.38 complete after 155.00 minutes.
43.45 complete after 155.22 minutes.
43.51 complete after 155.44 minutes.
43.57 complete after 155.65 minutes.
43.64 complete after 155.85 minutes.
43.70 complete after 156.06 minutes.
43.76 complete after 156.28 minutes.
43.82 complete after 156.49 minutes.
43.89 complete after 156.70 minutes.
43.95 complete after 156.91 minutes.
44.01 complete after 157.12 minutes.
44.08 complete after 157.36 minutes.
44.14 complete after 157.57 minutes.
44.20 complete after 157.79 minutes.
44.27 complete after 158.04 minutes.
44.33 complete after 158.27 minutes.
44.39 complete after 158.49 minutes.
44.45 complete after 158.67 minutes.
44.52 complete after 158.94 minutes.
44.58 complete after 159.19 minutes.
44.64 complete after 159.45 minutes.
44.71 complete after 159.71 minutes.
44.77 complete after 159.94 minutes.
44.83 complete after 160.20 minutes.
44.89 complete after 160.46 minutes.
44.96 complete after 160.73 minutes.
45.02 complete after 160.96 minutes.
45.08 complete after 161.21 minutes.
45.15 complete after 161.45 minutes.
45.21 complete after 161.70 minutes.
45.27 complete after 161.96 minutes.
45.33 complete after 162.22 minutes.
45.40 complete after 162.49 minutes.
45.46 complete after 162.74 minutes.
45.52 complete after 163.00 minutes.
45.59 complete after 163.25 minutes.
45.65 complete after 163.51 minutes.
45.71 complete after 163.75 minutes.
45.77 complete after 164.01 minutes.
45.84 complete after 164.27 minutes.
45.90 complete after 164.52 minutes.
45.96 complete after 164.77 minutes.
46.03 complete after 165.02 minutes.
46.09 complete after 165.26 minutes.
46.15 complete after 165.51 minutes.
46.21 complete after 165.77 minutes.
46.28 complete after 166.00 minutes.
46.34 complete after 166.24 minutes.
46.40 complete after 166.50 minutes.
46.47 complete after 166.76 minutes.
46.53 complete after 167.01 minutes.
46.59 complete after 167.26 minutes.
46.65 complete after 167.53 minutes.
46.72 complete after 167.77 minutes.
46.78 complete after 168.03 minutes.
46.84 complete after 168.29 minutes.
46.91 complete after 168.54 minutes.
46.97 complete after 168.78 minutes.
47.03 complete after 169.03 minutes.
47.09 complete after 169.28 minutes.
47.16 complete after 169.54 minutes.
47.22 complete after 169.78 minutes.
47.28 complete after 170.03 minutes.
47.35 complete after 170.29 minutes.
47.41 complete after 170.56 minutes.
47.47 complete after 170.83 minutes.
47.53 complete after 171.09 minutes.
47.60 complete after 171.35 minutes.
47.66 complete after 171.62 minutes.
47.72 complete after 171.89 minutes.
47.79 complete after 172.15 minutes.
47.85 complete after 172.42 minutes.
47.91 complete after 172.69 minutes.
47.97 complete after 172.95 minutes.
48.04 complete after 173.21 minutes.
48.10 complete after 173.47 minutes.
48.16 complete after 173.71 minutes.
48.23 complete after 173.95 minutes.
48.29 complete after 174.21 minutes.
48.35 complete after 174.47 minutes.
48.41 complete after 174.72 minutes.
48.48 complete after 174.98 minutes.
48.54 complete after 175.23 minutes.
48.60 complete after 175.49 minutes.
48.67 complete after 175.69 minutes.
48.73 complete after 175.93 minutes.
48.79 complete after 176.15 minutes.
48.86 complete after 176.40 minutes.
48.92 complete after 176.61 minutes.
48.98 complete after 176.86 minutes.
49.04 complete after 177.08 minutes.
49.11 complete after 177.33 minutes.
49.17 complete after 177.56 minutes.
49.23 complete after 177.76 minutes.
Desired error not necessarily achieved due to precision loss.
----  Exception  ----

----
49.30 complete after 177.99 minutes.
49.36 complete after 178.21 minutes.
49.42 complete after 178.45 minutes.
49.48 complete after 178.68 minutes.
49.55 complete after 178.93 minutes.
49.61 complete after 179.16 minutes.
49.67 complete after 179.39 minutes.
49.74 complete after 179.60 minutes.
49.80 complete after 179.84 minutes.
49.86 complete after 180.05 minutes.
49.92 complete after 180.29 minutes.
49.99 complete after 180.51 minutes.
50.05 complete after 180.74 minutes.
50.11 complete after 180.96 minutes.
50.18 complete after 181.17 minutes.
50.24 complete after 181.40 minutes.
50.30 complete after 181.60 minutes.
50.36 complete after 181.83 minutes.
50.43 complete after 182.04 minutes.
50.49 complete after 182.26 minutes.
50.55 complete after 182.46 minutes.
50.62 complete after 182.67 minutes.
50.68 complete after 182.91 minutes.
50.74 complete after 183.13 minutes.
50.80 complete after 183.34 minutes.
50.87 complete after 183.56 minutes.
50.93 complete after 183.80 minutes.
50.99 complete after 184.01 minutes.
51.06 complete after 184.25 minutes.
51.12 complete after 184.46 minutes.
51.18 complete after 184.68 minutes.
51.24 complete after 184.90 minutes.
51.31 complete after 185.12 minutes.
51.37 complete after 185.34 minutes.
51.43 complete after 185.58 minutes.
51.50 complete after 185.81 minutes.
51.56 complete after 186.03 minutes.
51.62 complete after 186.26 minutes.
51.68 complete after 186.48 minutes.
51.75 complete after 186.71 minutes.
51.81 complete after 186.93 minutes.
51.87 complete after 187.17 minutes.
51.94 complete after 187.40 minutes.
52.00 complete after 187.63 minutes.
52.06 complete after 187.83 minutes.
52.12 complete after 188.06 minutes.
52.19 complete after 188.28 minutes.
52.25 complete after 188.51 minutes.
52.31 complete after 188.74 minutes.
52.38 complete after 188.95 minutes.
52.44 complete after 189.17 minutes.
52.50 complete after 189.39 minutes.
52.56 complete after 189.62 minutes.
52.63 complete after 189.82 minutes.
52.69 complete after 190.03 minutes.
52.75 complete after 190.26 minutes.
52.82 complete after 190.48 minutes.
52.88 complete after 190.70 minutes.
52.94 complete after 190.92 minutes.
53.00 complete after 191.14 minutes.
53.07 complete after 191.36 minutes.
53.13 complete after 191.59 minutes.
53.19 complete after 191.81 minutes.
53.26 complete after 192.03 minutes.
53.32 complete after 192.26 minutes.
53.38 complete after 192.46 minutes.
53.45 complete after 192.67 minutes.
53.51 complete after 192.90 minutes.
53.57 complete after 193.11 minutes.
53.63 complete after 193.35 minutes.
53.70 complete after 193.58 minutes.
53.76 complete after 193.80 minutes.
53.82 complete after 194.02 minutes.
53.89 complete after 194.25 minutes.
53.95 complete after 194.47 minutes.
54.01 complete after 194.69 minutes.
54.07 complete after 194.91 minutes.
54.14 complete after 195.14 minutes.
54.20 complete after 195.37 minutes.
54.26 complete after 195.60 minutes.
54.33 complete after 195.83 minutes.
54.39 complete after 196.05 minutes.
54.45 complete after 196.28 minutes.
54.51 complete after 196.50 minutes.
54.58 complete after 196.73 minutes.
54.64 complete after 196.94 minutes.
54.70 complete after 197.17 minutes.
54.77 complete after 197.39 minutes.
54.83 complete after 197.59 minutes.
54.89 complete after 197.80 minutes.
54.95 complete after 198.02 minutes.
55.02 complete after 198.24 minutes.
55.08 complete after 198.46 minutes.
55.14 complete after 198.65 minutes.
55.21 complete after 198.90 minutes.
55.27 complete after 199.12 minutes.
55.33 complete after 199.33 minutes.
55.39 complete after 199.55 minutes.
55.46 complete after 199.75 minutes.
55.52 complete after 199.97 minutes.
55.58 complete after 200.18 minutes.
55.65 complete after 200.40 minutes.
55.71 complete after 200.64 minutes.
55.77 complete after 200.90 minutes.
55.83 complete after 201.15 minutes.
55.90 complete after 201.41 minutes.
55.96 complete after 201.68 minutes.
56.02 complete after 201.93 minutes.
56.09 complete after 202.18 minutes.
56.15 complete after 202.44 minutes.
56.21 complete after 202.70 minutes.
56.27 complete after 202.96 minutes.
56.34 complete after 203.21 minutes.
56.40 complete after 203.48 minutes.
56.46 complete after 203.74 minutes.
56.53 complete after 204.00 minutes.
56.59 complete after 204.26 minutes.
56.65 complete after 204.52 minutes.
56.71 complete after 204.78 minutes.
56.78 complete after 205.04 minutes.
56.84 complete after 205.30 minutes.
56.90 complete after 205.57 minutes.
56.97 complete after 205.82 minutes.
57.03 complete after 206.08 minutes.
57.09 complete after 206.34 minutes.
57.15 complete after 206.60 minutes.
57.22 complete after 206.85 minutes.
57.28 complete after 207.10 minutes.
57.34 complete after 207.35 minutes.
57.41 complete after 207.60 minutes.
57.47 complete after 207.82 minutes.
57.53 complete after 208.04 minutes.
57.59 complete after 208.26 minutes.
57.66 complete after 208.47 minutes.
57.72 complete after 208.68 minutes.
57.78 complete after 208.86 minutes.
57.85 complete after 209.07 minutes.
57.91 complete after 209.27 minutes.
57.97 complete after 209.48 minutes.
58.03 complete after 209.71 minutes.
58.10 complete after 209.93 minutes.
58.16 complete after 210.15 minutes.
58.22 complete after 210.35 minutes.
58.29 complete after 210.56 minutes.
58.35 complete after 210.76 minutes.
58.41 complete after 210.97 minutes.
58.48 complete after 211.18 minutes.
58.54 complete after 211.40 minutes.
58.60 complete after 211.60 minutes.
58.66 complete after 211.79 minutes.
58.73 complete after 211.99 minutes.
58.79 complete after 212.17 minutes.
58.85 complete after 212.40 minutes.
58.92 complete after 212.59 minutes.
58.98 complete after 212.79 minutes.
59.04 complete after 213.00 minutes.
59.10 complete after 213.25 minutes.
59.17 complete after 213.49 minutes.
59.23 complete after 213.73 minutes.
59.29 complete after 213.97 minutes.
59.36 complete after 214.19 minutes.
59.42 complete after 214.46 minutes.
59.48 complete after 214.70 minutes.
59.54 complete after 214.93 minutes.
59.61 complete after 215.17 minutes.
59.67 complete after 215.43 minutes.
59.73 complete after 215.68 minutes.
59.80 complete after 215.94 minutes.
59.86 complete after 216.20 minutes.
59.92 complete after 216.45 minutes.
59.98 complete after 216.69 minutes.
60.05 complete after 216.92 minutes.
60.11 complete after 217.13 minutes.
60.17 complete after 217.38 minutes.
60.24 complete after 217.61 minutes.
60.30 complete after 217.83 minutes.
60.36 complete after 218.06 minutes.
60.42 complete after 218.29 minutes.
60.49 complete after 218.54 minutes.
60.55 complete after 218.76 minutes.
60.61 complete after 218.99 minutes.
60.68 complete after 219.22 minutes.
60.74 complete after 219.42 minutes.
60.80 complete after 219.59 minutes.
60.86 complete after 219.79 minutes.
60.93 complete after 219.99 minutes.
60.99 complete after 220.21 minutes.
61.05 complete after 220.41 minutes.
61.12 complete after 220.61 minutes.
61.18 complete after 220.81 minutes.
61.24 complete after 221.02 minutes.
61.30 complete after 221.25 minutes.
61.37 complete after 221.45 minutes.
61.43 complete after 221.64 minutes.
61.49 complete after 221.83 minutes.
61.56 complete after 222.03 minutes.
61.62 complete after 222.22 minutes.
61.68 complete after 222.43 minutes.
61.74 complete after 222.61 minutes.
61.81 complete after 222.79 minutes.
61.87 complete after 222.99 minutes.
61.93 complete after 223.19 minutes.
62.00 complete after 223.41 minutes.
62.06 complete after 223.61 minutes.
62.12 complete after 223.81 minutes.
62.18 complete after 224.04 minutes.
62.25 complete after 224.24 minutes.
62.31 complete after 224.44 minutes.
62.37 complete after 224.64 minutes.
62.44 complete after 224.81 minutes.
62.50 complete after 225.02 minutes.
62.56 complete after 225.25 minutes.
62.62 complete after 225.47 minutes.
62.69 complete after 225.70 minutes.
62.75 complete after 225.92 minutes.
62.81 complete after 226.15 minutes.
62.88 complete after 226.37 minutes.
62.94 complete after 226.59 minutes.
63.00 complete after 226.79 minutes.
63.07 complete after 227.01 minutes.
63.13 complete after 227.23 minutes.
63.19 complete after 227.47 minutes.
63.25 complete after 227.70 minutes.
63.32 complete after 227.91 minutes.
63.38 complete after 228.13 minutes.
63.44 complete after 228.35 minutes.
63.51 complete after 228.59 minutes.
63.57 complete after 228.83 minutes.
63.63 complete after 229.04 minutes.
63.69 complete after 229.27 minutes.
63.76 complete after 229.49 minutes.
63.82 complete after 229.68 minutes.
63.88 complete after 229.86 minutes.
63.95 complete after 230.06 minutes.
64.01 complete after 230.28 minutes.
64.07 complete after 230.47 minutes.
64.13 complete after 230.67 minutes.
64.20 complete after 230.85 minutes.
64.26 complete after 231.06 minutes.
64.32 complete after 231.28 minutes.
64.39 complete after 231.49 minutes.
64.45 complete after 231.71 minutes.
64.51 complete after 231.91 minutes.
64.57 complete after 232.11 minutes.
64.64 complete after 232.31 minutes.
64.70 complete after 232.50 minutes.
64.76 complete after 232.70 minutes.
64.83 complete after 232.87 minutes.
64.89 complete after 233.06 minutes.
64.95 complete after 233.26 minutes.
65.01 complete after 233.48 minutes.
65.08 complete after 233.66 minutes.
65.14 complete after 233.86 minutes.
65.20 complete after 234.08 minutes.
65.27 complete after 234.29 minutes.
65.33 complete after 234.49 minutes.
65.39 complete after 234.68 minutes.
65.45 complete after 234.88 minutes.
65.52 complete after 235.09 minutes.
65.58 complete after 235.29 minutes.
65.64 complete after 235.51 minutes.
65.71 complete after 235.72 minutes.
65.77 complete after 235.95 minutes.
65.83 complete after 236.16 minutes.
65.89 complete after 236.39 minutes.
65.96 complete after 236.62 minutes.
66.02 complete after 236.84 minutes.
66.08 complete after 237.04 minutes.
66.15 complete after 237.29 minutes.
66.21 complete after 237.52 minutes.
66.27 complete after 237.74 minutes.
66.33 complete after 237.96 minutes.
66.40 complete after 238.19 minutes.
66.46 complete after 238.43 minutes.
66.52 complete after 238.67 minutes.
66.59 complete after 238.90 minutes.
66.65 complete after 239.11 minutes.
66.71 complete after 239.34 minutes.
66.77 complete after 239.58 minutes.
66.84 complete after 239.79 minutes.
66.90 complete after 240.01 minutes.
66.96 complete after 240.22 minutes.
67.03 complete after 240.44 minutes.
67.09 complete after 240.63 minutes.
67.15 complete after 240.83 minutes.
67.21 complete after 241.01 minutes.
67.28 complete after 241.21 minutes.
67.34 complete after 241.40 minutes.
67.40 complete after 241.61 minutes.
67.47 complete after 241.82 minutes.
67.53 complete after 242.01 minutes.
67.59 complete after 242.21 minutes.
67.66 complete after 242.41 minutes.
67.72 complete after 242.60 minutes.
67.78 complete after 242.78 minutes.
67.84 complete after 242.96 minutes.
67.91 complete after 243.16 minutes.
67.97 complete after 243.37 minutes.
68.03 complete after 243.57 minutes.
68.10 complete after 243.77 minutes.
68.16 complete after 243.95 minutes.
68.22 complete after 244.12 minutes.
68.28 complete after 244.30 minutes.
68.35 complete after 244.50 minutes.
68.41 complete after 244.68 minutes.
68.47 complete after 244.88 minutes.
68.54 complete after 245.08 minutes.
68.60 complete after 245.29 minutes.
68.66 complete after 245.53 minutes.
68.72 complete after 245.74 minutes.
68.79 complete after 245.95 minutes.
68.85 complete after 246.17 minutes.
68.91 complete after 246.39 minutes.
68.98 complete after 246.61 minutes.
69.04 complete after 246.83 minutes.
69.10 complete after 247.03 minutes.
69.16 complete after 247.26 minutes.
69.23 complete after 247.48 minutes.
69.29 complete after 247.73 minutes.
69.35 complete after 247.98 minutes.
69.42 complete after 248.23 minutes.
69.48 complete after 248.38 minutes.
69.54 complete after 248.50 minutes.
69.60 complete after 248.62 minutes.
69.67 complete after 248.71 minutes.
69.73 complete after 248.79 minutes.
69.79 complete after 248.86 minutes.
69.86 complete after 248.98 minutes.
69.92 complete after 249.04 minutes.
69.98 complete after 249.11 minutes.
70.04 complete after 249.21 minutes.
70.11 complete after 249.29 minutes.
70.17 complete after 249.34 minutes.
70.23 complete after 249.40 minutes.
70.30 complete after 249.47 minutes.
70.36 complete after 249.52 minutes.
70.42 complete after 249.57 minutes.
70.48 complete after 249.67 minutes.
70.55 complete after 249.77 minutes.
70.61 complete after 249.84 minutes.
70.67 complete after 249.94 minutes.
70.74 complete after 249.99 minutes.
70.80 complete after 250.01 minutes.
70.86 complete after 250.01 minutes.
70.92 complete after 250.03 minutes.
70.99 complete after 250.03 minutes.
71.05 complete after 250.04 minutes.
71.11 complete after 250.05 minutes.
71.18 complete after 250.06 minutes.
71.24 complete after 250.06 minutes.
71.30 complete after 250.06 minutes.
71.36 complete after 250.07 minutes.
71.43 complete after 250.08 minutes.
71.49 complete after 250.10 minutes.
71.55 complete after 250.11 minutes.
71.62 complete after 250.12 minutes.
71.68 complete after 250.12 minutes.
71.74 complete after 250.14 minutes.
71.80 complete after 250.14 minutes.
71.87 complete after 250.15 minutes.
71.93 complete after 250.16 minutes.
71.99 complete after 250.16 minutes.
72.06 complete after 250.17 minutes.
72.12 complete after 250.18 minutes.
72.18 complete after 250.19 minutes.
72.25 complete after 250.20 minutes.
72.31 complete after 250.21 minutes.
72.37 complete after 250.22 minutes.
72.43 complete after 250.23 minutes.
72.50 complete after 250.23 minutes.
72.56 complete after 250.24 minutes.
72.62 complete after 250.25 minutes.
72.69 complete after 250.26 minutes.
72.75 complete after 250.27 minutes.
72.81 complete after 250.27 minutes.
72.87 complete after 250.28 minutes.
72.94 complete after 250.29 minutes.
73.00 complete after 250.30 minutes.
73.06 complete after 250.41 minutes.
73.13 complete after 250.59 minutes.
73.19 complete after 250.79 minutes.
73.25 complete after 250.98 minutes.
73.31 complete after 251.16 minutes.
73.38 complete after 251.36 minutes.
73.44 complete after 251.56 minutes.
73.50 complete after 251.74 minutes.
73.57 complete after 251.92 minutes.
73.63 complete after 252.09 minutes.
73.69 complete after 252.30 minutes.
73.75 complete after 252.49 minutes.
73.82 complete after 252.70 minutes.
73.88 complete after 252.88 minutes.
73.94 complete after 253.08 minutes.
74.01 complete after 253.27 minutes.
74.07 complete after 253.49 minutes.
74.13 complete after 253.67 minutes.
74.19 complete after 253.84 minutes.
74.26 complete after 254.02 minutes.
74.32 complete after 254.21 minutes.
74.38 complete after 254.39 minutes.
74.45 complete after 254.58 minutes.
74.51 complete after 254.75 minutes.
74.57 complete after 254.91 minutes.
74.63 complete after 255.10 minutes.
74.70 complete after 255.30 minutes.
74.76 complete after 255.48 minutes.
74.82 complete after 255.69 minutes.
74.89 complete after 255.87 minutes.
74.95 complete after 256.06 minutes.
75.01 complete after 256.25 minutes.
75.07 complete after 256.45 minutes.
75.14 complete after 256.64 minutes.
75.20 complete after 256.84 minutes.
75.26 complete after 257.00 minutes.
75.33 complete after 257.20 minutes.
75.39 complete after 257.41 minutes.
75.45 complete after 257.62 minutes.
75.51 complete after 257.83 minutes.
75.58 complete after 258.03 minutes.
75.64 complete after 258.20 minutes.
75.70 complete after 258.39 minutes.
75.77 complete after 258.58 minutes.
75.83 complete after 258.78 minutes.
75.89 complete after 258.96 minutes.
75.95 complete after 259.14 minutes.
76.02 complete after 259.32 minutes.
76.08 complete after 259.50 minutes.
76.14 complete after 259.68 minutes.
76.21 complete after 259.87 minutes.
76.27 complete after 260.05 minutes.
76.33 complete after 260.24 minutes.
76.39 complete after 260.43 minutes.
76.46 complete after 260.63 minutes.
76.52 complete after 260.81 minutes.
76.58 complete after 260.97 minutes.
76.65 complete after 261.14 minutes.
76.71 complete after 261.34 minutes.
76.77 complete after 261.55 minutes.
76.84 complete after 261.75 minutes.
76.90 complete after 261.94 minutes.
76.96 complete after 262.15 minutes.
77.02 complete after 262.33 minutes.
77.09 complete after 262.51 minutes.
77.15 complete after 262.70 minutes.
77.21 complete after 262.87 minutes.
77.28 complete after 263.06 minutes.
77.34 complete after 263.22 minutes.
77.40 complete after 263.38 minutes.
77.46 complete after 263.57 minutes.
77.53 complete after 263.76 minutes.
77.59 complete after 263.96 minutes.
77.65 complete after 264.13 minutes.
77.72 complete after 264.34 minutes.
77.78 complete after 264.54 minutes.
77.84 complete after 264.70 minutes.
77.90 complete after 264.89 minutes.
77.97 complete after 265.09 minutes.
78.03 complete after 265.27 minutes.
78.09 complete after 265.47 minutes.
78.16 complete after 265.64 minutes.
78.22 complete after 265.84 minutes.
78.28 complete after 266.03 minutes.
78.34 complete after 266.20 minutes.
78.41 complete after 266.37 minutes.
78.47 complete after 266.55 minutes.
78.53 complete after 266.73 minutes.
78.60 complete after 266.91 minutes.
78.66 complete after 267.09 minutes.
78.72 complete after 267.26 minutes.
78.78 complete after 267.47 minutes.
78.85 complete after 267.66 minutes.
78.91 complete after 267.86 minutes.
78.97 complete after 268.06 minutes.
79.04 complete after 268.24 minutes.
79.10 complete after 268.41 minutes.
79.16 complete after 268.60 minutes.
79.22 complete after 268.78 minutes.
79.29 complete after 268.95 minutes.
79.35 complete after 269.13 minutes.
79.41 complete after 269.33 minutes.
79.48 complete after 269.51 minutes.
79.54 complete after 269.69 minutes.
79.60 complete after 269.87 minutes.
79.66 complete after 270.07 minutes.
79.73 complete after 270.27 minutes.
79.79 complete after 270.47 minutes.
79.85 complete after 270.68 minutes.
79.92 complete after 270.87 minutes.
79.98 complete after 271.05 minutes.
80.04 complete after 271.21 minutes.
80.10 complete after 271.38 minutes.
80.17 complete after 271.57 minutes.
80.23 complete after 271.78 minutes.
80.29 complete after 271.95 minutes.
80.36 complete after 272.11 minutes.
80.42 complete after 272.33 minutes.
80.48 complete after 272.51 minutes.
80.54 complete after 272.70 minutes.
80.61 complete after 272.89 minutes.
80.67 complete after 273.09 minutes.
80.73 complete after 273.29 minutes.
80.80 complete after 273.49 minutes.
80.86 complete after 273.68 minutes.
80.92 complete after 273.88 minutes.
80.98 complete after 274.07 minutes.
81.05 complete after 274.28 minutes.
81.11 complete after 274.49 minutes.
81.17 complete after 274.67 minutes.
81.24 complete after 274.83 minutes.
81.30 complete after 275.00 minutes.
81.36 complete after 275.17 minutes.
81.43 complete after 275.37 minutes.
81.49 complete after 275.56 minutes.
81.55 complete after 275.73 minutes.
81.61 complete after 275.90 minutes.
81.68 complete after 276.09 minutes.
81.74 complete after 276.31 minutes.
81.80 complete after 276.49 minutes.
81.87 complete after 276.68 minutes.
81.93 complete after 276.85 minutes.
81.99 complete after 277.05 minutes.
82.05 complete after 277.26 minutes.
82.12 complete after 277.44 minutes.
82.18 complete after 277.64 minutes.
82.24 complete after 277.81 minutes.
82.31 complete after 277.98 minutes.
82.37 complete after 278.15 minutes.
82.43 complete after 278.34 minutes.
82.49 complete after 278.56 minutes.
82.56 complete after 278.74 minutes.
82.62 complete after 278.92 minutes.
82.68 complete after 279.10 minutes.
82.75 complete after 279.28 minutes.
82.81 complete after 279.46 minutes.
82.87 complete after 279.62 minutes.
82.93 complete after 279.80 minutes.
83.00 complete after 279.96 minutes.
83.06 complete after 280.14 minutes.
83.12 complete after 280.33 minutes.
83.19 complete after 280.50 minutes.
83.25 complete after 280.66 minutes.
83.31 complete after 280.85 minutes.
83.37 complete after 281.05 minutes.
83.44 complete after 281.25 minutes.
83.50 complete after 281.43 minutes.
83.56 complete after 281.62 minutes.
83.63 complete after 281.80 minutes.
83.69 complete after 281.98 minutes.
83.75 complete after 282.16 minutes.
83.81 complete after 282.37 minutes.
83.88 complete after 282.56 minutes.
83.94 complete after 282.75 minutes.
84.00 complete after 282.94 minutes.
84.07 complete after 283.13 minutes.
84.13 complete after 283.31 minutes.
84.19 complete after 283.50 minutes.
84.25 complete after 283.71 minutes.
84.32 complete after 283.90 minutes.
84.38 complete after 284.10 minutes.
84.44 complete after 284.28 minutes.
84.51 complete after 284.48 minutes.
84.57 complete after 284.67 minutes.
84.63 complete after 284.82 minutes.
84.69 complete after 284.98 minutes.
84.76 complete after 285.15 minutes.
84.82 complete after 285.33 minutes.
84.88 complete after 285.51 minutes.
84.95 complete after 285.69 minutes.
85.01 complete after 285.88 minutes.
85.07 complete after 286.07 minutes.
85.13 complete after 286.27 minutes.
85.20 complete after 286.44 minutes.
85.26 complete after 286.61 minutes.
85.32 complete after 286.78 minutes.
85.39 complete after 286.96 minutes.
85.45 complete after 287.10 minutes.
85.51 complete after 287.31 minutes.
85.57 complete after 287.49 minutes.
85.64 complete after 287.70 minutes.
85.70 complete after 287.88 minutes.
85.76 complete after 288.05 minutes.
85.83 complete after 288.24 minutes.
85.89 complete after 288.42 minutes.
85.95 complete after 288.62 minutes.
86.02 complete after 288.80 minutes.
86.08 complete after 288.97 minutes.
86.14 complete after 289.15 minutes.
86.20 complete after 289.32 minutes.
86.27 complete after 289.53 minutes.
86.33 complete after 289.72 minutes.
86.39 complete after 289.91 minutes.
86.46 complete after 290.09 minutes.
86.52 complete after 290.28 minutes.
86.58 complete after 290.46 minutes.
86.64 complete after 290.64 minutes.
86.71 complete after 290.80 minutes.
86.77 complete after 291.00 minutes.
86.83 complete after 291.19 minutes.
86.90 complete after 291.39 minutes.
86.96 complete after 291.58 minutes.
87.02 complete after 291.74 minutes.
87.08 complete after 291.93 minutes.
87.15 complete after 292.13 minutes.
87.21 complete after 292.32 minutes.
87.27 complete after 292.50 minutes.
87.34 complete after 292.68 minutes.
87.40 complete after 292.86 minutes.
87.46 complete after 293.02 minutes.
87.52 complete after 293.19 minutes.
87.59 complete after 293.40 minutes.
87.65 complete after 293.60 minutes.
87.71 complete after 293.80 minutes.
87.78 complete after 294.00 minutes.
87.84 complete after 294.17 minutes.
87.90 complete after 294.35 minutes.
87.96 complete after 294.52 minutes.
88.03 complete after 294.70 minutes.
88.09 complete after 294.88 minutes.
88.15 complete after 295.09 minutes.
88.22 complete after 295.28 minutes.
88.28 complete after 295.46 minutes.
88.34 complete after 295.64 minutes.
88.40 complete after 295.81 minutes.
88.47 complete after 295.98 minutes.
88.53 complete after 296.17 minutes.
88.59 complete after 296.35 minutes.
88.66 complete after 296.55 minutes.
88.72 complete after 296.72 minutes.
88.78 complete after 296.88 minutes.
88.84 complete after 297.04 minutes.
88.91 complete after 297.22 minutes.
88.97 complete after 297.44 minutes.
89.03 complete after 297.61 minutes.
89.10 complete after 297.80 minutes.
89.16 complete after 297.95 minutes.
89.22 complete after 298.14 minutes.
89.28 complete after 298.34 minutes.
89.35 complete after 298.56 minutes.
89.41 complete after 298.75 minutes.
89.47 complete after 298.92 minutes.
89.54 complete after 299.09 minutes.
89.60 complete after 299.28 minutes.
89.66 complete after 299.47 minutes.
89.72 complete after 299.66 minutes.
89.79 complete after 299.83 minutes.
89.85 complete after 300.00 minutes.
89.91 complete after 300.18 minutes.
89.98 complete after 300.35 minutes.
90.04 complete after 300.54 minutes.
90.10 complete after 300.71 minutes.
90.16 complete after 300.87 minutes.
90.23 complete after 301.04 minutes.
90.29 complete after 301.21 minutes.
90.35 complete after 301.38 minutes.
90.42 complete after 301.55 minutes.
90.48 complete after 301.72 minutes.
90.54 complete after 301.88 minutes.
90.60 complete after 302.01 minutes.
90.67 complete after 302.17 minutes.
90.73 complete after 302.35 minutes.
90.79 complete after 302.52 minutes.
90.86 complete after 302.69 minutes.
90.92 complete after 302.87 minutes.
90.98 complete after 303.00 minutes.
91.05 complete after 303.15 minutes.
91.11 complete after 303.37 minutes.
91.17 complete after 303.55 minutes.
91.23 complete after 303.73 minutes.
91.30 complete after 303.89 minutes.
91.36 complete after 304.05 minutes.
91.42 complete after 304.22 minutes.
91.49 complete after 304.39 minutes.
91.55 complete after 304.56 minutes.
91.61 complete after 304.73 minutes.
91.67 complete after 304.88 minutes.
91.74 complete after 305.03 minutes.
91.80 complete after 305.21 minutes.
91.86 complete after 305.36 minutes.
91.93 complete after 305.55 minutes.
91.99 complete after 305.69 minutes.
92.05 complete after 305.86 minutes.
92.11 complete after 306.02 minutes.
92.18 complete after 306.18 minutes.
92.24 complete after 306.35 minutes.
92.30 complete after 306.55 minutes.
92.37 complete after 306.73 minutes.
92.43 complete after 306.88 minutes.
92.49 complete after 307.06 minutes.
92.55 complete after 307.24 minutes.
92.62 complete after 307.40 minutes.
92.68 complete after 307.59 minutes.
92.74 complete after 307.78 minutes.
92.81 complete after 307.97 minutes.
92.87 complete after 308.16 minutes.
92.93 complete after 308.35 minutes.
92.99 complete after 308.55 minutes.
93.06 complete after 308.70 minutes.
93.12 complete after 308.88 minutes.
93.18 complete after 309.04 minutes.
93.25 complete after 309.20 minutes.
93.31 complete after 309.39 minutes.
93.37 complete after 309.56 minutes.
93.43 complete after 309.73 minutes.
93.50 complete after 309.89 minutes.
93.56 complete after 310.07 minutes.
93.62 complete after 310.24 minutes.
93.69 complete after 310.41 minutes.
93.75 complete after 310.58 minutes.
93.81 complete after 310.79 minutes.
93.87 complete after 310.95 minutes.
93.94 complete after 311.14 minutes.
94.00 complete after 311.31 minutes.
94.06 complete after 311.46 minutes.
94.13 complete after 311.63 minutes.
94.19 complete after 311.82 minutes.
94.25 complete after 312.00 minutes.
94.31 complete after 312.16 minutes.
94.38 complete after 312.29 minutes.
94.44 complete after 312.47 minutes.
94.50 complete after 312.66 minutes.
94.57 complete after 312.81 minutes.
94.63 complete after 312.95 minutes.
94.69 complete after 313.11 minutes.
94.75 complete after 313.29 minutes.
94.82 complete after 313.48 minutes.
94.88 complete after 313.65 minutes.
94.94 complete after 313.82 minutes.
95.01 complete after 313.96 minutes.
95.07 complete after 314.13 minutes.
95.13 complete after 314.33 minutes.
95.19 complete after 314.44 minutes.
95.26 complete after 314.59 minutes.
95.32 complete after 314.72 minutes.
95.38 complete after 314.85 minutes.
95.45 complete after 314.97 minutes.
95.51 complete after 314.99 minutes.
95.57 complete after 315.06 minutes.
95.64 complete after 315.09 minutes.
95.70 complete after 315.19 minutes.
95.76 complete after 315.29 minutes.
95.82 complete after 315.37 minutes.
95.89 complete after 315.49 minutes.
95.95 complete after 315.51 minutes.
96.01 complete after 315.52 minutes.
96.08 complete after 315.53 minutes.
96.14 complete after 315.54 minutes.
96.20 complete after 315.70 minutes.
96.26 complete after 315.92 minutes.
96.33 complete after 316.11 minutes.
96.39 complete after 316.34 minutes.
96.45 complete after 316.58 minutes.
96.52 complete after 316.79 minutes.
96.58 complete after 317.01 minutes.
96.64 complete after 317.21 minutes.
96.70 complete after 317.45 minutes.
96.77 complete after 317.68 minutes.
96.83 complete after 317.91 minutes.
96.89 complete after 318.10 minutes.
96.96 complete after 318.32 minutes.
97.02 complete after 318.54 minutes.
97.08 complete after 318.75 minutes.
97.14 complete after 318.98 minutes.
97.21 complete after 319.21 minutes.
97.27 complete after 319.42 minutes.
97.33 complete after 319.63 minutes.
97.40 complete after 319.84 minutes.
97.46 complete after 320.05 minutes.
97.52 complete after 320.24 minutes.
97.58 complete after 320.45 minutes.
97.65 complete after 320.66 minutes.
97.71 complete after 320.89 minutes.
97.77 complete after 321.11 minutes.
97.84 complete after 321.32 minutes.
97.90 complete after 321.47 minutes.
97.96 complete after 321.66 minutes.
98.02 complete after 321.88 minutes.
98.09 complete after 322.10 minutes.
98.15 complete after 322.34 minutes.
98.21 complete after 322.57 minutes.
98.28 complete after 322.82 minutes.
98.34 complete after 323.03 minutes.
98.40 complete after 323.27 minutes.
98.46 complete after 323.52 minutes.
98.53 complete after 323.74 minutes.
98.59 complete after 323.98 minutes.
98.65 complete after 324.19 minutes.
98.72 complete after 324.43 minutes.
98.78 complete after 324.65 minutes.
98.84 complete after 324.87 minutes.
98.90 complete after 325.05 minutes.
98.97 complete after 325.27 minutes.
99.03 complete after 325.51 minutes.
99.09 complete after 325.72 minutes.
99.16 complete after 325.94 minutes.
99.22 complete after 326.16 minutes.
99.28 complete after 326.38 minutes.
99.34 complete after 326.60 minutes.
99.41 complete after 326.81 minutes.
99.47 complete after 327.03 minutes.
99.53 complete after 327.03 minutes.
99.60 complete after 327.04 minutes.
99.66 complete after 327.04 minutes.
99.72 complete after 327.04 minutes.
99.78 complete after 327.08 minutes.
99.85 complete after 327.10 minutes.
99.91 complete after 327.11 minutes.
99.97 complete after 327.13 minutes.
0.8078054853434942
TARGETID ROSETTE BGS_Z_SUCCESS INSAMPLE BGS_Z_WEIGHT BGS_A_WEIGHT       VOLUME               MRH              REF_GMR0P1          REF_GMR0P0             ZMAX                 IVMAX                VONVMAX      
-------- ------- ------------- -------- ------------ ------------ ------------------ ------------------- ------------------- ------------------- -------------------- ---------------------- -------------------
       0   -99.0           1.0      1.0          1.0          1.0  80760.21450642147 -17.397299195187244  0.5706801657915367  0.5319278986852018  0.07802794686956278  3.419735460079853e-06  0.2761785693112649
       1   -99.0           1.0      1.0          1.0          1.0 19033645.035352297 -21.428458804402904  0.5560876941825513  0.5245845025978818   0.5149487694996098 1.5882676684058723e-08    0.30230523021564
       2   -99.0           1.0      1.0          1.0          1.0  6759498.504960184  -21.10919440066263  0.8399983738258814  0.7703383967436309   0.3370814141844462 5.0051278688084944e-08 0.33832154346345567
       3   -99.0           1.0      1.0          1.0          1.0 18255383.601645816  -21.58088355147735  0.8329401903766268   0.768812270083069   0.3971426827726566   3.18850980336968e-08  0.5820746957812177
       4   -99.0           1.0      1.0          1.0          1.0  53601365.84367257 -21.674344292158015  0.6111636873574794  0.5710547018753381   0.5507865551296445 1.3314736126865265e-08   0.713688042248069
       5   -99.0           1.0      0.0          1.0          1.0              -99.0               -99.0               -99.0               -99.0                -99.0                  -99.0               -99.0
       6   -99.0           1.0      1.0          1.0          1.0  35139983.16078155  -21.72763937371446  0.6837061245354721  0.6445974249121365  0.43395086062359806 2.5071315949106612e-08  0.8810056202702402
       7   -99.0           1.0      1.0          1.0          1.0   35.1760067547945 -12.458663532006243 -0.6929039075736543 -0.6594678064006539 0.008174203089765797  0.0028614491062348138 0.10065435308941649
       8   -99.0           1.0      1.0          1.0          1.0 237748.12436690132 -19.149497518979377  0.5625237813728928  0.5262410742274964  0.17648164471144825  3.139526290518541e-07 0.07464164869713585
       9   -99.0           1.0      1.0          1.0          1.0   893568.710770863 -18.844298602309088 0.48855903419104374 0.46480143628739795   0.1540963463660178  4.650420228687704e-07  0.4155470008291214
     ...     ...           ...      ...          ...          ...                ...                 ...                 ...                 ...                  ...                    ...                 ...
  159031   -99.0           1.0      0.0          1.0          1.0              -99.0               -99.0               -99.0               -99.0                -99.0                  -99.0               -99.0
  159032   -99.0           1.0      0.0          1.0          1.0              -99.0               -99.0               -99.0               -99.0                -99.0                  -99.0               -99.0
  159033   -99.0           1.0      0.0          1.0          1.0              -99.0               -99.0               -99.0               -99.0                -99.0                  -99.0               -99.0
  159034   -99.0           1.0      0.0          1.0          1.0              -99.0               -99.0               -99.0               -99.0                -99.0                  -99.0               -99.0
  159035   -99.0           1.0      0.0          1.0          1.0              -99.0               -99.0               -99.0               -99.0                -99.0                  -99.0               -99.0
  159036   -99.0           1.0      0.0          1.0          1.0              -99.0               -99.0               -99.0               -99.0                -99.0                  -99.0               -99.0
  159037   -99.0           1.0      0.0          1.0          1.0              -99.0               -99.0               -99.0               -99.0                -99.0                  -99.0               -99.0
  159038   -99.0           1.0      0.0          1.0          1.0              -99.0               -99.0               -99.0               -99.0                -99.0                  -99.0               -99.0
  159039   -99.0           1.0      0.0          1.0          1.0              -99.0               -99.0               -99.0               -99.0                -99.0                  -99.0               -99.0
  159040   -99.0           1.0      0.0          1.0          1.0              -99.0               -99.0               -99.0               -99.0                -99.0                  -99.0               -99.0
  159041   -99.0           1.0      0.0          1.0          1.0              -99.0               -99.0               -99.0               -99.0                -99.0                  -99.0               -99.0
Length = 159042 rows
Finished writing to /global/cscratch1/sd/mjwilson/desi/BGS/lumfn//GAMA/bright_derived_v0.1.fits
